<?xml version="1.0" ?>
<coverage version="7.14.3" timestamp="1782349541394" lines-valid="9245" lines-covered="7564" line-rate="0.8182" branches-valid="3120" branches-covered="2276" branch-rate="0.7295" complexity="0">
	<!-- Generated by coverage.py: https://coverage.readthedocs.io/en/7.14.3 -->
	<!-- Based on https://raw.githubusercontent.com/cobertura/web/master/htdocs/xml/coverage-04.dtd -->
	<sources>
		<source>/home/snt-pedro/Snt/Ilane/tornado</source>
	</sources>
	<packages>
		<package name="." line-rate="0" branch-rate="0" complexity="0">
			<classes>
				<class name="extract_metrics_before_codecarbon.py" filename="extract_metrics_before_codecarbon.py" complexity="0" line-rate="0" branch-rate="0">
					<methods/>
					<lines>
						<line number="1" hits="0"/>
						<line number="2" hits="0"/>
						<line number="3" hits="0"/>
						<line number="4" hits="0"/>
						<line number="9" hits="0"/>
						<line number="12" hits="0"/>
						<line number="16" hits="0"/>
						<line number="26" hits="0"/>
						<line number="29" hits="0"/>
						<line number="32" hits="0"/>
						<line number="34" hits="0"/>
						<line number="43" hits="0"/>
						<line number="44" hits="0"/>
						<line number="45" hits="0" branch="true" condition-coverage="0% (0/2)" missing-branches="46,48"/>
						<line number="46" hits="0"/>
						<line number="48" hits="0"/>
						<line number="50" hits="0"/>
						<line number="51" hits="0"/>
						<line number="55" hits="0"/>
						<line number="56" hits="0"/>
						<line number="57" hits="0"/>
						<line number="58" hits="0"/>
						<line number="60" hits="0"/>
						<line number="62" hits="0"/>
						<line number="63" hits="0"/>
						<line number="64" hits="0"/>
						<line number="65" hits="0"/>
						<line number="66" hits="0"/>
					</lines>
				</class>
				<class name="extract_metrics_before_pylint.py" filename="extract_metrics_before_pylint.py" complexity="0" line-rate="0" branch-rate="0">
					<methods/>
					<lines>
						<line number="1" hits="0"/>
						<line number="2" hits="0"/>
						<line number="3" hits="0"/>
						<line number="4" hits="0"/>
						<line number="5" hits="0"/>
						<line number="8" hits="0"/>
						<line number="9" hits="0"/>
						<line number="11" hits="0"/>
						<line number="14" hits="0"/>
						<line number="16" hits="0"/>
						<line number="24" hits="0"/>
						<line number="25" hits="0"/>
						<line number="26" hits="0"/>
						<line number="27" hits="0"/>
						<line number="30" hits="0"/>
						<line number="31" hits="0"/>
						<line number="32" hits="0"/>
						<line number="33" hits="0"/>
						<line number="34" hits="0"/>
						<line number="36" hits="0" branch="true" condition-coverage="0% (0/2)" missing-branches="37,41"/>
						<line number="37" hits="0"/>
						<line number="38" hits="0"/>
						<line number="41" hits="0"/>
						<line number="42" hits="0" branch="true" condition-coverage="0% (0/2)" missing-branches="43,46"/>
						<line number="43" hits="0"/>
						<line number="44" hits="0"/>
						<line number="46" hits="0"/>
						<line number="54" hits="0" branch="true" condition-coverage="0% (0/2)" missing-branches="55,60"/>
						<line number="55" hits="0"/>
						<line number="56" hits="0"/>
						<line number="57" hits="0"/>
						<line number="58" hits="0"/>
						<line number="60" hits="0"/>
						<line number="63" hits="0"/>
						<line number="64" hits="0"/>
						<line number="65" hits="0"/>
						<line number="66" hits="0"/>
						<line number="67" hits="0"/>
						<line number="73" hits="0"/>
						<line number="76" hits="0"/>
						<line number="77" hits="0" branch="true" condition-coverage="0% (0/2)" missing-branches="78,83"/>
						<line number="78" hits="0"/>
						<line number="79" hits="0"/>
						<line number="80" hits="0"/>
						<line number="81" hits="0"/>
						<line number="83" hits="0"/>
						<line number="91" hits="0"/>
						<line number="92" hits="0"/>
						<line number="93" hits="0"/>
						<line number="94" hits="0"/>
						<line number="97" hits="0"/>
						<line number="98" hits="0"/>
						<line number="106" hits="0"/>
						<line number="107" hits="0"/>
						<line number="108" hits="0"/>
						<line number="109" hits="0"/>
						<line number="110" hits="0"/>
						<line number="112" hits="0"/>
					</lines>
				</class>
				<class name="extract_metrics_before_pytest.py" filename="extract_metrics_before_pytest.py" complexity="0" line-rate="0" branch-rate="0">
					<methods/>
					<lines>
						<line number="1" hits="0"/>
						<line number="2" hits="0"/>
						<line number="3" hits="0"/>
						<line number="4" hits="0"/>
						<line number="9" hits="0"/>
						<line number="13" hits="0"/>
						<line number="16" hits="0"/>
						<line number="19" hits="0"/>
						<line number="21" hits="0" branch="true" condition-coverage="0% (0/2)" missing-branches="22,27"/>
						<line number="22" hits="0" branch="true" condition-coverage="0% (0/2)" missing-branches="23,27"/>
						<line number="23" hits="0" branch="true" condition-coverage="0% (0/2)" missing-branches="22,24"/>
						<line number="24" hits="0"/>
						<line number="25" hits="0"/>
						<line number="27" hits="0" branch="true" condition-coverage="0% (0/2)" missing-branches="28,34"/>
						<line number="28" hits="0"/>
						<line number="29" hits="0"/>
						<line number="30" hits="0"/>
						<line number="31" hits="0"/>
						<line number="34" hits="0"/>
						<line number="36" hits="0"/>
						<line number="37" hits="0"/>
						<line number="38" hits="0"/>
						<line number="39" hits="0"/>
						<line number="41" hits="0"/>
						<line number="61" hits="0"/>
						<line number="62" hits="0"/>
						<line number="63" hits="0"/>
						<line number="64" hits="0"/>
						<line number="65" hits="0"/>
						<line number="66" hits="0"/>
						<line number="67" hits="0"/>
						<line number="68" hits="0"/>
					</lines>
				</class>
				<class name="extract_metrics_before_radon.py" filename="extract_metrics_before_radon.py" complexity="0" line-rate="0" branch-rate="0">
					<methods/>
					<lines>
						<line number="1" hits="0"/>
						<line number="2" hits="0"/>
						<line number="3" hits="0"/>
						<line number="4" hits="0"/>
						<line number="6" hits="0"/>
						<line number="7" hits="0"/>
						<line number="10" hits="0"/>
						<line number="11" hits="0"/>
						<line number="12" hits="0"/>
						<line number="14" hits="0"/>
						<line number="15" hits="0"/>
						<line number="16" hits="0"/>
						<line number="17" hits="0"/>
						<line number="18" hits="0"/>
						<line number="19" hits="0"/>
						<line number="20" hits="0"/>
						<line number="21" hits="0"/>
						<line number="24" hits="0"/>
						<line number="25" hits="0"/>
						<line number="27" hits="0"/>
						<line number="28" hits="0"/>
						<line number="29" hits="0"/>
						<line number="30" hits="0"/>
						<line number="31" hits="0"/>
						<line number="32" hits="0"/>
						<line number="33" hits="0"/>
						<line number="34" hits="0"/>
						<line number="36" hits="0"/>
						<line number="38" hits="0"/>
						<line number="42" hits="0"/>
						<line number="45" hits="0"/>
						<line number="46" hits="0"/>
						<line number="47" hits="0"/>
						<line number="48" hits="0"/>
						<line number="49" hits="0"/>
						<line number="50" hits="0"/>
						<line number="53" hits="0" branch="true" condition-coverage="0% (0/2)" missing-branches="54,61"/>
						<line number="54" hits="0"/>
						<line number="61" hits="0"/>
						<line number="62" hits="0"/>
						<line number="63" hits="0" branch="true" condition-coverage="0% (0/2)" missing-branches="64,78"/>
						<line number="64" hits="0" branch="true" condition-coverage="0% (0/2)" missing-branches="65,66"/>
						<line number="65" hits="0"/>
						<line number="66" hits="0"/>
						<line number="76" hits="0" branch="true" condition-coverage="0% (0/2)" missing-branches="63,77"/>
						<line number="77" hits="0"/>
						<line number="78" hits="0"/>
						<line number="80" hits="0"/>
						<line number="82" hits="0" branch="true" condition-coverage="0% (0/2)" missing-branches="83,120"/>
						<line number="83" hits="0"/>
						<line number="84" hits="0" branch="true" condition-coverage="0% (0/2)" missing-branches="85,92"/>
						<line number="85" hits="0"/>
						<line number="86" hits="0" branch="true" condition-coverage="0% (0/2)" missing-branches="87,88"/>
						<line number="87" hits="0"/>
						<line number="88" hits="0"/>
						<line number="89" hits="0"/>
						<line number="90" hits="0"/>
						<line number="92" hits="0" branch="true" condition-coverage="0% (0/2)" missing-branches="93,107"/>
						<line number="93" hits="0"/>
						<line number="94" hits="0"/>
						<line number="95" hits="0"/>
						<line number="107" hits="0"/>
						<line number="120" hits="0"/>
						<line number="122" hits="0" branch="true" condition-coverage="0% (0/2)" missing-branches="123,147"/>
						<line number="123" hits="0"/>
						<line number="125" hits="0"/>
						<line number="126" hits="0"/>
						<line number="127" hits="0" branch="true" condition-coverage="0% (0/2)" missing-branches="128,130"/>
						<line number="128" hits="0"/>
						<line number="129" hits="0"/>
						<line number="130" hits="0"/>
						<line number="132" hits="0" branch="true" condition-coverage="0% (0/2)" missing-branches="122,133"/>
						<line number="133" hits="0"/>
						<line number="134" hits="0"/>
						<line number="135" hits="0" branch="true" condition-coverage="0% (0/2)" missing-branches="136,138"/>
						<line number="136" hits="0"/>
						<line number="137" hits="0"/>
						<line number="138" hits="0"/>
						<line number="140" hits="0"/>
						<line number="141" hits="0" branch="true" condition-coverage="0% (0/2)" missing-branches="142,144"/>
						<line number="142" hits="0"/>
						<line number="143" hits="0"/>
						<line number="144" hits="0"/>
						<line number="147" hits="0"/>
						<line number="149" hits="0" branch="true" condition-coverage="0% (0/2)" missing-branches="150,157"/>
						<line number="150" hits="0"/>
						<line number="151" hits="0" branch="true" condition-coverage="0% (0/2)" missing-branches="152,155"/>
						<line number="152" hits="0"/>
						<line number="153" hits="0"/>
						<line number="154" hits="0"/>
						<line number="155" hits="0"/>
						<line number="157" hits="0"/>
						<line number="160" hits="0"/>
						<line number="161" hits="0" branch="true" condition-coverage="0% (0/2)" missing-branches="162,164"/>
						<line number="162" hits="0"/>
						<line number="163" hits="0"/>
						<line number="164" hits="0" branch="true" condition-coverage="0% (0/2)" missing-branches="165,166"/>
						<line number="165" hits="0"/>
						<line number="166" hits="0"/>
						<line number="167" hits="0"/>
						<line number="168" hits="0"/>
						<line number="169" hits="0"/>
						<line number="170" hits="0"/>
						<line number="171" hits="0"/>
						<line number="173" hits="0"/>
						<line number="174" hits="0"/>
						<line number="175" hits="0"/>
						<line number="176" hits="0"/>
						<line number="177" hits="0"/>
						<line number="178" hits="0"/>
						<line number="180" hits="0"/>
					</lines>
				</class>
				<class name="extract_score_before_pylint.py" filename="extract_score_before_pylint.py" complexity="0" line-rate="0" branch-rate="0">
					<methods/>
					<lines>
						<line number="1" hits="0"/>
						<line number="2" hits="0"/>
						<line number="4" hits="0"/>
						<line number="5" hits="0"/>
						<line number="7" hits="0"/>
						<line number="9" hits="0"/>
						<line number="16" hits="0"/>
						<line number="17" hits="0"/>
						<line number="18" hits="0" branch="true" condition-coverage="0% (0/2)" missing-branches="19,23"/>
						<line number="19" hits="0" branch="true" condition-coverage="0% (0/2)" missing-branches="18,20"/>
						<line number="20" hits="0"/>
						<line number="21" hits="0"/>
						<line number="23" hits="0"/>
					</lines>
				</class>
				<class name="setup.py" filename="setup.py" complexity="0" line-rate="0" branch-rate="0">
					<methods/>
					<lines>
						<line number="18" hits="0"/>
						<line number="19" hits="0"/>
						<line number="20" hits="0"/>
						<line number="21" hits="0"/>
						<line number="24" hits="0"/>
						<line number="26" hits="0"/>
						<line number="27" hits="0"/>
						<line number="28" hits="0"/>
						<line number="29" hits="0"/>
						<line number="31" hits="0"/>
						<line number="32" hits="0"/>
						<line number="33" hits="0"/>
						<line number="35" hits="0" branch="true" condition-coverage="0% (0/2)" missing-branches="40,76"/>
						<line number="40" hits="0"/>
						<line number="42" hits="0" branch="true" condition-coverage="0% (0/2)" missing-branches="49,53"/>
						<line number="49" hits="0"/>
						<line number="50" hits="0"/>
						<line number="53" hits="0"/>
						<line number="54" hits="0"/>
						<line number="58" hits="0"/>
						<line number="72" hits="0" branch="true" condition-coverage="0% (0/2)" missing-branches="73,76"/>
						<line number="73" hits="0"/>
						<line number="76" hits="0"/>
					</lines>
				</class>
			</classes>
		</package>
		<package name="tornado" line-rate="0.8423" branch-rate="0.7443" complexity="0">
			<classes>
				<class name="__init__.py" filename="tornado/__init__.py" complexity="0" line-rate="1" branch-rate="1">
					<methods/>
					<lines>
						<line number="25" hits="1"/>
						<line number="26" hits="1"/>
						<line number="28" hits="1"/>
						<line number="29" hits="1"/>
						<line number="31" hits="1"/>
						<line number="64" hits="1"/>
						<line number="65" hits="1" branch="true" condition-coverage="100% (2/2)"/>
						<line number="66" hits="1"/>
						<line number="67" hits="1"/>
					</lines>
				</class>
				<class name="_locale_data.py" filename="tornado/_locale_data.py" complexity="0" line-rate="1" branch-rate="1">
					<methods/>
					<lines>
						<line number="17" hits="1"/>
					</lines>
				</class>
				<class name="auth.py" filename="tornado/auth.py" complexity="0" line-rate="0.9054" branch-rate="0.627">
					<methods/>
					<lines>
						<line number="72" hits="1"/>
						<line number="73" hits="1"/>
						<line number="74" hits="1"/>
						<line number="75" hits="1"/>
						<line number="76" hits="1"/>
						<line number="77" hits="1"/>
						<line number="78" hits="1"/>
						<line number="79" hits="1"/>
						<line number="80" hits="1"/>
						<line number="81" hits="1"/>
						<line number="82" hits="1"/>
						<line number="84" hits="1"/>
						<line number="85" hits="1"/>
						<line number="86" hits="1"/>
						<line number="87" hits="1"/>
						<line number="90" hits="1"/>
						<line number="91" hits="1"/>
						<line number="94" hits="1"/>
						<line number="106" hits="1"/>
						<line number="107" hits="1"/>
						<line number="113" hits="1"/>
						<line number="134" hits="1"/>
						<line number="135" hits="1"/>
						<line number="136" hits="1"/>
						<line number="137" hits="1"/>
						<line number="138" hits="1"/>
						<line number="139" hits="1"/>
						<line number="141" hits="1"/>
						<line number="159" hits="1"/>
						<line number="161" hits="1"/>
						<line number="164" hits="1"/>
						<line number="165" hits="1"/>
						<line number="166" hits="1" branch="true" condition-coverage="50% (1/2)" missing-branches="167"/>
						<line number="167" hits="0"/>
						<line number="168" hits="1"/>
						<line number="171" hits="1"/>
						<line number="173" hits="1"/>
						<line number="179" hits="1"/>
						<line number="180" hits="1"/>
						<line number="181" hits="1"/>
						<line number="189" hits="1" branch="true" condition-coverage="50% (1/2)" missing-branches="217"/>
						<line number="190" hits="1"/>
						<line number="196" hits="1"/>
						<line number="197" hits="1"/>
						<line number="198" hits="1" branch="true" condition-coverage="50% (1/2)" missing-branches="208"/>
						<line number="199" hits="1"/>
						<line number="200" hits="1"/>
						<line number="201" hits="1"/>
						<line number="208" hits="1"/>
						<line number="213" hits="1" branch="true" condition-coverage="100% (2/2)"/>
						<line number="214" hits="1"/>
						<line number="215" hits="1"/>
						<line number="216" hits="1"/>
						<line number="217" hits="1" branch="true" condition-coverage="50% (1/2)" missing-branches="218"/>
						<line number="218" hits="0"/>
						<line number="225" hits="1"/>
						<line number="227" hits="1"/>
						<line number="230" hits="1"/>
						<line number="231" hits="1" branch="true" condition-coverage="50% (1/2)" missing-branches="232"/>
						<line number="232" hits="0"/>
						<line number="235" hits="1"/>
						<line number="236" hits="1" branch="true" condition-coverage="50% (1/2)" missing-branches="244"/>
						<line number="237" hits="1" branch="true" condition-coverage="100% (2/2)"/>
						<line number="241" hits="1"/>
						<line number="242" hits="1"/>
						<line number="244" hits="1"/>
						<line number="245" hits="1" branch="true" condition-coverage="50% (1/2)" missing-branches="246"/>
						<line number="246" hits="0"/>
						<line number="247" hits="1"/>
						<line number="248" hits="1"/>
						<line number="249" hits="1" branch="true" condition-coverage="100% (2/2)"/>
						<line number="250" hits="1" branch="true" condition-coverage="100% (2/2)"/>
						<line number="251" hits="1"/>
						<line number="252" hits="1"/>
						<line number="253" hits="1"/>
						<line number="254" hits="1" branch="true" condition-coverage="100% (2/2)"/>
						<line number="255" hits="1"/>
						<line number="256" hits="1"/>
						<line number="258" hits="1"/>
						<line number="259" hits="1"/>
						<line number="260" hits="1"/>
						<line number="261" hits="1"/>
						<line number="262" hits="1"/>
						<line number="263" hits="1"/>
						<line number="264" hits="1"/>
						<line number="265" hits="1"/>
						<line number="266" hits="1" branch="true" condition-coverage="50% (1/2)" missing-branches="267"/>
						<line number="267" hits="0"/>
						<line number="268" hits="0"/>
						<line number="269" hits="1" branch="true" condition-coverage="50% (1/2)" missing-branches="270"/>
						<line number="270" hits="0"/>
						<line number="271" hits="0"/>
						<line number="272" hits="1" branch="true" condition-coverage="50% (1/2)" missing-branches="273"/>
						<line number="273" hits="0"/>
						<line number="274" hits="1" branch="true" condition-coverage="50% (1/2)" missing-branches="275"/>
						<line number="275" hits="0"/>
						<line number="276" hits="1" branch="true" condition-coverage="50% (1/2)" missing-branches="278"/>
						<line number="277" hits="1"/>
						<line number="278" hits="1" branch="true" condition-coverage="50% (1/2)" missing-branches="280"/>
						<line number="279" hits="1"/>
						<line number="280" hits="1" branch="true" condition-coverage="50% (1/2)" missing-branches="281"/>
						<line number="281" hits="0"/>
						<line number="282" hits="1" branch="true" condition-coverage="50% (1/2)" missing-branches="283"/>
						<line number="283" hits="0"/>
						<line number="284" hits="1"/>
						<line number="285" hits="1" branch="true" condition-coverage="50% (1/2)" missing-branches="286"/>
						<line number="286" hits="0"/>
						<line number="287" hits="1"/>
						<line number="289" hits="1"/>
						<line number="295" hits="0"/>
						<line number="298" hits="1"/>
						<line number="315" hits="1"/>
						<line number="348" hits="1" branch="true" condition-coverage="50% (1/2)" missing-branches="349"/>
						<line number="349" hits="0"/>
						<line number="350" hits="1" branch="true" condition-coverage="100% (2/2)"/>
						<line number="351" hits="1"/>
						<line number="352" hits="1"/>
						<line number="353" hits="1" branch="true" condition-coverage="100% (2/2)"/>
						<line number="354" hits="1"/>
						<line number="360" hits="1"/>
						<line number="361" hits="1"/>
						<line number="362" hits="1"/>
						<line number="364" hits="1"/>
						<line number="382" hits="1"/>
						<line number="383" hits="1"/>
						<line number="384" hits="1"/>
						<line number="385" hits="1"/>
						<line number="386" hits="1" branch="true" condition-coverage="50% (1/2)" missing-branches="387"/>
						<line number="387" hits="0"/>
						<line number="388" hits="1"/>
						<line number="389" hits="1"/>
						<line number="392" hits="1" branch="true" condition-coverage="50% (1/2)" missing-branches="393"/>
						<line number="393" hits="0"/>
						<line number="394" hits="1"/>
						<line number="395" hits="1" branch="true" condition-coverage="50% (1/2)" missing-branches="396"/>
						<line number="396" hits="0"/>
						<line number="397" hits="1" branch="true" condition-coverage="100% (2/2)"/>
						<line number="398" hits="1"/>
						<line number="399" hits="1"/>
						<line number="400" hits="1"/>
						<line number="401" hits="1"/>
						<line number="402" hits="1"/>
						<line number="403" hits="1" branch="true" condition-coverage="50% (1/2)" missing-branches="404"/>
						<line number="404" hits="0"/>
						<line number="405" hits="1"/>
						<line number="406" hits="1"/>
						<line number="408" hits="1"/>
						<line number="413" hits="1"/>
						<line number="414" hits="1"/>
						<line number="415" hits="1"/>
						<line number="416" hits="1"/>
						<line number="423" hits="1" branch="true" condition-coverage="100% (2/2)"/>
						<line number="424" hits="1" branch="true" condition-coverage="50% (1/2)" missing-branches="425"/>
						<line number="425" hits="0"/>
						<line number="426" hits="1" branch="true" condition-coverage="50% (1/2)" missing-branches="427"/>
						<line number="427" hits="0"/>
						<line number="430" hits="1" branch="true" condition-coverage="50% (1/2)" missing-branches="431"/>
						<line number="431" hits="0"/>
						<line number="432" hits="1"/>
						<line number="434" hits="1"/>
						<line number="436" hits="1"/>
						<line number="437" hits="1"/>
						<line number="439" hits="1"/>
						<line number="445" hits="1"/>
						<line number="446" hits="1"/>
						<line number="447" hits="1"/>
						<line number="452" hits="1"/>
						<line number="453" hits="1"/>
						<line number="454" hits="1" branch="true" condition-coverage="50% (1/2)" missing-branches="455"/>
						<line number="455" hits="0"/>
						<line number="456" hits="0"/>
						<line number="457" hits="1" branch="true" condition-coverage="50% (1/2)" missing-branches="458"/>
						<line number="458" hits="0"/>
						<line number="461" hits="1"/>
						<line number="463" hits="1"/>
						<line number="464" hits="1"/>
						<line number="465" hits="1"/>
						<line number="466" hits="1"/>
						<line number="474" hits="1" branch="true" condition-coverage="50% (1/2)" missing-branches="475"/>
						<line number="475" hits="0"/>
						<line number="477" hits="1" branch="true" condition-coverage="100% (2/2)"/>
						<line number="478" hits="1"/>
						<line number="482" hits="1"/>
						<line number="486" hits="1"/>
						<line number="487" hits="1"/>
						<line number="489" hits="1"/>
						<line number="494" hits="0"/>
						<line number="496" hits="1"/>
						<line number="518" hits="0"/>
						<line number="520" hits="1"/>
						<line number="532" hits="1"/>
						<line number="533" hits="1"/>
						<line number="541" hits="1"/>
						<line number="542" hits="1"/>
						<line number="543" hits="1"/>
						<line number="544" hits="1" branch="true" condition-coverage="100% (2/2)"/>
						<line number="545" hits="1"/>
						<line number="549" hits="1"/>
						<line number="552" hits="1"/>
						<line number="553" hits="1"/>
						<line number="555" hits="1"/>
						<line number="561" hits="1"/>
						<line number="564" hits="1"/>
						<line number="576" hits="1"/>
						<line number="602" hits="1" branch="true" condition-coverage="50% (1/2)" missing-branches="603"/>
						<line number="603" hits="0"/>
						<line number="604" hits="1"/>
						<line number="605" hits="1"/>
						<line number="606" hits="1" branch="true" condition-coverage="100% (2/2)"/>
						<line number="607" hits="1"/>
						<line number="608" hits="1" branch="true" condition-coverage="100% (2/2)"/>
						<line number="609" hits="1"/>
						<line number="610" hits="1" branch="true" condition-coverage="100% (2/2)"/>
						<line number="611" hits="1"/>
						<line number="612" hits="1" branch="true" condition-coverage="100% (2/2)"/>
						<line number="613" hits="1"/>
						<line number="614" hits="1"/>
						<line number="615" hits="1"/>
						<line number="617" hits="1"/>
						<line number="625" hits="1"/>
						<line number="626" hits="1"/>
						<line number="627" hits="1" branch="true" condition-coverage="50% (1/2)" missing-branches="629"/>
						<line number="628" hits="1"/>
						<line number="629" hits="1" branch="true" condition-coverage="50% (1/2)" missing-branches="631"/>
						<line number="630" hits="1"/>
						<line number="631" hits="1" branch="true" condition-coverage="50% (1/2)" missing-branches="633"/>
						<line number="632" hits="1"/>
						<line number="633" hits="1" branch="true" condition-coverage="50% (1/2)" missing-branches="635"/>
						<line number="634" hits="1"/>
						<line number="635" hits="1" branch="true" condition-coverage="50% (1/2)" missing-branches="636"/>
						<line number="636" hits="0"/>
						<line number="637" hits="1"/>
						<line number="639" hits="1"/>
						<line number="676" hits="1"/>
						<line number="677" hits="1" branch="true" condition-coverage="50% (1/2)" missing-branches="681"/>
						<line number="678" hits="1"/>
						<line number="679" hits="1"/>
						<line number="681" hits="1" branch="true" condition-coverage="50% (1/2)" missing-branches="683"/>
						<line number="682" hits="1"/>
						<line number="683" hits="1"/>
						<line number="684" hits="1" branch="true" condition-coverage="50% (1/2)" missing-branches="685"/>
						<line number="685" hits="0"/>
						<line number="689" hits="1"/>
						<line number="690" hits="1"/>
						<line number="692" hits="1"/>
						<line number="700" hits="1"/>
						<line number="703" hits="1"/>
						<line number="739" hits="1"/>
						<line number="740" hits="1"/>
						<line number="741" hits="1"/>
						<line number="742" hits="1"/>
						<line number="743" hits="1"/>
						<line number="744" hits="1"/>
						<line number="746" hits="1"/>
						<line number="762" hits="1"/>
						<line number="763" hits="1"/>
						<line number="766" hits="1"/>
						<line number="768" hits="1"/>
						<line number="813" hits="1" branch="true" condition-coverage="50% (1/2)" missing-branches="816"/>
						<line number="816" hits="0"/>
						<line number="818" hits="1"/>
						<line number="820" hits="1" branch="true" condition-coverage="50% (1/2)" missing-branches="829"/>
						<line number="821" hits="1"/>
						<line number="822" hits="1"/>
						<line number="823" hits="1"/>
						<line number="824" hits="1"/>
						<line number="825" hits="1"/>
						<line number="828" hits="1"/>
						<line number="829" hits="1" branch="true" condition-coverage="50% (1/2)" missing-branches="831"/>
						<line number="830" hits="1"/>
						<line number="831" hits="1"/>
						<line number="832" hits="1" branch="true" condition-coverage="50% (1/2)" missing-branches="833"/>
						<line number="833" hits="0"/>
						<line number="837" hits="1"/>
						<line number="838" hits="1"/>
						<line number="840" hits="1"/>
						<line number="841" hits="1"/>
						<line number="842" hits="1"/>
						<line number="843" hits="1"/>
						<line number="844" hits="1"/>
						<line number="849" hits="1"/>
						<line number="852" hits="1"/>
						<line number="855" hits="1" branch="true" condition-coverage="50% (1/2)" missing-branches="857"/>
						<line number="856" hits="1"/>
						<line number="857" hits="1"/>
						<line number="860" hits="1"/>
						<line number="884" hits="1"/>
						<line number="885" hits="1"/>
						<line number="886" hits="1"/>
						<line number="887" hits="1"/>
						<line number="888" hits="1"/>
						<line number="890" hits="1"/>
						<line number="903" hits="1"/>
						<line number="904" hits="1"/>
						<line number="906" hits="1"/>
						<line number="964" hits="1" branch="true" condition-coverage="50% (1/2)" missing-branches="970"/>
						<line number="965" hits="1"/>
						<line number="966" hits="1" branch="true" condition-coverage="50% (1/2)" missing-branches="968"/>
						<line number="967" hits="1"/>
						<line number="968" hits="1" branch="true" condition-coverage="50% (1/2)" missing-branches="970"/>
						<line number="969" hits="1"/>
						<line number="970" hits="1"/>
						<line number="971" hits="1"/>
						<line number="981" hits="1"/>
						<line number="987" hits="1"/>
						<line number="990" hits="1"/>
						<line number="993" hits="1"/>
						<line number="994" hits="1"/>
						<line number="995" hits="1"/>
						<line number="996" hits="1"/>
						<line number="998" hits="1"/>
						<line number="1051" hits="1"/>
						<line number="1052" hits="1"/>
						<line number="1059" hits="1"/>
						<line number="1060" hits="1" branch="true" condition-coverage="50% (1/2)" missing-branches="1061"/>
						<line number="1061" hits="0"/>
						<line number="1063" hits="1"/>
						<line number="1066" hits="1"/>
						<line number="1067" hits="1"/>
						<line number="1071" hits="1"/>
						<line number="1073" hits="1"/>
						<line number="1084" hits="1" branch="true" condition-coverage="50% (1/2)" missing-branches="1085"/>
						<line number="1085" hits="0"/>
						<line number="1087" hits="1"/>
						<line number="1088" hits="1" branch="true" condition-coverage="100% (2/2)"/>
						<line number="1089" hits="1"/>
						<line number="1095" hits="1"/>
						<line number="1101" hits="1"/>
						<line number="1103" hits="1"/>
						<line number="1157" hits="1"/>
						<line number="1158" hits="1"/>
						<line number="1163" hits="1"/>
						<line number="1174" hits="1"/>
						<line number="1175" hits="1"/>
						<line number="1176" hits="1"/>
						<line number="1178" hits="1"/>
						<line number="1179" hits="1"/>
						<line number="1180" hits="1"/>
						<line number="1181" hits="1"/>
						<line number="1184" hits="1"/>
						<line number="1186" hits="1"/>
						<line number="1187" hits="1"/>
						<line number="1188" hits="1"/>
						<line number="1190" hits="1"/>
						<line number="1191" hits="1"/>
						<line number="1194" hits="1"/>
						<line number="1205" hits="1"/>
						<line number="1206" hits="1"/>
						<line number="1207" hits="1"/>
						<line number="1209" hits="1"/>
						<line number="1210" hits="1"/>
						<line number="1211" hits="1"/>
						<line number="1212" hits="1"/>
						<line number="1216" hits="1"/>
						<line number="1217" hits="1"/>
						<line number="1218" hits="1"/>
						<line number="1221" hits="1"/>
						<line number="1223" hits="1"/>
						<line number="1224" hits="1"/>
						<line number="1227" hits="1"/>
						<line number="1228" hits="1" branch="true" condition-coverage="50% (1/2)" missing-branches="1230"/>
						<line number="1229" hits="1"/>
						<line number="1230" hits="1"/>
						<line number="1233" hits="1"/>
						<line number="1237" hits="1"/>
						<line number="1238" hits="1"/>
						<line number="1239" hits="1"/>
						<line number="1242" hits="1"/>
						<line number="1243" hits="1"/>
						<line number="1244" hits="1"/>
					</lines>
				</class>
				<class name="autoreload.py" filename="tornado/autoreload.py" complexity="0" line-rate="0" branch-rate="0">
					<methods/>
					<lines>
						<line number="46" hits="0"/>
						<line number="47" hits="0"/>
						<line number="67" hits="0" branch="true" condition-coverage="0% (0/2)" missing-branches="74,77"/>
						<line number="74" hits="0" branch="true" condition-coverage="0% (0/2)" missing-branches="75,77"/>
						<line number="75" hits="0"/>
						<line number="77" hits="0"/>
						<line number="78" hits="0"/>
						<line number="79" hits="0"/>
						<line number="80" hits="0"/>
						<line number="81" hits="0"/>
						<line number="82" hits="0"/>
						<line number="83" hits="0"/>
						<line number="84" hits="0"/>
						<line number="85" hits="0"/>
						<line number="87" hits="0"/>
						<line number="88" hits="0"/>
						<line number="90" hits="0"/>
						<line number="91" hits="0"/>
						<line number="92" hits="0"/>
						<line number="93" hits="0"/>
						<line number="95" hits="0"/>
						<line number="100" hits="0"/>
						<line number="102" hits="0"/>
						<line number="103" hits="0"/>
						<line number="104" hits="0"/>
						<line number="105" hits="0"/>
						<line number="108" hits="0"/>
						<line number="109" hits="0"/>
						<line number="110" hits="0"/>
						<line number="113" hits="0"/>
						<line number="119" hits="0"/>
						<line number="120" hits="0" branch="true" condition-coverage="0% (0/2)" missing-branches="121,122"/>
						<line number="121" hits="0"/>
						<line number="122" hits="0"/>
						<line number="123" hits="0" branch="true" condition-coverage="0% (0/2)" missing-branches="124,125"/>
						<line number="124" hits="0"/>
						<line number="125" hits="0"/>
						<line number="126" hits="0"/>
						<line number="127" hits="0"/>
						<line number="128" hits="0"/>
						<line number="131" hits="0"/>
						<line number="138" hits="0"/>
						<line number="139" hits="0"/>
						<line number="140" hits="0"/>
						<line number="143" hits="0"/>
						<line number="148" hits="0"/>
						<line number="151" hits="0"/>
						<line number="158" hits="0"/>
						<line number="161" hits="0"/>
						<line number="162" hits="0" branch="true" condition-coverage="0% (0/2)" missing-branches="164,165"/>
						<line number="164" hits="0"/>
						<line number="165" hits="0" branch="true" condition-coverage="0% (0/2)" missing-branches="169,170"/>
						<line number="169" hits="0"/>
						<line number="170" hits="0" branch="true" condition-coverage="0% (0/2)" missing-branches="175,183"/>
						<line number="175" hits="0" branch="true" condition-coverage="0% (0/2)" missing-branches="176,177"/>
						<line number="176" hits="0"/>
						<line number="177" hits="0"/>
						<line number="178" hits="0" branch="true" condition-coverage="0% (0/2)" missing-branches="179,180"/>
						<line number="179" hits="0"/>
						<line number="180" hits="0" branch="true" condition-coverage="0% (0/2)" missing-branches="181,182"/>
						<line number="181" hits="0"/>
						<line number="182" hits="0"/>
						<line number="183" hits="0" branch="true" condition-coverage="0% (0/2)" missing-branches="exit,184"/>
						<line number="184" hits="0"/>
						<line number="187" hits="0"/>
						<line number="188" hits="0"/>
						<line number="189" hits="0"/>
						<line number="190" hits="0"/>
						<line number="191" hits="0"/>
						<line number="192" hits="0" branch="true" condition-coverage="0% (0/2)" missing-branches="193,195"/>
						<line number="193" hits="0"/>
						<line number="194" hits="0"/>
						<line number="195" hits="0" branch="true" condition-coverage="0% (0/2)" missing-branches="exit,196"/>
						<line number="196" hits="0"/>
						<line number="197" hits="0"/>
						<line number="200" hits="0"/>
						<line number="202" hits="0"/>
						<line number="203" hits="0" branch="true" condition-coverage="0% (0/2)" missing-branches="204,205"/>
						<line number="204" hits="0"/>
						<line number="205" hits="0" branch="true" condition-coverage="0% (0/2)" missing-branches="209,214"/>
						<line number="209" hits="0"/>
						<line number="214" hits="0" branch="true" condition-coverage="0% (0/2)" missing-branches="215,219"/>
						<line number="215" hits="0"/>
						<line number="216" hits="0"/>
						<line number="217" hits="0"/>
						<line number="219" hits="0"/>
						<line number="220" hits="0"/>
						<line number="221" hits="0" branch="true" condition-coverage="0% (0/2)" missing-branches="230,232"/>
						<line number="230" hits="0"/>
						<line number="232" hits="0" branch="true" condition-coverage="0% (0/2)" missing-branches="233,236"/>
						<line number="233" hits="0"/>
						<line number="234" hits="0"/>
						<line number="236" hits="0"/>
						<line number="239" hits="0"/>
						<line number="245" hits="0"/>
						<line number="266" hits="0"/>
						<line number="268" hits="0"/>
						<line number="272" hits="0"/>
						<line number="273" hits="0"/>
						<line number="274" hits="0"/>
						<line number="275" hits="0"/>
						<line number="276" hits="0"/>
						<line number="278" hits="0"/>
						<line number="283" hits="0"/>
						<line number="284" hits="0"/>
						<line number="285" hits="0"/>
						<line number="290" hits="0"/>
						<line number="291" hits="0" branch="true" condition-coverage="0% (0/2)" missing-branches="292,298"/>
						<line number="292" hits="0" branch="true" condition-coverage="0% (0/2)" missing-branches="293,295"/>
						<line number="293" hits="0"/>
						<line number="294" hits="0"/>
						<line number="295" hits="0"/>
						<line number="296" hits="0"/>
						<line number="298" hits="0"/>
						<line number="299" hits="0"/>
						<line number="303" hits="0"/>
						<line number="304" hits="0"/>
						<line number="305" hits="0"/>
						<line number="307" hits="0" branch="true" condition-coverage="0% (0/2)" missing-branches="308,310"/>
						<line number="308" hits="0"/>
						<line number="310" hits="0"/>
						<line number="311" hits="0"/>
						<line number="312" hits="0"/>
						<line number="313" hits="0"/>
						<line number="314" hits="0"/>
						<line number="315" hits="0"/>
						<line number="316" hits="0"/>
						<line number="321" hits="0" branch="true" condition-coverage="0% (0/2)" missing-branches="322,323"/>
						<line number="322" hits="0"/>
						<line number="323" hits="0" branch="true" condition-coverage="0% (0/2)" missing-branches="327,333"/>
						<line number="327" hits="0" branch="true" condition-coverage="0% (0/2)" missing-branches="328,333"/>
						<line number="328" hits="0"/>
						<line number="330" hits="0"/>
						<line number="331" hits="0"/>
						<line number="333" hits="0"/>
						<line number="335" hits="0" branch="true" condition-coverage="0% (0/2)" missing-branches="336,342"/>
						<line number="336" hits="0"/>
						<line number="339" hits="0"/>
						<line number="340" hits="0" branch="true" condition-coverage="0% (0/2)" missing-branches="341,342"/>
						<line number="341" hits="0"/>
						<line number="342" hits="0" branch="true" condition-coverage="0% (0/2)" missing-branches="343,344"/>
						<line number="343" hits="0"/>
						<line number="344" hits="0"/>
						<line number="347" hits="0" branch="true" condition-coverage="0% (0/2)" missing-branches="exit,350"/>
						<line number="350" hits="0"/>
					</lines>
				</class>
				<class name="concurrent.py" filename="tornado/concurrent.py" complexity="0" line-rate="0.9125" branch-rate="0.8182">
					<methods/>
					<lines>
						<line number="28" hits="1"/>
						<line number="29" hits="1"/>
						<line number="30" hits="1"/>
						<line number="31" hits="1"/>
						<line number="32" hits="1"/>
						<line number="33" hits="1"/>
						<line number="34" hits="1"/>
						<line number="35" hits="1"/>
						<line number="37" hits="1"/>
						<line number="39" hits="1"/>
						<line number="42" hits="1"/>
						<line number="44" hits="1"/>
						<line number="47" hits="1"/>
						<line number="49" hits="1"/>
						<line number="52" hits="1"/>
						<line number="53" hits="1"/>
						<line number="56" hits="1"/>
						<line number="57" hits="1"/>
						<line number="60" hits="1"/>
						<line number="61" hits="1"/>
						<line number="62" hits="1"/>
						<line number="63" hits="1"/>
						<line number="64" hits="1"/>
						<line number="65" hits="1"/>
						<line number="67" hits="1"/>
						<line number="68" hits="0"/>
						<line number="71" hits="1"/>
						<line number="74" hits="1"/>
						<line number="117" hits="1"/>
						<line number="118" hits="1"/>
						<line number="120" hits="1"/>
						<line number="121" hits="1"/>
						<line number="122" hits="1"/>
						<line number="123" hits="1"/>
						<line number="124" hits="1"/>
						<line number="125" hits="1"/>
						<line number="127" hits="1"/>
						<line number="129" hits="1" branch="true" condition-coverage="50% (1/2)" missing-branches="130"/>
						<line number="130" hits="0"/>
						<line number="131" hits="1" branch="true" condition-coverage="100% (2/2)"/>
						<line number="132" hits="1"/>
						<line number="133" hits="1" branch="true" condition-coverage="50% (1/2)" missing-branches="134"/>
						<line number="134" hits="0"/>
						<line number="135" hits="1"/>
						<line number="138" hits="1"/>
						<line number="141" hits="1"/>
						<line number="157" hits="1"/>
						<line number="158" hits="1" branch="true" condition-coverage="100% (2/2)"/>
						<line number="159" hits="1"/>
						<line number="160" hits="1" branch="true" condition-coverage="50% (1/2)" missing-branches="161"/>
						<line number="161" hits="0"/>
						<line number="163" hits="1"/>
						<line number="164" hits="1" branch="true" condition-coverage="100% (2/2)"/>
						<line number="165" hits="1"/>
						<line number="167" hits="1"/>
						<line number="169" hits="1" branch="true" condition-coverage="100% (2/2)"/>
						<line number="170" hits="1"/>
						<line number="173" hits="1"/>
						<line number="175" hits="1"/>
						<line number="178" hits="1"/>
						<line number="188" hits="1" branch="true" condition-coverage="100% (2/2)"/>
						<line number="189" hits="1"/>
						<line number="192" hits="1"/>
						<line number="208" hits="1" branch="true" condition-coverage="100% (2/2)"/>
						<line number="209" hits="1"/>
						<line number="211" hits="1"/>
						<line number="214" hits="1"/>
						<line number="231" hits="1" branch="true" condition-coverage="50% (1/2)" missing-branches="232"/>
						<line number="232" hits="0"/>
						<line number="233" hits="1"/>
						<line number="236" hits="1"/>
						<line number="237" hits="1"/>
						<line number="240" hits="0"/>
						<line number="243" hits="1"/>
						<line number="244" hits="1"/>
						<line number="247" hits="0"/>
						<line number="250" hits="1"/>
						<line number="263" hits="1" branch="true" condition-coverage="100% (2/2)"/>
						<line number="264" hits="1"/>
						<line number="266" hits="1"/>
					</lines>
				</class>
				<class name="curl_httpclient.py" filename="tornado/curl_httpclient.py" complexity="0" line-rate="0" branch-rate="0">
					<methods/>
					<lines>
						<line number="18" hits="0"/>
						<line number="19" hits="0"/>
						<line number="20" hits="0"/>
						<line number="21" hits="0"/>
						<line number="22" hits="0"/>
						<line number="23" hits="0"/>
						<line number="24" hits="0"/>
						<line number="25" hits="0"/>
						<line number="26" hits="0"/>
						<line number="27" hits="0"/>
						<line number="29" hits="0"/>
						<line number="31" hits="0"/>
						<line number="32" hits="0"/>
						<line number="33" hits="0"/>
						<line number="40" hits="0"/>
						<line number="42" hits="0"/>
						<line number="44" hits="0"/>
						<line number="47" hits="0"/>
						<line number="48" hits="0"/>
						<line number="51" hits="0"/>
						<line number="53" hits="0"/>
						<line number="54" hits="0"/>
						<line number="55" hits="0"/>
						<line number="56" hits="0"/>
						<line number="57" hits="0"/>
						<line number="58" hits="0"/>
						<line number="61" hits="0"/>
						<line number="62" hits="0"/>
						<line number="69" hits="0"/>
						<line number="70" hits="0"/>
						<line number="71" hits="0"/>
						<line number="73" hits="0"/>
						<line number="74" hits="0" branch="true" condition-coverage="0% (0/2)" missing-branches="75,76"/>
						<line number="75" hits="0"/>
						<line number="76" hits="0" branch="true" condition-coverage="0% (0/2)" missing-branches="77,78"/>
						<line number="77" hits="0"/>
						<line number="78" hits="0"/>
						<line number="79" hits="0"/>
						<line number="84" hits="0"/>
						<line number="86" hits="0"/>
						<line number="89" hits="0"/>
						<line number="90" hits="0"/>
						<line number="91" hits="0"/>
						<line number="93" hits="0"/>
						<line number="97" hits="0"/>
						<line number="103" hits="0" branch="true" condition-coverage="0% (0/2)" missing-branches="104,108"/>
						<line number="104" hits="0" branch="true" condition-coverage="0% (0/2)" missing-branches="exit,105"/>
						<line number="105" hits="0"/>
						<line number="106" hits="0"/>
						<line number="108" hits="0"/>
						<line number="117" hits="0" branch="true" condition-coverage="0% (0/2)" missing-branches="118,119"/>
						<line number="118" hits="0"/>
						<line number="119" hits="0"/>
						<line number="120" hits="0"/>
						<line number="122" hits="0"/>
						<line number="124" hits="0" branch="true" condition-coverage="0% (0/2)" missing-branches="125,126"/>
						<line number="125" hits="0"/>
						<line number="126" hits="0"/>
						<line number="130" hits="0"/>
						<line number="134" hits="0"/>
						<line number="135" hits="0" branch="true" condition-coverage="0% (0/2)" missing-branches="136,137"/>
						<line number="136" hits="0"/>
						<line number="137" hits="0" branch="true" condition-coverage="0% (0/2)" missing-branches="138,139"/>
						<line number="138" hits="0"/>
						<line number="139" hits="0"/>
						<line number="140" hits="0"/>
						<line number="141" hits="0"/>
						<line number="142" hits="0"/>
						<line number="143" hits="0"/>
						<line number="144" hits="0" branch="true" condition-coverage="0% (0/2)" missing-branches="139,145"/>
						<line number="145" hits="0"/>
						<line number="146" hits="0"/>
						<line number="148" hits="0"/>
						<line number="150" hits="0"/>
						<line number="151" hits="0"/>
						<line number="152" hits="0"/>
						<line number="153" hits="0"/>
						<line number="154" hits="0"/>
						<line number="155" hits="0"/>
						<line number="156" hits="0" branch="true" condition-coverage="0% (0/2)" missing-branches="151,157"/>
						<line number="157" hits="0"/>
						<line number="158" hits="0"/>
						<line number="173" hits="0"/>
						<line number="174" hits="0" branch="true" condition-coverage="0% (0/2)" missing-branches="exit,175"/>
						<line number="175" hits="0"/>
						<line number="177" hits="0"/>
						<line number="181" hits="0"/>
						<line number="182" hits="0"/>
						<line number="183" hits="0" branch="true" condition-coverage="0% (0/2)" missing-branches="184,185"/>
						<line number="184" hits="0"/>
						<line number="185" hits="0" branch="true" condition-coverage="0% (0/2)" missing-branches="186,187"/>
						<line number="186" hits="0"/>
						<line number="187" hits="0" branch="true" condition-coverage="0% (0/2)" missing-branches="181,188"/>
						<line number="188" hits="0"/>
						<line number="189" hits="0"/>
						<line number="191" hits="0"/>
						<line number="192" hits="0"/>
						<line number="193" hits="0"/>
						<line number="194" hits="0" branch="true" condition-coverage="0% (0/2)" missing-branches="195,230"/>
						<line number="195" hits="0"/>
						<line number="196" hits="0"/>
						<line number="197" hits="0"/>
						<line number="199" hits="0"/>
						<line number="208" hits="0"/>
						<line number="209" hits="0"/>
						<line number="215" hits="0"/>
						<line number="224" hits="0"/>
						<line number="225" hits="0"/>
						<line number="226" hits="0"/>
						<line number="228" hits="0"/>
						<line number="230" hits="0" branch="true" condition-coverage="0% (0/2)" missing-branches="192,231"/>
						<line number="231" hits="0"/>
						<line number="233" hits="0"/>
						<line number="239" hits="0"/>
						<line number="240" hits="0"/>
						<line number="241" hits="0"/>
						<line number="242" hits="0"/>
						<line number="243" hits="0" branch="true" condition-coverage="0% (0/2)" missing-branches="244,252"/>
						<line number="244" hits="0"/>
						<line number="245" hits="0"/>
						<line number="246" hits="0"/>
						<line number="247" hits="0"/>
						<line number="248" hits="0"/>
						<line number="249" hits="0"/>
						<line number="250" hits="0"/>
						<line number="252" hits="0"/>
						<line number="253" hits="0"/>
						<line number="254" hits="0"/>
						<line number="255" hits="0"/>
						<line number="258" hits="0"/>
						<line number="268" hits="0"/>
						<line number="269" hits="0"/>
						<line number="283" hits="0"/>
						<line number="284" hits="0"/>
						<line number="285" hits="0"/>
						<line number="286" hits="0"/>
						<line number="288" hits="0"/>
						<line number="289" hits="0"/>
						<line number="291" hits="0"/>
						<line number="292" hits="0"/>
						<line number="294" hits="0"/>
						<line number="301" hits="0" branch="true" condition-coverage="0% (0/2)" missing-branches="302,304"/>
						<line number="302" hits="0"/>
						<line number="303" hits="0"/>
						<line number="304" hits="0" branch="true" condition-coverage="0% (0/2)" missing-branches="307,310"/>
						<line number="307" hits="0"/>
						<line number="308" hits="0"/>
						<line number="310" hits="0"/>
						<line number="320" hits="0" branch="true" condition-coverage="0% (0/2)" missing-branches="321,324"/>
						<line number="321" hits="0"/>
						<line number="324" hits="0" branch="true" condition-coverage="0% (0/2)" missing-branches="325,327"/>
						<line number="325" hits="0"/>
						<line number="327" hits="0"/>
						<line number="332" hits="0" branch="true" condition-coverage="0% (0/2)" missing-branches="333,335"/>
						<line number="333" hits="0" branch="true" condition-coverage="0% (0/2)" missing-branches="332,334"/>
						<line number="334" hits="0"/>
						<line number="335" hits="0"/>
						<line number="337" hits="0"/>
						<line number="343" hits="0" branch="true" condition-coverage="0% (0/2)" missing-branches="345,358"/>
						<line number="345" hits="0" branch="true" condition-coverage="0% (0/2)" missing-branches="348,352"/>
						<line number="348" hits="0"/>
						<line number="352" hits="0"/>
						<line number="353" hits="0"/>
						<line number="354" hits="0"/>
						<line number="355" hits="0"/>
						<line number="358" hits="0"/>
						<line number="359" hits="0"/>
						<line number="360" hits="0"/>
						<line number="361" hits="0"/>
						<line number="362" hits="0"/>
						<line number="363" hits="0"/>
						<line number="364" hits="0"/>
						<line number="365" hits="0"/>
						<line number="366" hits="0" branch="true" condition-coverage="0% (0/2)" missing-branches="367,369"/>
						<line number="367" hits="0"/>
						<line number="369" hits="0"/>
						<line number="370" hits="0" branch="true" condition-coverage="0% (0/2)" missing-branches="371,372"/>
						<line number="371" hits="0"/>
						<line number="372" hits="0" branch="true" condition-coverage="0% (0/2)" missing-branches="373,375"/>
						<line number="373" hits="0"/>
						<line number="375" hits="0"/>
						<line number="376" hits="0" branch="true" condition-coverage="0% (0/2)" missing-branches="377,395"/>
						<line number="377" hits="0"/>
						<line number="378" hits="0"/>
						<line number="379" hits="0" branch="true" condition-coverage="0% (0/2)" missing-branches="380,386"/>
						<line number="380" hits="0"/>
						<line number="381" hits="0"/>
						<line number="384" hits="0"/>
						<line number="386" hits="0" branch="true" condition-coverage="0% (0/2)" missing-branches="387,388"/>
						<line number="387" hits="0"/>
						<line number="388" hits="0" branch="true" condition-coverage="0% (0/2)" missing-branches="389,391"/>
						<line number="389" hits="0"/>
						<line number="391" hits="0"/>
						<line number="395" hits="0"/>
						<line number="396" hits="0"/>
						<line number="397" hits="0"/>
						<line number="398" hits="0"/>
						<line number="399" hits="0"/>
						<line number="400" hits="0" branch="true" condition-coverage="0% (0/2)" missing-branches="401,404"/>
						<line number="401" hits="0"/>
						<line number="402" hits="0"/>
						<line number="404" hits="0"/>
						<line number="405" hits="0"/>
						<line number="406" hits="0" branch="true" condition-coverage="0% (0/2)" missing-branches="407,415"/>
						<line number="407" hits="0"/>
						<line number="415" hits="0"/>
						<line number="417" hits="0" branch="true" condition-coverage="0% (0/2)" missing-branches="420,422"/>
						<line number="420" hits="0"/>
						<line number="422" hits="0"/>
						<line number="426" hits="0"/>
						<line number="432" hits="0"/>
						<line number="433" hits="0" branch="true" condition-coverage="0% (0/2)" missing-branches="434,435"/>
						<line number="434" hits="0"/>
						<line number="435" hits="0" branch="true" condition-coverage="0% (0/2)" missing-branches="436,438"/>
						<line number="436" hits="0"/>
						<line number="437" hits="0"/>
						<line number="438" hits="0" branch="true" condition-coverage="0% (0/2)" missing-branches="439,441"/>
						<line number="439" hits="0"/>
						<line number="441" hits="0"/>
						<line number="443" hits="0"/>
						<line number="444" hits="0"/>
						<line number="445" hits="0" branch="true" condition-coverage="0% (0/2)" missing-branches="449,458"/>
						<line number="449" hits="0" branch="true" condition-coverage="0% (0/2)" missing-branches="452,458"/>
						<line number="452" hits="0"/>
						<line number="458" hits="0" branch="true" condition-coverage="0% (0/2)" missing-branches="459,480"/>
						<line number="459" hits="0" branch="true" condition-coverage="0% (0/2)" missing-branches="465,466"/>
						<line number="465" hits="0"/>
						<line number="466" hits="0"/>
						<line number="468" hits="0"/>
						<line number="469" hits="0"/>
						<line number="470" hits="0"/>
						<line number="472" hits="0"/>
						<line number="473" hits="0"/>
						<line number="474" hits="0" branch="true" condition-coverage="0% (0/2)" missing-branches="475,477"/>
						<line number="475" hits="0"/>
						<line number="477" hits="0"/>
						<line number="478" hits="0"/>
						<line number="480" hits="0" branch="true" condition-coverage="0% (0/2)" missing-branches="481,500"/>
						<line number="481" hits="0"/>
						<line number="482" hits="0" branch="true" condition-coverage="0% (0/2)" missing-branches="483,484"/>
						<line number="483" hits="0"/>
						<line number="484" hits="0" branch="true" condition-coverage="0% (0/2)" missing-branches="485,487"/>
						<line number="485" hits="0"/>
						<line number="487" hits="0"/>
						<line number="489" hits="0"/>
						<line number="492" hits="0"/>
						<line number="493" hits="0"/>
						<line number="500" hits="0"/>
						<line number="501" hits="0"/>
						<line number="503" hits="0" branch="true" condition-coverage="0% (0/2)" missing-branches="504,506"/>
						<line number="504" hits="0"/>
						<line number="506" hits="0" branch="true" condition-coverage="0% (0/2)" missing-branches="507,509"/>
						<line number="507" hits="0"/>
						<line number="509" hits="0" branch="true" condition-coverage="0% (0/2)" missing-branches="510,512"/>
						<line number="510" hits="0"/>
						<line number="512" hits="0" branch="true" condition-coverage="0% (0/2)" missing-branches="521,522"/>
						<line number="521" hits="0"/>
						<line number="522" hits="0" branch="true" condition-coverage="0% (0/2)" missing-branches="exit,523"/>
						<line number="523" hits="0"/>
						<line number="525" hits="0"/>
						<line number="531" hits="0"/>
						<line number="532" hits="0" branch="true" condition-coverage="0% (0/2)" missing-branches="533,536"/>
						<line number="533" hits="0"/>
						<line number="536" hits="0"/>
						<line number="537" hits="0" branch="true" condition-coverage="0% (0/2)" missing-branches="538,546"/>
						<line number="538" hits="0"/>
						<line number="539" hits="0"/>
						<line number="540" hits="0"/>
						<line number="543" hits="0"/>
						<line number="544" hits="0"/>
						<line number="545" hits="0"/>
						<line number="546" hits="0" branch="true" condition-coverage="0% (0/2)" missing-branches="547,548"/>
						<line number="547" hits="0"/>
						<line number="548" hits="0"/>
						<line number="550" hits="0"/>
						<line number="551" hits="0"/>
						<line number="552" hits="0" branch="true" condition-coverage="0% (0/2)" missing-branches="553,555"/>
						<line number="553" hits="0"/>
						<line number="554" hits="0"/>
						<line number="555" hits="0" branch="true" condition-coverage="0% (0/2)" missing-branches="556,559"/>
						<line number="556" hits="0"/>
						<line number="557" hits="0" branch="true" condition-coverage="0% (0/2)" missing-branches="exit,558"/>
						<line number="558" hits="0"/>
						<line number="559" hits="0" branch="true" condition-coverage="0% (0/2)" missing-branches="exit,560"/>
						<line number="560" hits="0"/>
						<line number="563" hits="0"/>
						<line number="564" hits="0"/>
						<line number="565" hits="0"/>
						<line number="566" hits="0"/>
						<line number="569" hits="0" branch="true" condition-coverage="0% (0/2)" missing-branches="exit,570"/>
						<line number="570" hits="0"/>
						<line number="571" hits="0"/>
					</lines>
				</class>
				<class name="escape.py" filename="tornado/escape.py" complexity="0" line-rate="0.8968" branch-rate="0.8542">
					<methods/>
					<lines>
						<line number="28" hits="1"/>
						<line number="29" hits="1"/>
						<line number="30" hits="1"/>
						<line number="31" hits="1"/>
						<line number="32" hits="1"/>
						<line number="33" hits="1"/>
						<line number="34" hits="1"/>
						<line number="36" hits="1"/>
						<line number="39" hits="1"/>
						<line number="59" hits="1"/>
						<line number="62" hits="1"/>
						<line number="77" hits="1"/>
						<line number="83" hits="1"/>
						<line number="96" hits="1"/>
						<line number="99" hits="1"/>
						<line number="104" hits="1"/>
						<line number="107" hits="1"/>
						<line number="109" hits="1"/>
						<line number="112" hits="1"/>
						<line number="127" hits="1"/>
						<line number="128" hits="1"/>
						<line number="131" hits="1"/>
						<line number="132" hits="1"/>
						<line number="133" hits="0"/>
						<line number="136" hits="1"/>
						<line number="137" hits="1"/>
						<line number="138" hits="0"/>
						<line number="141" hits="1"/>
						<line number="161" hits="1" branch="true" condition-coverage="100% (2/2)"/>
						<line number="162" hits="1" branch="true" condition-coverage="100% (2/2)"/>
						<line number="164" hits="1"/>
						<line number="165" hits="1"/>
						<line number="167" hits="1"/>
						<line number="168" hits="1"/>
						<line number="171" hits="1"/>
						<line number="183" hits="1" branch="true" condition-coverage="100% (2/2)"/>
						<line number="184" hits="1"/>
						<line number="185" hits="1"/>
						<line number="188" hits="1"/>
						<line number="189" hits="1" branch="true" condition-coverage="100% (2/2)"/>
						<line number="190" hits="1"/>
						<line number="191" hits="1"/>
						<line number="194" hits="1"/>
						<line number="197" hits="1"/>
						<line number="198" hits="1"/>
						<line number="199" hits="0"/>
						<line number="202" hits="1"/>
						<line number="203" hits="1"/>
						<line number="204" hits="0"/>
						<line number="207" hits="1"/>
						<line number="208" hits="1"/>
						<line number="209" hits="0"/>
						<line number="212" hits="1"/>
						<line number="218" hits="1" branch="true" condition-coverage="100% (2/2)"/>
						<line number="219" hits="1"/>
						<line number="220" hits="1" branch="true" condition-coverage="50% (1/2)" missing-branches="221"/>
						<line number="221" hits="0"/>
						<line number="222" hits="1"/>
						<line number="225" hits="1"/>
						<line number="228" hits="1"/>
						<line number="229" hits="1"/>
						<line number="230" hits="0"/>
						<line number="233" hits="1"/>
						<line number="234" hits="1"/>
						<line number="235" hits="0"/>
						<line number="238" hits="1"/>
						<line number="239" hits="1"/>
						<line number="240" hits="0"/>
						<line number="243" hits="1"/>
						<line number="249" hits="1" branch="true" condition-coverage="100% (2/2)"/>
						<line number="250" hits="1"/>
						<line number="251" hits="1" branch="true" condition-coverage="50% (1/2)" missing-branches="252"/>
						<line number="252" hits="0"/>
						<line number="253" hits="1"/>
						<line number="258" hits="1"/>
						<line number="262" hits="1"/>
						<line number="263" hits="1"/>
						<line number="266" hits="1"/>
						<line number="271" hits="1" branch="true" condition-coverage="100% (2/2)"/>
						<line number="272" hits="1"/>
						<line number="273" hits="1" branch="true" condition-coverage="100% (2/2)"/>
						<line number="274" hits="1"/>
						<line number="275" hits="1" branch="true" condition-coverage="100% (2/2)"/>
						<line number="276" hits="1"/>
						<line number="277" hits="1" branch="true" condition-coverage="100% (2/2)"/>
						<line number="278" hits="1"/>
						<line number="280" hits="1"/>
						<line number="290" hits="1"/>
						<line number="297" hits="1"/>
						<line number="333" hits="1" branch="true" condition-coverage="100% (2/2)"/>
						<line number="334" hits="1"/>
						<line number="336" hits="1"/>
						<line number="337" hits="1"/>
						<line number="338" hits="1"/>
						<line number="339" hits="1" branch="true" condition-coverage="100% (2/2)"/>
						<line number="340" hits="1"/>
						<line number="342" hits="1" branch="true" condition-coverage="100% (2/2)"/>
						<line number="343" hits="1"/>
						<line number="345" hits="1"/>
						<line number="346" hits="1" branch="true" condition-coverage="100% (2/2)"/>
						<line number="347" hits="1"/>
						<line number="349" hits="1" branch="true" condition-coverage="100% (2/2)"/>
						<line number="350" hits="1"/>
						<line number="352" hits="1"/>
						<line number="355" hits="1"/>
						<line number="356" hits="1" branch="true" condition-coverage="100% (2/2)"/>
						<line number="357" hits="1"/>
						<line number="358" hits="1" branch="true" condition-coverage="50% (1/2)" missing-branches="361"/>
						<line number="359" hits="1"/>
						<line number="361" hits="0"/>
						<line number="363" hits="1"/>
						<line number="364" hits="1" branch="true" condition-coverage="50% (1/2)" missing-branches="376"/>
						<line number="369" hits="1"/>
						<line number="376" hits="1" branch="true" condition-coverage="100% (2/2)"/>
						<line number="377" hits="1"/>
						<line number="379" hits="1" branch="true" condition-coverage="50% (1/2)" missing-branches="393"/>
						<line number="380" hits="1"/>
						<line number="382" hits="1" branch="true" condition-coverage="50% (1/2)" missing-branches="383"/>
						<line number="383" hits="0"/>
						<line number="384" hits="1"/>
						<line number="386" hits="1" branch="true" condition-coverage="50% (1/2)" missing-branches="387"/>
						<line number="387" hits="0"/>
						<line number="391" hits="1"/>
						<line number="393" hits="1"/>
						<line number="398" hits="1"/>
						<line number="399" hits="1"/>
					</lines>
				</class>
				<class name="gen.py" filename="tornado/gen.py" complexity="0" line-rate="0.9121" branch-rate="0.85">
					<methods/>
					<lines>
						<line number="64" hits="1"/>
						<line number="65" hits="1"/>
						<line number="66" hits="1"/>
						<line number="67" hits="1"/>
						<line number="68" hits="1"/>
						<line number="69" hits="1"/>
						<line number="70" hits="1"/>
						<line number="71" hits="1"/>
						<line number="72" hits="1"/>
						<line number="73" hits="1"/>
						<line number="74" hits="1"/>
						<line number="75" hits="1"/>
						<line number="76" hits="1"/>
						<line number="77" hits="1"/>
						<line number="87" hits="1"/>
						<line number="95" hits="1"/>
						<line number="96" hits="1"/>
						<line number="97" hits="1"/>
						<line number="99" hits="1"/>
						<line number="101" hits="1"/>
						<line number="106" hits="1"/>
						<line number="107" hits="1"/>
						<line number="110" hits="1"/>
						<line number="111" hits="1"/>
						<line number="114" hits="1"/>
						<line number="115" hits="1"/>
						<line number="118" hits="1"/>
						<line number="119" hits="1"/>
						<line number="122" hits="1"/>
						<line number="123" hits="1"/>
						<line number="126" hits="1"/>
						<line number="127" hits="1"/>
						<line number="130" hits="1"/>
						<line number="131" hits="0"/>
						<line number="132" hits="0"/>
						<line number="133" hits="0"/>
						<line number="136" hits="0"/>
						<line number="137" hits="0"/>
						<line number="138" hits="0"/>
						<line number="141" hits="1"/>
						<line number="142" hits="1"/>
						<line number="144" hits="1"/>
						<line number="145" hits="1" branch="true" condition-coverage="100% (2/2)"/>
						<line number="148" hits="1"/>
						<line number="149" hits="1" branch="true" condition-coverage="100% (2/2)"/>
						<line number="150" hits="1"/>
						<line number="152" hits="1"/>
						<line number="153" hits="1"/>
						<line number="156" hits="1"/>
						<line number="157" hits="0"/>
						<line number="170" hits="1"/>
						<line number="198" hits="1"/>
						<line number="199" hits="1"/>
						<line number="202" hits="1"/>
						<line number="203" hits="1"/>
						<line number="204" hits="1"/>
						<line number="205" hits="1"/>
						<line number="206" hits="1"/>
						<line number="207" hits="1"/>
						<line number="208" hits="1"/>
						<line number="209" hits="1"/>
						<line number="210" hits="1"/>
						<line number="211" hits="1"/>
						<line number="214" hits="1"/>
						<line number="216" hits="1" branch="true" condition-coverage="100% (2/2)"/>
						<line number="222" hits="1"/>
						<line number="223" hits="1"/>
						<line number="224" hits="1"/>
						<line number="225" hits="1"/>
						<line number="228" hits="0"/>
						<line number="229" hits="0"/>
						<line number="239" hits="1"/>
						<line number="240" hits="1"/>
						<line number="241" hits="1"/>
						<line number="242" hits="1"/>
						<line number="243" hits="1"/>
						<line number="253" hits="1"/>
						<line number="254" hits="1"/>
						<line number="255" hits="1"/>
						<line number="257" hits="1"/>
						<line number="258" hits="1"/>
						<line number="259" hits="1"/>
						<line number="262" hits="1"/>
						<line number="268" hits="1"/>
						<line number="271" hits="1"/>
						<line number="289" hits="1"/>
						<line number="290" hits="1"/>
						<line number="291" hits="1"/>
						<line number="293" hits="1"/>
						<line number="296" hits="1"/>
						<line number="351" hits="1"/>
						<line number="353" hits="1"/>
						<line number="354" hits="1" branch="true" condition-coverage="100% (2/2)"/>
						<line number="355" hits="1"/>
						<line number="357" hits="1" branch="true" condition-coverage="100% (2/2)"/>
						<line number="358" hits="1"/>
						<line number="359" hits="1"/>
						<line number="361" hits="1"/>
						<line number="362" hits="1"/>
						<line number="364" hits="1"/>
						<line number="365" hits="1"/>
						<line number="366" hits="1"/>
						<line number="367" hits="1"/>
						<line number="369" hits="1" branch="true" condition-coverage="100% (2/2)"/>
						<line number="370" hits="1"/>
						<line number="372" hits="1"/>
						<line number="374" hits="1" branch="true" condition-coverage="100% (2/2)"/>
						<line number="375" hits="1"/>
						<line number="377" hits="1"/>
						<line number="378" hits="1"/>
						<line number="380" hits="1"/>
						<line number="386" hits="1"/>
						<line number="388" hits="1" branch="true" condition-coverage="100% (2/2)"/>
						<line number="389" hits="1"/>
						<line number="391" hits="1"/>
						<line number="393" hits="1"/>
						<line number="394" hits="1" branch="true" condition-coverage="100% (2/2)"/>
						<line number="395" hits="1"/>
						<line number="397" hits="1"/>
						<line number="399" hits="1"/>
						<line number="403" hits="1" branch="true" condition-coverage="50% (1/2)" missing-branches="404"/>
						<line number="404" hits="0"/>
						<line number="405" hits="1"/>
						<line number="407" hits="1"/>
						<line number="408" hits="1"/>
						<line number="409" hits="1"/>
						<line number="410" hits="1"/>
						<line number="412" hits="1"/>
						<line number="414" hits="1"/>
						<line number="415" hits="1"/>
						<line number="417" hits="1"/>
						<line number="418" hits="1" branch="true" condition-coverage="100% (2/2)"/>
						<line number="420" hits="1"/>
						<line number="421" hits="1"/>
						<line number="438" hits="1"/>
						<line number="486" hits="1"/>
						<line number="489" hits="1"/>
						<line number="492" hits="1"/>
						<line number="510" hits="1" branch="true" condition-coverage="100% (2/2)"/>
						<line number="511" hits="1"/>
						<line number="512" hits="1"/>
						<line number="514" hits="1"/>
						<line number="515" hits="1"/>
						<line number="516" hits="1"/>
						<line number="517" hits="1"/>
						<line number="518" hits="1"/>
						<line number="520" hits="1"/>
						<line number="521" hits="1" branch="true" condition-coverage="100% (2/2)"/>
						<line number="522" hits="1"/>
						<line number="524" hits="1"/>
						<line number="525" hits="1"/>
						<line number="526" hits="1" branch="true" condition-coverage="100% (2/2)"/>
						<line number="527" hits="1"/>
						<line number="528" hits="1" branch="true" condition-coverage="100% (2/2)"/>
						<line number="529" hits="1"/>
						<line number="530" hits="1"/>
						<line number="531" hits="1"/>
						<line number="532" hits="1" branch="true" condition-coverage="100% (2/2)"/>
						<line number="533" hits="1" branch="true" condition-coverage="100% (2/2)"/>
						<line number="534" hits="1"/>
						<line number="538" hits="1"/>
						<line number="539" hits="1" branch="true" condition-coverage="100% (2/2)"/>
						<line number="540" hits="1" branch="true" condition-coverage="100% (2/2)"/>
						<line number="541" hits="1"/>
						<line number="545" hits="1"/>
						<line number="547" hits="1"/>
						<line number="548" hits="1" branch="true" condition-coverage="100% (2/2)"/>
						<line number="549" hits="1" branch="true" condition-coverage="100% (2/2)"/>
						<line number="550" hits="1"/>
						<line number="551" hits="1"/>
						<line number="552" hits="1"/>
						<line number="555" hits="1"/>
						<line number="568" hits="0" branch="true" condition-coverage="0% (0/2)" missing-branches="569,571"/>
						<line number="569" hits="0"/>
						<line number="571" hits="0"/>
						<line number="572" hits="0"/>
						<line number="573" hits="0"/>
						<line number="576" hits="1"/>
						<line number="618" hits="1"/>
						<line number="619" hits="1"/>
						<line number="620" hits="1"/>
						<line number="621" hits="1"/>
						<line number="623" hits="1"/>
						<line number="624" hits="1"/>
						<line number="625" hits="1"/>
						<line number="626" hits="1"/>
						<line number="627" hits="1"/>
						<line number="628" hits="1"/>
						<line number="629" hits="1" branch="true" condition-coverage="50% (1/2)" missing-branches="630"/>
						<line number="630" hits="0"/>
						<line number="634" hits="1"/>
						<line number="635" hits="1" branch="true" condition-coverage="50% (1/2)" missing-branches="638"/>
						<line number="636" hits="1"/>
						<line number="638" hits="1"/>
						<line number="640" hits="1"/>
						<line number="641" hits="1" branch="true" condition-coverage="100% (2/2)"/>
						<line number="645" hits="1"/>
						<line number="651" hits="1"/>
						<line number="654" hits="1"/>
						<line number="657" hits="1"/>
						<line number="671" hits="1"/>
						<line number="672" hits="1"/>
						<line number="675" hits="1"/>
						<line number="678" hits="1"/>
						<line number="691" hits="1"/>
						<line number="692" hits="1"/>
						<line number="694" hits="1"/>
						<line number="695" hits="1"/>
						<line number="701" hits="1"/>
						<line number="703" hits="1"/>
						<line number="704" hits="1"/>
						<line number="723" hits="1"/>
						<line number="732" hits="1"/>
						<line number="739" hits="1"/>
						<line number="740" hits="1"/>
						<line number="741" hits="1"/>
						<line number="742" hits="1"/>
						<line number="743" hits="1"/>
						<line number="744" hits="1"/>
						<line number="745" hits="1"/>
						<line number="746" hits="1" branch="true" condition-coverage="100% (2/2)"/>
						<line number="747" hits="1"/>
						<line number="748" hits="1"/>
						<line number="750" hits="1"/>
						<line number="754" hits="1" branch="true" condition-coverage="50% (1/2)" missing-branches="755"/>
						<line number="755" hits="0"/>
						<line number="756" hits="1"/>
						<line number="757" hits="1"/>
						<line number="758" hits="1"/>
						<line number="759" hits="1"/>
						<line number="760" hits="1" branch="true" condition-coverage="50% (1/2)" missing-branches="761"/>
						<line number="761" hits="0"/>
						<line number="762" hits="1" branch="true" condition-coverage="50% (1/2)" missing-branches="763"/>
						<line number="763" hits="0"/>
						<line number="764" hits="1"/>
						<line number="765" hits="1"/>
						<line number="766" hits="1"/>
						<line number="767" hits="1"/>
						<line number="768" hits="1"/>
						<line number="772" hits="1"/>
						<line number="774" hits="1"/>
						<line number="776" hits="1"/>
						<line number="778" hits="1" branch="true" condition-coverage="100% (2/2)"/>
						<line number="779" hits="1"/>
						<line number="780" hits="1"/>
						<line number="784" hits="1"/>
						<line number="786" hits="1"/>
						<line number="788" hits="1"/>
						<line number="789" hits="1"/>
						<line number="790" hits="1"/>
						<line number="791" hits="1"/>
						<line number="794" hits="1"/>
						<line number="795" hits="1"/>
						<line number="796" hits="1"/>
						<line number="797" hits="1"/>
						<line number="798" hits="1"/>
						<line number="799" hits="1"/>
						<line number="800" hits="1"/>
						<line number="801" hits="1"/>
						<line number="802" hits="1" branch="true" condition-coverage="100% (2/2)"/>
						<line number="803" hits="1"/>
						<line number="804" hits="1"/>
						<line number="806" hits="1"/>
						<line number="808" hits="1"/>
						<line number="809" hits="1"/>
						<line number="810" hits="1"/>
						<line number="811" hits="1"/>
						<line number="812" hits="1"/>
						<line number="813" hits="1"/>
						<line number="815" hits="1" branch="true" condition-coverage="100% (2/2)"/>
						<line number="816" hits="1"/>
						<line number="817" hits="1"/>
						<line number="818" hits="1" branch="true" condition-coverage="50% (1/2)" missing-branches="819"/>
						<line number="819" hits="0"/>
						<line number="820" hits="1" branch="true" condition-coverage="100% (2/2)"/>
						<line number="822" hits="1"/>
						<line number="824" hits="1"/>
						<line number="825" hits="1"/>
						<line number="827" hits="1"/>
						<line number="828" hits="1"/>
						<line number="829" hits="1"/>
						<line number="831" hits="1"/>
						<line number="834" hits="0" branch="true" condition-coverage="0% (0/2)" missing-branches="835,840"/>
						<line number="835" hits="0"/>
						<line number="836" hits="0"/>
						<line number="837" hits="0"/>
						<line number="838" hits="0"/>
						<line number="840" hits="0"/>
						<line number="843" hits="1"/>
						<line number="848" hits="1"/>
						<line number="850" hits="1"/>
						<line number="851" hits="1"/>
						<line number="852" hits="1"/>
						<line number="853" hits="1"/>
						<line number="856" hits="1"/>
						<line number="873" hits="1" branch="true" condition-coverage="100% (2/2)"/>
						<line number="874" hits="1"/>
						<line number="875" hits="1" branch="true" condition-coverage="50% (1/2)" missing-branches="876"/>
						<line number="876" hits="0"/>
						<line number="877" hits="1" branch="true" condition-coverage="100% (2/2)"/>
						<line number="878" hits="1"/>
						<line number="879" hits="1" branch="true" condition-coverage="100% (2/2)"/>
						<line number="880" hits="1"/>
						<line number="881" hits="1" branch="true" condition-coverage="100% (2/2)"/>
						<line number="882" hits="1"/>
						<line number="884" hits="1"/>
						<line number="887" hits="1"/>
					</lines>
				</class>
				<class name="http1connection.py" filename="tornado/http1connection.py" complexity="0" line-rate="0.9624" branch-rate="0.9309">
					<methods/>
					<lines>
						<line number="21" hits="1"/>
						<line number="22" hits="1"/>
						<line number="23" hits="1"/>
						<line number="24" hits="1"/>
						<line number="25" hits="1"/>
						<line number="26" hits="1"/>
						<line number="28" hits="1"/>
						<line number="29" hits="1"/>
						<line number="34" hits="1"/>
						<line number="35" hits="1"/>
						<line number="36" hits="1"/>
						<line number="38" hits="1"/>
						<line number="41" hits="1"/>
						<line number="42" hits="1"/>
						<line number="43" hits="1"/>
						<line number="46" hits="1"/>
						<line number="52" hits="1"/>
						<line number="53" hits="1"/>
						<line number="55" hits="1"/>
						<line number="56" hits="1"/>
						<line number="58" hits="1"/>
						<line number="64" hits="1" branch="true" condition-coverage="100% (2/2)"/>
						<line number="65" hits="1"/>
						<line number="67" hits="1" branch="true" condition-coverage="100% (2/2)"/>
						<line number="68" hits="1"/>
						<line number="69" hits="1"/>
						<line number="70" hits="1"/>
						<line number="73" hits="1"/>
						<line number="76" hits="1"/>
						<line number="97" hits="1"/>
						<line number="98" hits="1"/>
						<line number="99" hits="1"/>
						<line number="100" hits="1"/>
						<line number="101" hits="1"/>
						<line number="102" hits="1"/>
						<line number="103" hits="1"/>
						<line number="106" hits="1"/>
						<line number="113" hits="1"/>
						<line number="127" hits="1"/>
						<line number="128" hits="1"/>
						<line number="129" hits="1" branch="true" condition-coverage="100% (2/2)"/>
						<line number="130" hits="1"/>
						<line number="131" hits="1"/>
						<line number="132" hits="1"/>
						<line number="133" hits="1"/>
						<line number="136" hits="1"/>
						<line number="141" hits="1"/>
						<line number="145" hits="1"/>
						<line number="147" hits="1"/>
						<line number="150" hits="1"/>
						<line number="154" hits="1"/>
						<line number="155" hits="1"/>
						<line number="159" hits="1"/>
						<line number="160" hits="1"/>
						<line number="161" hits="1"/>
						<line number="163" hits="1"/>
						<line number="166" hits="1"/>
						<line number="168" hits="1"/>
						<line number="170" hits="1"/>
						<line number="181" hits="1" branch="true" condition-coverage="100% (2/2)"/>
						<line number="182" hits="1"/>
						<line number="185" hits="1"/>
						<line number="187" hits="1"/>
						<line number="188" hits="1"/>
						<line number="189" hits="1"/>
						<line number="190" hits="1"/>
						<line number="193" hits="1" branch="true" condition-coverage="100% (2/2)"/>
						<line number="194" hits="1"/>
						<line number="196" hits="1"/>
						<line number="197" hits="1"/>
						<line number="202" hits="1"/>
						<line number="203" hits="1"/>
						<line number="204" hits="1"/>
						<line number="205" hits="1"/>
						<line number="206" hits="1" branch="true" condition-coverage="100% (2/2)"/>
						<line number="207" hits="1"/>
						<line number="208" hits="1"/>
						<line number="209" hits="1"/>
						<line number="213" hits="1"/>
						<line number="215" hits="1"/>
						<line number="216" hits="1"/>
						<line number="217" hits="1"/>
						<line number="218" hits="1"/>
						<line number="219" hits="1"/>
						<line number="222" hits="1"/>
						<line number="223" hits="1"/>
[...]
						<line number="1062" hits="1"/>
						<line number="1063" hits="1" branch="true" condition-coverage="100% (2/2)"/>
						<line number="1064" hits="1"/>
						<line number="1066" hits="1"/>
						<line number="1067" hits="1" branch="true" condition-coverage="100% (2/2)"/>
						<line number="1068" hits="1"/>
						<line number="1069" hits="1" branch="true" condition-coverage="50% (1/2)" missing-branches="1072"/>
						<line number="1070" hits="1"/>
						<line number="1072" hits="0"/>
						<line number="1073" hits="1" branch="true" condition-coverage="100% (2/2)"/>
						<line number="1074" hits="1"/>
						<line number="1075" hits="1"/>
						<line number="1076" hits="1"/>
						<line number="1077" hits="1"/>
						<line number="1078" hits="1"/>
						<line number="1080" hits="1"/>
						<line number="1084" hits="1" branch="true" condition-coverage="100% (2/2)"/>
						<line number="1085" hits="1"/>
						<line number="1087" hits="1"/>
						<line number="1088" hits="1" branch="true" condition-coverage="50% (1/2)" missing-branches="1089"/>
						<line number="1089" hits="0"/>
						<line number="1090" hits="1"/>
						<line number="1091" hits="1"/>
						<line number="1092" hits="1"/>
						<line number="1093" hits="1"/>
						<line number="1094" hits="1" branch="true" condition-coverage="100% (2/2)"/>
						<line number="1095" hits="1"/>
						<line number="1096" hits="1"/>
						<line number="1102" hits="1"/>
						<line number="1103" hits="1"/>
						<line number="1104" hits="1"/>
						<line number="1105" hits="1"/>
						<line number="1107" hits="1"/>
						<line number="1108" hits="1"/>
						<line number="1109" hits="1"/>
						<line number="1110" hits="0"/>
						<line number="1111" hits="0"/>
						<line number="1113" hits="1"/>
						<line number="1115" hits="1"/>
						<line number="1117" hits="1"/>
						<line number="1118" hits="1"/>
						<line number="1120" hits="1"/>
						<line number="1121" hits="1"/>
						<line number="1122" hits="1" branch="true" condition-coverage="100% (2/2)"/>
						<line number="1123" hits="1"/>
						<line number="1124" hits="1"/>
						<line number="1125" hits="1"/>
						<line number="1126" hits="1"/>
						<line number="1128" hits="1"/>
						<line number="1129" hits="1"/>
						<line number="1130" hits="1"/>
						<line number="1131" hits="1"/>
						<line number="1133" hits="1"/>
						<line number="1135" hits="1"/>
						<line number="1136" hits="1"/>
						<line number="1137" hits="1"/>
						<line number="1138" hits="1"/>
						<line number="1139" hits="1"/>
						<line number="1140" hits="1"/>
						<line number="1141" hits="1" branch="true" condition-coverage="100% (2/2)"/>
						<line number="1145" hits="1"/>
						<line number="1146" hits="1"/>
						<line number="1147" hits="1" branch="true" condition-coverage="50% (1/2)" missing-branches="1149"/>
						<line number="1149" hits="0"/>
						<line number="1150" hits="0"/>
						<line number="1151" hits="1"/>
						<line number="1152" hits="1"/>
						<line number="1155" hits="1" branch="true" condition-coverage="50% (1/2)" missing-branches="1157"/>
						<line number="1157" hits="0"/>
						<line number="1158" hits="0"/>
						<line number="1159" hits="1" branch="true" condition-coverage="100% (2/2)"/>
						<line number="1160" hits="1"/>
						<line number="1161" hits="1" branch="true" condition-coverage="50% (1/2)" missing-branches="1164"/>
						<line number="1162" hits="1"/>
						<line number="1163" hits="1"/>
						<line number="1164" hits="0" branch="true" condition-coverage="0% (0/2)" missing-branches="1165,1167"/>
						<line number="1165" hits="0"/>
						<line number="1166" hits="0"/>
						<line number="1167" hits="1"/>
						<line number="1168" hits="1" branch="true" condition-coverage="50% (1/2)" missing-branches="1169"/>
						<line number="1169" hits="0"/>
						<line number="1170" hits="1" branch="true" condition-coverage="100% (2/2)"/>
						<line number="1171" hits="1"/>
						<line number="1172" hits="1"/>
						<line number="1173" hits="1"/>
						<line number="1176" hits="1" branch="true" condition-coverage="100% (2/2)"/>
						<line number="1177" hits="1"/>
						<line number="1178" hits="1"/>
						<line number="1179" hits="1" branch="true" condition-coverage="100% (2/2)"/>
						<line number="1180" hits="1"/>
						<line number="1181" hits="1"/>
						<line number="1184" hits="1" branch="true" condition-coverage="100% (2/2)"/>
						<line number="1188" hits="1" branch="true" condition-coverage="50% (1/2)" missing-branches="1190"/>
						<line number="1190" hits="0"/>
						<line number="1191" hits="0"/>
						<line number="1192" hits="1" branch="true" condition-coverage="50% (1/2)" missing-branches="1193"/>
						<line number="1193" hits="0" branch="true" condition-coverage="0% (0/2)" missing-branches="1195,1197"/>
						<line number="1195" hits="0"/>
						<line number="1196" hits="0"/>
						<line number="1197" hits="0"/>
						<line number="1198" hits="0" branch="true" condition-coverage="0% (0/2)" missing-branches="1199,1211"/>
						<line number="1199" hits="0"/>
						<line number="1200" hits="0"/>
						<line number="1201" hits="0"/>
						<line number="1203" hits="1" branch="true" condition-coverage="50% (1/2)" missing-branches="1205"/>
						<line number="1205" hits="0"/>
						<line number="1206" hits="0"/>
						<line number="1207" hits="1" branch="true" condition-coverage="50% (1/2)" missing-branches="1208"/>
						<line number="1208" hits="0"/>
						<line number="1209" hits="0"/>
						<line number="1211" hits="1" branch="true" condition-coverage="50% (1/2)" missing-branches="exit"/>
						<line number="1212" hits="1"/>
						<line number="1213" hits="1" branch="true" condition-coverage="100% (2/2)"/>
						<line number="1214" hits="1"/>
						<line number="1216" hits="1"/>
						<line number="1218" hits="1" branch="true" condition-coverage="50% (1/2)" missing-branches="1219"/>
						<line number="1219" hits="0"/>
						<line number="1221" hits="1" branch="true" condition-coverage="100% (2/2)"/>
						<line number="1222" hits="1"/>
						<line number="1223" hits="1"/>
						<line number="1224" hits="1"/>
						<line number="1225" hits="1"/>
						<line number="1226" hits="1"/>
						<line number="1227" hits="1"/>
						<line number="1228" hits="1"/>
						<line number="1230" hits="1" branch="true" condition-coverage="100% (2/2)"/>
						<line number="1232" hits="1"/>
						<line number="1233" hits="1"/>
						<line number="1234" hits="1"/>
						<line number="1235" hits="0"/>
						<line number="1236" hits="0"/>
						<line number="1237" hits="0"/>
						<line number="1238" hits="1"/>
						<line number="1239" hits="1" branch="true" condition-coverage="100% (2/2)"/>
						<line number="1241" hits="1"/>
						<line number="1242" hits="1"/>
						<line number="1243" hits="1" branch="true" condition-coverage="100% (2/2)"/>
						<line number="1245" hits="1"/>
						<line number="1246" hits="1" branch="true" condition-coverage="100% (2/2)"/>
						<line number="1247" hits="1"/>
						<line number="1248" hits="1" branch="true" condition-coverage="100% (2/2)"/>
						<line number="1249" hits="1"/>
						<line number="1251" hits="1"/>
						<line number="1252" hits="1" branch="true" condition-coverage="100% (2/2)"/>
						<line number="1254" hits="1"/>
						<line number="1255" hits="1"/>
						<line number="1256" hits="0"/>
						<line number="1257" hits="0"/>
						<line number="1258" hits="1"/>
						<line number="1259" hits="1" branch="true" condition-coverage="50% (1/2)" missing-branches="1264"/>
						<line number="1261" hits="1"/>
						<line number="1262" hits="1"/>
						<line number="1264" hits="0"/>
						<line number="1265" hits="1"/>
						<line number="1267" hits="1"/>
						<line number="1269" hits="1" branch="true" condition-coverage="100% (2/2)"/>
						<line number="1270" hits="1" branch="true" condition-coverage="100% (2/2)"/>
						<line number="1271" hits="1" branch="true" condition-coverage="100% (2/2)"/>
						<line number="1272" hits="1"/>
						<line number="1273" hits="1" branch="true" condition-coverage="100% (2/2)"/>
						<line number="1274" hits="1"/>
						<line number="1276" hits="1"/>
						<line number="1277" hits="1" branch="true" condition-coverage="100% (2/2)"/>
						<line number="1278" hits="1"/>
						<line number="1279" hits="1"/>
						<line number="1280" hits="1"/>
						<line number="1281" hits="0"/>
						<line number="1282" hits="0"/>
						<line number="1283" hits="1"/>
						<line number="1284" hits="1" branch="true" condition-coverage="100% (2/2)"/>
						<line number="1285" hits="1" branch="true" condition-coverage="100% (2/2)"/>
						<line number="1286" hits="1"/>
						<line number="1287" hits="1"/>
						<line number="1288" hits="1"/>
						<line number="1289" hits="1" branch="true" condition-coverage="50% (1/2)" missing-branches="1295"/>
						<line number="1292" hits="1"/>
						<line number="1295" hits="1" branch="true" condition-coverage="100% (2/2)"/>
						<line number="1296" hits="1"/>
						<line number="1297" hits="1"/>
						<line number="1299" hits="1"/>
						<line number="1306" hits="1"/>
						<line number="1308" hits="1"/>
						<line number="1309" hits="1"/>
						<line number="1311" hits="1"/>
						<line number="1312" hits="1"/>
						<line number="1313" hits="1"/>
						<line number="1314" hits="1" branch="true" condition-coverage="100% (2/2)"/>
						<line number="1315" hits="1"/>
						<line number="1316" hits="1"/>
						<line number="1318" hits="1"/>
						<line number="1319" hits="1"/>
						<line number="1320" hits="1"/>
						<line number="1321" hits="1" branch="true" condition-coverage="50% (1/2)" missing-branches="1333"/>
						<line number="1322" hits="1" branch="true" condition-coverage="50% (1/2)" missing-branches="1323"/>
						<line number="1323" hits="0"/>
						<line number="1331" hits="0"/>
						<line number="1332" hits="1"/>
						<line number="1333" hits="0"/>
						<line number="1335" hits="1"/>
						<line number="1337" hits="1" branch="true" condition-coverage="100% (2/2)"/>
						<line number="1343" hits="1"/>
						<line number="1345" hits="1"/>
						<line number="1346" hits="1"/>
						<line number="1348" hits="1"/>
						<line number="1350" hits="1"/>
						<line number="1355" hits="1"/>
						<line number="1356" hits="1"/>
						<line number="1358" hits="1"/>
						<line number="1360" hits="1"/>
						<line number="1362" hits="1"/>
						<line number="1363" hits="1"/>
						<line number="1364" hits="1"/>
						<line number="1367" hits="1"/>
						<line number="1370" hits="1" branch="true" condition-coverage="100% (2/2)"/>
						<line number="1371" hits="1"/>
						<line number="1372" hits="1"/>
						<line number="1375" hits="1"/>
						<line number="1384" hits="1"/>
						<line number="1391" hits="1"/>
						<line number="1393" hits="1"/>
						<line number="1404" hits="1"/>
						<line number="1405" hits="1"/>
						<line number="1406" hits="1"/>
						<line number="1407" hits="1"/>
						<line number="1408" hits="1"/>
						<line number="1409" hits="1"/>
						<line number="1410" hits="1"/>
						<line number="1417" hits="1"/>
						<line number="1418" hits="1"/>
						<line number="1419" hits="1"/>
						<line number="1420" hits="1"/>
						<line number="1428" hits="1" branch="true" condition-coverage="100% (2/2)"/>
						<line number="1429" hits="1"/>
						<line number="1430" hits="1" branch="true" condition-coverage="100% (2/2)"/>
						<line number="1436" hits="1"/>
						<line number="1441" hits="1"/>
						<line number="1443" hits="1"/>
						<line number="1444" hits="1"/>
						<line number="1455" hits="1"/>
						<line number="1456" hits="1" branch="true" condition-coverage="50% (1/2)" missing-branches="1462"/>
						<line number="1462" hits="0"/>
						<line number="1464" hits="1"/>
						<line number="1476" hits="1" branch="true" condition-coverage="100% (2/2)"/>
						<line number="1477" hits="1"/>
						<line number="1478" hits="1"/>
						<line number="1480" hits="1"/>
						<line number="1481" hits="1" branch="true" condition-coverage="50% (1/2)" missing-branches="1482"/>
						<line number="1482" hits="0"/>
						<line number="1483" hits="1"/>
						<line number="1484" hits="1"/>
						<line number="1485" hits="1"/>
						<line number="1487" hits="1"/>
						<line number="1490" hits="1"/>
						<line number="1491" hits="1"/>
						<line number="1492" hits="1"/>
						<line number="1494" hits="1"/>
						<line number="1495" hits="1" branch="true" condition-coverage="50% (1/2)" missing-branches="exit"/>
						<line number="1496" hits="1" branch="true" condition-coverage="100% (2/2)"/>
						<line number="1497" hits="1"/>
						<line number="1499" hits="1"/>
						<line number="1503" hits="1"/>
						<line number="1508" hits="1"/>
						<line number="1509" hits="1" branch="true" condition-coverage="100% (2/2)"/>
						<line number="1510" hits="1"/>
						<line number="1511" hits="1"/>
						<line number="1513" hits="1" branch="true" condition-coverage="50% (1/2)" missing-branches="1517"/>
						<line number="1514" hits="1"/>
						<line number="1515" hits="1"/>
						<line number="1517" hits="1"/>
						<line number="1518" hits="1"/>
						<line number="1519" hits="1"/>
						<line number="1520" hits="1"/>
						<line number="1522" hits="1"/>
						<line number="1523" hits="1"/>
						<line number="1529" hits="1"/>
						<line number="1531" hits="1"/>
						<line number="1533" hits="1"/>
						<line number="1545" hits="1" branch="true" condition-coverage="100% (2/2)"/>
						<line number="1546" hits="1"/>
						<line number="1547" hits="1"/>
						<line number="1549" hits="1"/>
						<line number="1564" hits="1"/>
						<line number="1565" hits="1" branch="true" condition-coverage="100% (2/2)"/>
						<line number="1566" hits="1"/>
						<line number="1567" hits="1"/>
						<line number="1569" hits="1"/>
						<line number="1570" hits="1"/>
						<line number="1572" hits="1"/>
						<line number="1573" hits="1" branch="true" condition-coverage="50% (1/2)" missing-branches="1574"/>
						<line number="1574" hits="0"/>
						<line number="1575" hits="0"/>
						<line number="1577" hits="1"/>
						<line number="1579" hits="1"/>
						<line number="1593" hits="1"/>
						<line number="1594" hits="1" branch="true" condition-coverage="50% (1/2)" missing-branches="1595"/>
						<line number="1595" hits="0"/>
						<line number="1596" hits="1"/>
						<line number="1598" hits="1"/>
						<line number="1599" hits="1"/>
						<line number="1601" hits="1"/>
						<line number="1602" hits="1"/>
						<line number="1604" hits="1"/>
						<line number="1605" hits="1"/>
						<line number="1607" hits="1"/>
						<line number="1608" hits="1"/>
						<line number="1613" hits="1"/>
						<line number="1614" hits="1"/>
						<line number="1616" hits="1"/>
						<line number="1622" hits="0"/>
						<line number="1623" hits="0"/>
						<line number="1624" hits="0"/>
						<line number="1627" hits="1"/>
						<line number="1690" hits="1" branch="true" condition-coverage="100% (2/2)"/>
						<line number="1691" hits="1"/>
						<line number="1692" hits="1"/>
						<line number="1695" hits="1"/>
						<line number="1697" hits="1"/>
						<line number="1698" hits="1"/>
						<line number="1702" hits="1"/>
						<line number="1712" hits="1" branch="true" condition-coverage="100% (2/2)"/>
						<line number="1713" hits="1"/>
						<line number="1719" hits="1"/>
						<line number="1720" hits="1"/>
					</lines>
				</class>
				<class name="wsgi.py" filename="tornado/wsgi.py" complexity="0" line-rate="0.9149" branch-rate="0.6429">
					<methods/>
					<lines>
						<line number="30" hits="1"/>
						<line number="31" hits="1"/>
						<line number="32" hits="1"/>
						<line number="33" hits="1"/>
						<line number="34" hits="1"/>
						<line number="35" hits="1"/>
						<line number="36" hits="1"/>
						<line number="38" hits="1"/>
						<line number="39" hits="1"/>
						<line number="40" hits="1"/>
						<line number="41" hits="1"/>
						<line number="42" hits="1"/>
						<line number="52" hits="1"/>
						<line number="53" hits="1"/>
						<line number="54" hits="1"/>
						<line number="57" hits="1"/>
						<line number="123" hits="1"/>
						<line number="128" hits="1"/>
						<line number="129" hits="1"/>
						<line number="131" hits="1"/>
						<line number="132" hits="1"/>
						<line number="134" hits="1"/>
						<line number="135" hits="1"/>
						<line number="136" hits="1"/>
						<line number="138" hits="1"/>
						<line number="149" hits="1"/>
						<line number="150" hits="1"/>
						<line number="151" hits="1"/>
						<line number="153" hits="1"/>
						<line number="154" hits="1"/>
						<line number="160" hits="1"/>
						<line number="161" hits="1"/>
						<line number="163" hits="1"/>
						<line number="164" hits="1"/>
						<line number="165" hits="1"/>
						<line number="166" hits="1"/>
						<line number="169" hits="1"/>
						<line number="171" hits="1"/>
						<line number="172" hits="1"/>
						<line number="173" hits="1" branch="true" condition-coverage="100% (2/2)"/>
						<line number="174" hits="1"/>
						<line number="175" hits="1"/>
						<line number="177" hits="1" branch="true" condition-coverage="100% (2/2)"/>
						<line number="178" hits="1"/>
						<line number="179" hits="1"/>
						<line number="180" hits="1" branch="true" condition-coverage="50% (1/2)" missing-branches="181"/>
						<line number="181" hits="0"/>
						<line number="183" hits="1"/>
						<line number="184" hits="1"/>
						<line number="185" hits="1"/>
						<line number="186" hits="1"/>
						<line number="187" hits="1"/>
						<line number="188" hits="1" branch="true" condition-coverage="50% (1/2)" missing-branches="193"/>
						<line number="189" hits="1" branch="true" condition-coverage="50% (1/2)" missing-branches="191"/>
						<line number="190" hits="1"/>
						<line number="191" hits="1" branch="true" condition-coverage="100% (2/2)"/>
						<line number="192" hits="1"/>
						<line number="193" hits="1" branch="true" condition-coverage="50% (1/2)" missing-branches="196"/>
						<line number="194" hits="1"/>
						<line number="196" hits="1"/>
						<line number="197" hits="1"/>
						<line number="198" hits="1" branch="true" condition-coverage="100% (2/2)"/>
						<line number="199" hits="1"/>
						<line number="200" hits="1"/>
						<line number="201" hits="1"/>
						<line number="202" hits="1"/>
						<line number="203" hits="1"/>
						<line number="205" hits="1"/>
						<line number="211" hits="1"/>
						<line number="212" hits="1" branch="true" condition-coverage="50% (1/2)" missing-branches="216"/>
						<line number="213" hits="1"/>
						<line number="214" hits="1"/>
						<line number="216" hits="0"/>
						<line number="217" hits="0"/>
						<line number="218" hits="1"/>
						<line number="237" hits="1" branch="true" condition-coverage="50% (1/2)" missing-branches="238"/>
						<line number="238" hits="0"/>
						<line number="239" hits="1" branch="true" condition-coverage="50% (1/2)" missing-branches="240"/>
						<line number="240" hits="0"/>
						<line number="241" hits="1" branch="true" condition-coverage="100% (2/2)"/>
						<line number="242" hits="1"/>
						<line number="243" hits="1"/>
						<line number="245" hits="1"/>
						<line number="246" hits="1" branch="true" condition-coverage="50% (1/2)" missing-branches="248"/>
						<line number="247" hits="1"/>
						<line number="248" hits="0" branch="true" condition-coverage="0% (0/2)" missing-branches="249,251"/>
						<line number="249" hits="0"/>
						<line number="251" hits="0"/>
						<line number="252" hits="1"/>
						<line number="253" hits="1"/>
						<line number="254" hits="1"/>
						<line number="255" hits="1"/>
						<line number="263" hits="1"/>
						<line number="266" hits="1"/>
					</lines>
				</class>
			</classes>
		</package>
	</packages>
</coverage>
