<?xml version="1.0" encoding="utf-8"?><testsuites name="pytest tests"><testsuite name="pytest" errors="0" failures="0" skipped="156" tests="1419" time="25.221" timestamp="2026-06-24T22:05:15.649499-03:00" hostname="snt-pedro"><testcase classname="tornado.test.asyncio_test.AsyncIOLoopTest" name="test_add_thread_close_idempotent" time="0.002" /><testcase classname="tornado.test.asyncio_test.AsyncIOLoopTest" name="test_asyncio_adapter" time="0.002" /><testcase classname="tornado.test.asyncio_test.AsyncIOLoopTest" name="test_asyncio_callback" time="0.001" /><testcase classname="tornado.test.asyncio_test.AsyncIOLoopTest" name="test_asyncio_future" time="0.001" /><testcase classname="tornado.test.asyncio_test.AsyncIOLoopTest" name="test_asyncio_yield_from" time="0.001" /><testcase classname="tornado.test.asyncio_test.LeakTest" name="test_asyncio_close_leak" time="0.001" /><testcase classname="tornado.test.asyncio_test.LeakTest" name="test_ioloop_close_leak" time="0.001" /><testcase classname="tornado.test.asyncio_test.SelectorThreadLeakTest" name="test_asyncio_manual" time="0.002" /><testcase classname="tornado.test.asyncio_test.SelectorThreadLeakTest" name="test_asyncio_run" time="0.002" /><testcase classname="tornado.test.asyncio_test.SelectorThreadLeakTest" name="test_tornado" time="0.003" /><testcase classname="tornado.test.asyncio_test.AnyThreadEventLoopPolicyTest" name="test_asyncio_accessor" time="0.002" /><testcase classname="tornado.test.asyncio_test.AnyThreadEventLoopPolicyTest" name="test_tornado_accessor" time="0.001" /><testcase classname="tornado.test.asyncio_test.SelectorThreadContextvarsTest" name="test_context_vars" time="0.006" /><testcase classname="tornado.test.auth_test.OpenIDAuthTest" name="test_openid_get_user" time="0.012" /><testcase classname="tornado.test.auth_test.OpenIDAuthTest" name="test_openid_redirect" time="0.004" /><testcase classname="tornado.test.auth_test.AuthTest" name="test_facebook_login" time="0.020" /><testcase classname="tornado.test.auth_test.AuthTest" name="test_oauth10_get_user" time="0.006" /><testcase classname="tornado.test.auth_test.AuthTest" name="test_oauth10_redirect" time="0.005" /><testcase classname="tornado.test.auth_test.AuthTest" name="test_oauth10_request_parameters" time="0.004" /><testcase classname="tornado.test.auth_test.AuthTest" name="test_oauth10a_get_user" time="0.006" /><testcase classname="tornado.test.auth_test.AuthTest" name="test_oauth10a_get_user_coroutine_exception" time="0.007" /><testcase classname="tornado.test.auth_test.AuthTest" name="test_oauth10a_redirect" time="0.006" /><testcase classname="tornado.test.auth_test.AuthTest" name="test_oauth10a_redirect_error" time="0.006" /><testcase classname="tornado.test.auth_test.AuthTest" name="test_oauth10a_request_parameters" time="0.004" /><testcase classname="tornado.test.auth_test.AuthTest" name="test_oauth2_redirect" time="0.003" /><testcase classname="tornado.test.auth_test.AuthTest" name="test_twitter_authenticate_redirect" time="0.005" /><testcase classname="tornado.test.auth_test.AuthTest" name="test_twitter_get_user" time="0.007" /><testcase classname="tornado.test.auth_test.AuthTest" name="test_twitter_redirect" time="0.005" /><testcase classname="tornado.test.auth_test.AuthTest" name="test_twitter_redirect_gen_coroutine" time="0.005" /><testcase classname="tornado.test.auth_test.AuthTest" name="test_twitter_show_user" time="0.006" /><testcase classname="tornado.test.auth_test.AuthTest" name="test_twitter_show_user_error" time="0.005" /><testcase classname="tornado.test.auth_test.GoogleOAuth2Test" name="test_google_login" time="0.013" /><testcase classname="tornado.test.autoreload_test.AutoreloadTest" name="test_reload" time="1.220" /><testcase classname="tornado.test.autoreload_test.AutoreloadTest" name="test_reload_wrapper_args" time="0.202" /><testcase classname="tornado.test.autoreload_test.AutoreloadTest" name="test_reload_wrapper_preservation" time="0.202" /><testcase classname="tornado.test.autoreload_test.AutoreloadTest" name="test_reload_wrapper_until_success" time="0.202" /><testcase classname="tornado.test.circlerefs_test.CircleRefsTest" name="test_async_handler" time="0.041" /><testcase classname="tornado.test.circlerefs_test.CircleRefsTest" name="test_coro_handler" time="0.037" /><testcase classname="tornado.test.circlerefs_test.CircleRefsTest" name="test_finish_exception_handler" time="0.026" /><testcase classname="tornado.test.circlerefs_test.CircleRefsTest" name="test_known_leak" time="0.020" /><testcase classname="tornado.test.circlerefs_test.CircleRefsTest" name="test_run_on_executor" time="0.022" /><testcase classname="tornado.test.circlerefs_test.CircleRefsTest" name="test_sync_handler" time="0.029" /><testcase classname="tornado.test.concurrent_test.MiscFutureTest" name="test_future_set_result_unless_cancelled" time="0.001" /><testcase classname="tornado.test.concurrent_test.ChainFutureTest" name="test_asyncio_futures" time="0.001" /><testcase classname="tornado.test.concurrent_test.ChainFutureTest" name="test_concurrent_futures" time="0.001" /><testcase classname="tornado.test.concurrent_test.GeneratorCapClientTest" name="test_future" time="0.002" /><testcase classname="tornado.test.concurrent_test.GeneratorCapClientTest" name="test_future_error" time="0.002" /><testcase classname="tornado.test.concurrent_test.GeneratorCapClientTest" name="test_generator" time="0.001" /><testcase classname="tornado.test.concurrent_test.GeneratorCapClientTest" name="test_generator_error" time="0.002" /><testcase classname="tornado.test.concurrent_test.RunOnExecutorTest" name="test_async_await" time="0.002" /><testcase classname="tornado.test.concurrent_test.RunOnExecutorTest" name="test_call_with_executor" time="0.001" /><testcase classname="tornado.test.concurrent_test.RunOnExecutorTest" name="test_call_with_no_args" time="0.001" /><testcase classname="tornado.test.concurrent_test.RunOnExecutorTest" name="test_no_calling" time="0.001" /><testcase classname="tornado.test.curl_httpclient_test.CurlHTTPClientCommonTestCase" name="test_304_with_content_length" time="0.001"><skipped type="pytest.skip" message="pycurl module not present">/home/snt-pedro/Snt/Ilane/tornado/tornado/test/httpclient_test.py:580: pycurl module not present</skipped></testcase><testcase classname="tornado.test.curl_httpclient_test.CurlHTTPClientCommonTestCase" name="test_all_methods" time="0.000"><skipped type="pytest.skip" message="pycurl module not present">/home/snt-pedro/Snt/Ilane/tornado/tornado/test/httpclient_test.py:638: pycurl module not present</skipped></testcase><testcase classname="tornado.test.curl_httpclient_test.CurlHTTPClientCommonTestCase" name="test_basic_auth" time="0.000"><skipped type="pytest.skip" message="pycurl module not present">/home/snt-pedro/Snt/Ilane/tornado/tornado/test/httpclient_test.py:276: pycurl module not present</skipped></testcase><testcase classname="tornado.test.curl_httpclient_test.CurlHTTPClientCommonTestCase" name="test_basic_auth_explicit_mode" time="0.000"><skipped type="pytest.skip" message="pycurl module not present">/home/snt-pedro/Snt/Ilane/tornado/tornado/test/httpclient_test.py:285: pycurl module not present</skipped></testcase><testcase classname="tornado.test.curl_httpclient_test.CurlHTTPClientCommonTestCase" name="test_basic_auth_unicode" time="0.000"><skipped type="pytest.skip" message="pycurl module not present">/home/snt-pedro/Snt/Ilane/tornado/tornado/test/httpclient_test.py:296: pycurl module not present</skipped></testcase><testcase classname="tornado.test.curl_httpclient_test.CurlHTTPClientCommonTestCase" name="test_bind_source_ip" time="0.000"><skipped type="pytest.skip" message="pycurl module not present">/home/snt-pedro/Snt/Ilane/tornado/tornado/test/httpclient_test.py:623: pycurl module not present</skipped></testcase><testcase classname="tornado.test.curl_httpclient_test.CurlHTTPClientCommonTestCase" name="test_body_encoding" time="0.000"><skipped type="pytest.skip" message="pycurl module not present">/home/snt-pedro/Snt/Ilane/tornado/tornado/test/httpclient_test.py:393: pycurl module not present</skipped></testcase><testcase classname="tornado.test.curl_httpclient_test.CurlHTTPClientCommonTestCase" name="test_body_sanity_checks" time="0.001"><skipped type="pytest.skip" message="pycurl module not present">/home/snt-pedro/Snt/Ilane/tornado/tornado/test/httpclient_test.py:652: pycurl module not present</skipped></testcase><testcase classname="tornado.test.curl_httpclient_test.CurlHTTPClientCommonTestCase" name="test_chunked" time="0.000"><skipped type="pytest.skip" message="pycurl module not present">/home/snt-pedro/Snt/Ilane/tornado/tornado/test/httpclient_test.py:234: pycurl module not present</skipped></testcase><testcase classname="tornado.test.curl_httpclient_test.CurlHTTPClientCommonTestCase" name="test_chunked_close" time="0.000"><skipped type="pytest.skip" message="pycurl module not present">/home/snt-pedro/Snt/Ilane/tornado/tornado/test/httpclient_test.py:243: pycurl module not present</skipped></testcase><testcase classname="tornado.test.curl_httpclient_test.CurlHTTPClientCommonTestCase" name="test_configure_defaults" time="0.000"><skipped type="pytest.skip" message="pycurl module not present">/home/snt-pedro/Snt/Ilane/tornado/tornado/test/httpclient_test.py:514: pycurl module not present</skipped></testcase><testcase classname="tornado.test.curl_httpclient_test.CurlHTTPClientCommonTestCase" name="test_credentials_in_url" time="0.000"><skipped type="pytest.skip" message="pycurl module not present">/home/snt-pedro/Snt/Ilane/tornado/tornado/test/httpclient_test.py:388: pycurl module not present</skipped></testcase><testcase classname="tornado.test.curl_httpclient_test.CurlHTTPClientCommonTestCase" name="test_error_after_cancel" time="0.000"><skipped type="pytest.skip" message="pycurl module not present">/home/snt-pedro/Snt/Ilane/tornado/tornado/test/httpclient_test.py:743: pycurl module not present</skipped></testcase><testcase classname="tornado.test.curl_httpclient_test.CurlHTTPClientCommonTestCase" name="test_follow_redirect" time="0.000"><skipped type="pytest.skip" message="pycurl module not present">/home/snt-pedro/Snt/Ilane/tornado/tornado/test/httpclient_test.py:325: pycurl module not present</skipped></testcase><testcase classname="tornado.test.curl_httpclient_test.CurlHTTPClientCommonTestCase" name="test_future_http_error" time="0.000"><skipped type="pytest.skip" message="pycurl module not present">/home/snt-pedro/Snt/Ilane/tornado/tornado/test/httpclient_test.py:594: pycurl module not present</skipped></testcase><testcase classname="tornado.test.curl_httpclient_test.CurlHTTPClientCommonTestCase" name="test_future_http_error_no_raise" time="0.000"><skipped type="pytest.skip" message="pycurl module not present">/home/snt-pedro/Snt/Ilane/tornado/tornado/test/httpclient_test.py:603: pycurl module not present</skipped></testcase><testcase classname="tornado.test.curl_httpclient_test.CurlHTTPClientCommonTestCase" name="test_future_interface" time="0.000"><skipped type="pytest.skip" message="pycurl module not present">/home/snt-pedro/Snt/Ilane/tornado/tornado/test/httpclient_test.py:589: pycurl module not present</skipped></testcase><testcase classname="tornado.test.curl_httpclient_test.CurlHTTPClientCommonTestCase" name="test_gzip" time="0.000"><skipped type="pytest.skip" message="pycurl module not present">/home/snt-pedro/Snt/Ilane/tornado/tornado/test/httpclient_test.py:436: pycurl module not present</skipped></testcase><testcase classname="tornado.test.curl_httpclient_test.CurlHTTPClientCommonTestCase" name="test_header_callback" time="0.000"><skipped type="pytest.skip" message="pycurl module not present">/home/snt-pedro/Snt/Ilane/tornado/tornado/test/httpclient_test.py:466: pycurl module not present</skipped></testcase><testcase classname="tornado.test.curl_httpclient_test.CurlHTTPClientCommonTestCase" name="test_header_callback_to_parse_line" time="0.000"><skipped type="pytest.skip" message="pycurl module not present">/home/snt-pedro/Snt/Ilane/tornado/tornado/test/httpclient_test.py:497: pycurl module not present</skipped></testcase><testcase classname="tornado.test.curl_httpclient_test.CurlHTTPClientCommonTestCase" name="test_header_crlf" time="0.001"><skipped type="pytest.skip" message="pycurl module not present">/home/snt-pedro/Snt/Ilane/tornado/tornado/test/httpclient_test.py:757: pycurl module not present</skipped></testcase><testcase classname="tornado.test.curl_httpclient_test.CurlHTTPClientCommonTestCase" name="test_header_encoding" time="0.000"><skipped type="pytest.skip" message="pycurl module not present">/home/snt-pedro/Snt/Ilane/tornado/tornado/test/httpclient_test.py:570: pycurl module not present</skipped></testcase><testcase classname="tornado.test.curl_httpclient_test.CurlHTTPClientCommonTestCase" name="test_header_types" time="0.000"><skipped type="pytest.skip" message="pycurl module not present">/home/snt-pedro/Snt/Ilane/tornado/tornado/test/httpclient_test.py:525: pycurl module not present</skipped></testcase><testcase classname="tornado.test.curl_httpclient_test.CurlHTTPClientCommonTestCase" name="test_hello_world" time="0.000"><skipped type="pytest.skip" message="pycurl module not present">/home/snt-pedro/Snt/Ilane/tornado/tornado/test/httpclient_test.py:210: pycurl module not present</skipped></testcase><testcase classname="tornado.test.curl_httpclient_test.CurlHTTPClientCommonTestCase" name="test_invalid_gzip" time="0.000"><skipped type="pytest.skip" message="pycurl module not present">/home/snt-pedro/Snt/Ilane/tornado/tornado/test/httpclient_test.py:453: pycurl module not present</skipped></testcase><testcase classname="tornado.test.curl_httpclient_test.CurlHTTPClientCommonTestCase" name="test_method_after_redirect" time="0.000"><skipped type="pytest.skip" message="pycurl module not present">/home/snt-pedro/Snt/Ilane/tornado/tornado/test/httpclient_test.py:358: pycurl module not present</skipped></testcase><testcase classname="tornado.test.curl_httpclient_test.CurlHTTPClientCommonTestCase" name="test_multi_line_headers" time="0.000"><skipped type="pytest.skip" message="pycurl module not present">/home/snt-pedro/Snt/Ilane/tornado/tornado/test/httpclient_test.py:542: pycurl module not present</skipped></testcase><testcase classname="tornado.test.curl_httpclient_test.CurlHTTPClientCommonTestCase" name="test_non_ascii_header" time="0.000"><skipped type="pytest.skip" message="pycurl module not present">/home/snt-pedro/Snt/Ilane/tornado/tornado/test/httpclient_test.py:707: pycurl module not present</skipped></testcase><testcase classname="tornado.test.curl_httpclient_test.CurlHTTPClientCommonTestCase" name="test_patch_receives_payload" time="0.000"><skipped type="pytest.skip" message="pycurl module not present">/home/snt-pedro/Snt/Ilane/tornado/tornado/test/httpclient_test.py:204: pycurl module not present</skipped></testcase><testcase classname="tornado.test.curl_httpclient_test.CurlHTTPClientCommonTestCase" name="test_post" time="0.000"><skipped type="pytest.skip" message="pycurl module not present">/home/snt-pedro/Snt/Ilane/tornado/tornado/test/httpclient_test.py:229: pycurl module not present</skipped></testcase><testcase classname="tornado.test.curl_httpclient_test.CurlHTTPClientCommonTestCase" name="test_put_307" time="0.000"><skipped type="pytest.skip" message="pycurl module not present">/home/snt-pedro/Snt/Ilane/tornado/tornado/test/httpclient_test.py:700: pycurl module not present</skipped></testcase><testcase classname="tornado.test.curl_httpclient_test.CurlHTTPClientCommonTestCase" name="test_redirect_put_with_body" time="0.000"><skipped type="pytest.skip" message="pycurl module not present">/home/snt-pedro/Snt/Ilane/tornado/tornado/test/httpclient_test.py:343: pycurl module not present</skipped></testcase><testcase classname="tornado.test.curl_httpclient_test.CurlHTTPClientCommonTestCase" name="test_redirect_put_without_body" time="0.000"><skipped type="pytest.skip" message="pycurl module not present">/home/snt-pedro/Snt/Ilane/tornado/tornado/test/httpclient_test.py:349: pycurl module not present</skipped></testcase><testcase classname="tornado.test.curl_httpclient_test.CurlHTTPClientCommonTestCase" name="test_redirect_without_location" time="0.000"><skipped type="pytest.skip" message="pycurl module not present">/home/snt-pedro/Snt/Ilane/tornado/tornado/test/httpclient_test.py:335: pycurl module not present</skipped></testcase><testcase classname="tornado.test.curl_httpclient_test.CurlHTTPClientCommonTestCase" name="test_response_times" time="0.000"><skipped type="pytest.skip" message="pycurl module not present">/home/snt-pedro/Snt/Ilane/tornado/tornado/test/httpclient_test.py:713: pycurl module not present</skipped></testcase><testcase classname="tornado.test.curl_httpclient_test.CurlHTTPClientCommonTestCase" name="test_reuse_request_from_response" time="0.000"><skipped type="pytest.skip" message="pycurl module not present">/home/snt-pedro/Snt/Ilane/tornado/tornado/test/httpclient_test.py:610: pycurl module not present</skipped></testcase><testcase classname="tornado.test.curl_httpclient_test.CurlHTTPClientCommonTestCase" name="test_streaming_callback" time="0.000"><skipped type="pytest.skip" message="pycurl module not present">/home/snt-pedro/Snt/Ilane/tornado/tornado/test/httpclient_test.py:221: pycurl module not present</skipped></testcase><testcase classname="tornado.test.curl_httpclient_test.CurlHTTPClientCommonTestCase" name="test_strip_headers_on_redirect" time="0.000"><skipped type="pytest.skip" message="pycurl module not present">/home/snt-pedro/Snt/Ilane/tornado/tornado/test/httpclient_test.py:773: pycurl module not present</skipped></testcase><testcase classname="tornado.test.curl_httpclient_test.CurlHTTPClientCommonTestCase" name="test_types" time="0.000"><skipped type="pytest.skip" message="pycurl module not present">/home/snt-pedro/Snt/Ilane/tornado/tornado/test/httpclient_test.py:429: pycurl module not present</skipped></testcase><testcase classname="tornado.test.curl_httpclient_test.CurlHTTPClientCommonTestCase" name="test_unsupported_auth_mode" time="0.000"><skipped type="pytest.skip" message="pycurl module not present">/home/snt-pedro/Snt/Ilane/tornado/tornado/test/httpclient_test.py:311: pycurl module not present</skipped></testcase><testcase classname="tornado.test.curl_httpclient_test.CurlHTTPClientCommonTestCase" name="test_zero_timeout" time="0.000"><skipped type="pytest.skip" message="pycurl module not present">/home/snt-pedro/Snt/Ilane/tornado/tornado/test/httpclient_test.py:733: pycurl module not present</skipped></testcase><testcase classname="tornado.test.curl_httpclient_test.CurlHTTPClientTestCase" name="test_custom_reason" time="0.000"><skipped type="pytest.skip" message="pycurl module not present">/home/snt-pedro/Snt/Ilane/tornado/tornado/test/curl_httpclient_test.py:113: pycurl module not present</skipped></testcase><testcase classname="tornado.test.curl_httpclient_test.CurlHTTPClientTestCase" name="test_digest_auth" time="0.000"><skipped type="pytest.skip" message="pycurl module not present">/home/snt-pedro/Snt/Ilane/tornado/tornado/test/curl_httpclient_test.py:107: pycurl module not present</skipped></testcase><testcase classname="tornado.test.curl_httpclient_test.CurlHTTPClientTestCase" name="test_digest_auth_non_ascii" time="0.000"><skipped type="pytest.skip" message="pycurl module not present">/home/snt-pedro/Snt/Ilane/tornado/tornado/test/curl_httpclient_test.py:121: pycurl module not present</skipped></testcase><testcase classname="tornado.test.curl_httpclient_test.CurlHTTPClientTestCase" name="test_fail_custom_reason" time="0.000"><skipped type="pytest.skip" message="pycurl module not present">/home/snt-pedro/Snt/Ilane/tornado/tornado/test/curl_httpclient_test.py:117: pycurl module not present</skipped></testcase><testcase classname="tornado.test.curl_httpclient_test.CurlHTTPClientTestCase" name="test_streaming_callback_not_permitted" time="0.000"><skipped type="pytest.skip" message="pycurl module not present">/home/snt-pedro/Snt/Ilane/tornado/tornado/test/curl_httpclient_test.py:130: pycurl module not present</skipped></testcase><testcase classname="tornado.test.curl_httpclient_test.CurlHTTPClientReuseProxyAuthTestCase" name="test_reuse_proxy_credentials" time="0.001"><skipped type="pytest.skip" message="pycurl module not present">/home/snt-pedro/Snt/Ilane/tornado/tornado/test/curl_httpclient_test.py:173: pycurl module not present</skipped></testcase><testcase classname="tornado.test.curl_httpclient_test.CurlHTTPClientReuseCertsTestCase" name="test_reuse_certs" time="0.000"><skipped type="pytest.skip" message="pycurl module not present">/home/snt-pedro/Snt/Ilane/tornado/tornado/test/curl_httpclient_test.py:227: pycurl module not present</skipped></testcase><testcase classname="tornado.test.escape_test.EscapeTestCase" name="test_escape_return_types" time="0.001" /><testcase classname="tornado.test.escape_test.EscapeTestCase" name="test_json_decode" time="0.001" /><testcase classname="tornado.test.escape_test.EscapeTestCase" name="test_json_encode" time="0.000" /><testcase classname="tornado.test.escape_test.EscapeTestCase" name="test_linkify" time="0.001" /><testcase classname="tornado.test.escape_test.EscapeTestCase" name="test_recursive_unicode" time="0.001" /><testcase classname="tornado.test.escape_test.EscapeTestCase" name="test_squeeze" time="0.001" /><testcase classname="tornado.test.escape_test.EscapeTestCase" name="test_url_escape_quote_plus" time="0.001" /><testcase classname="tornado.test.escape_test.EscapeTestCase" name="test_url_escape_unicode" time="0.001" /><testcase classname="tornado.test.escape_test.EscapeTestCase" name="test_url_unescape_unicode" time="0.001" /><testcase classname="tornado.test.escape_test.EscapeTestCase" name="test_xhtml_escape" time="0.001" /><testcase classname="tornado.test.escape_test.EscapeTestCase" name="test_xhtml_unescape_numeric" time="0.001" /><testcase classname="tornado.test.gen_test.GenBasicTest" name="test_async_raise_return" time="0.001" /><testcase classname="tornado.test.gen_test.GenBasicTest" name="test_async_raise_return_value" time="0.001" /><testcase classname="tornado.test.gen_test.GenBasicTest" name="test_async_raise_return_value_tuple" time="0.001" /><testcase classname="tornado.test.gen_test.GenBasicTest" name="test_bogus_yield" time="0.001" /><testcase classname="tornado.test.gen_test.GenBasicTest" name="test_bogus_yield_tuple" time="0.001" /><testcase classname="tornado.test.gen_test.GenBasicTest" name="test_exception_phase1" time="0.001" /><testcase classname="tornado.test.gen_test.GenBasicTest" name="test_exception_phase2" time="0.001" /><testcase classname="tornado.test.gen_test.GenBasicTest" name="test_future" time="0.001" /><testcase classname="tornado.test.gen_test.GenBasicTest" name="test_multi" time="0.001" /><testcase classname="tornado.test.gen_test.GenBasicTest" name="test_multi_delayed" time="0.001" /><testcase classname="tornado.test.gen_test.GenBasicTest" name="test_multi_dict" time="0.001" /><testcase classname="tornado.test.gen_test.GenBasicTest" name="test_multi_dict_delayed" time="0.001" /><testcase classname="tornado.test.gen_test.GenBasicTest" name="test_multi_dict_future" time="0.001" /><testcase classname="tornado.test.gen_test.GenBasicTest" name="test_multi_empty" time="0.001" /><testcase classname="tornado.test.gen_test.GenBasicTest" name="test_multi_exceptions" time="0.002" /><testcase classname="tornado.test.gen_test.GenBasicTest" name="test_multi_future" time="0.001" /><testcase classname="tornado.test.gen_test.GenBasicTest" name="test_multi_future_duplicate" time="0.001" /><testcase classname="tornado.test.gen_test.GenBasicTest" name="test_multi_future_exceptions" time="0.001" /><testcase classname="tornado.test.gen_test.GenBasicTest" name="test_multi_performance" time="0.006" /><testcase classname="tornado.test.gen_test.GenBasicTest" name="test_no_yield" time="0.001" /><testcase classname="tornado.test.gen_test.GenBasicTest" name="test_none" time="0.002" /><testcase classname="tornado.test.gen_test.GenBasicTest" name="test_reuse" time="0.001" /><testcase classname="tornado.test.gen_test.GenBasicTest" name="test_sync_raise_return" time="0.001" /><testcase classname="tornado.test.gen_test.GenBasicTest" name="test_sync_raise_return_value" time="0.001" /><testcase classname="tornado.test.gen_test.GenBasicTest" name="test_sync_raise_return_value_tuple" time="0.001" /><testcase classname="tornado.test.gen_test.GenCoroutineTest" name="test_async_await" time="0.001" /><testcase classname="tornado.test.gen_test.GenCoroutineTest" name="test_async_await_mixed_multi_native_future" time="0.001" /><testcase classname="tornado.test.gen_test.GenCoroutineTest" name="test_async_early_return" time="0.001" /><testcase classname="tornado.test.gen_test.GenCoroutineTest" name="test_async_gen_return" time="0.001" /><testcase classname="tornado.test.gen_test.GenCoroutineTest" name="test_async_raise" time="0.001" /><testcase classname="tornado.test.gen_test.GenCoroutineTest" name="test_async_return" time="0.001" /><testcase classname="tornado.test.gen_test.GenCoroutineTest" name="test_async_return_no_value" time="0.001" /><testcase classname="tornado.test.gen_test.GenCoroutineTest" name="test_async_with_timeout" time="0.001" /><testcase classname="tornado.test.gen_test.GenCoroutineTest" name="test_asyncio_future_debug_info" time="0.002" /><testcase classname="tornado.test.gen_test.GenCoroutineTest" name="test_asyncio_gather" time="0.002" /><testcase classname="tornado.test.gen_test.GenCoroutineTest" name="test_asyncio_sleep_zero" time="0.001" /><testcase classname="tornado.test.gen_test.GenCoroutineTest" name="test_attributes" time="0.001" /><testcase classname="tornado.test.gen_test.GenCoroutineTest" name="test_coroutine_refcounting" time="0.001" /><testcase classname="tornado.test.gen_test.GenCoroutineTest" name="test_is_coroutine_function" time="0.001" /><testcase classname="tornado.test.gen_test.GenCoroutineTest" name="test_moment" time="0.001" /><testcase classname="tornado.test.gen_test.GenCoroutineTest" name="test_py3_leak_exception_context" time="0.001" /><testcase classname="tornado.test.gen_test.GenCoroutineTest" name="test_replace_yieldpoint_exception" time="0.001" /><testcase classname="tornado.test.gen_test.GenCoroutineTest" name="test_sleep" time="0.011" /><testcase classname="tornado.test.gen_test.GenCoroutineTest" name="test_swallow_yieldpoint_exception" time="0.001" /><testcase classname="tornado.test.gen_test.GenCoroutineTest" name="test_sync_gen_return" time="0.001" /><testcase classname="tornado.test.gen_test.GenCoroutineTest" name="test_sync_raise" time="0.001" /><testcase classname="tornado.test.gen_test.GenCoroutineTest" name="test_sync_return" time="0.001" /><testcase classname="tornado.test.gen_test.GenCoroutineTest" name="test_sync_return_no_value" time="0.001" /><testcase classname="tornado.test.gen_test.GenWebTest" name="test_async_prepare_error_handler" time="0.007" /><testcase classname="tornado.test.gen_test.GenWebTest" name="test_coroutine_sequence_handler" time="0.004" /><testcase classname="tornado.test.gen_test.GenWebTest" name="test_coroutine_unfinished_sequence_handler" time="0.004" /><testcase classname="tornado.test.gen_test.GenWebTest" name="test_native_coroutine_handler" time="0.003" /><testcase classname="tornado.test.gen_test.GenWebTest" name="test_undecorated_coroutines" time="0.004" /><testcase classname="tornado.test.gen_test.WithTimeoutTest" name="test_already_resolved" time="0.001" /><testcase classname="tornado.test.gen_test.WithTimeoutTest" name="test_completed_concurrent_future" time="0.001" /><testcase classname="tornado.test.gen_test.WithTimeoutTest" name="test_completes_before_timeout" time="0.102" /><testcase classname="tornado.test.gen_test.WithTimeoutTest" name="test_fails_before_timeout" time="0.102" /><testcase classname="tornado.test.gen_test.WithTimeoutTest" name="test_normal_concurrent_future" time="0.012" /><testcase classname="tornado.test.gen_test.WithTimeoutTest" name="test_timeout" time="0.101" /><testcase classname="tornado.test.gen_test.WithTimeoutTest" name="test_timeout_concurrent_future" time="0.102" /><testcase classname="tornado.test.gen_test.WaitIteratorTest" name="test_already_done" time="0.001" /><testcase classname="tornado.test.gen_test.WaitIteratorTest" name="test_empty_iterator" time="0.001" /><testcase classname="tornado.test.gen_test.WaitIteratorTest" name="test_iterator" time="0.001" /><testcase classname="tornado.test.gen_test.WaitIteratorTest" name="test_iterator_async_await" time="0.001" /><testcase classname="tornado.test.gen_test.WaitIteratorTest" name="test_no_ref" time="0.001" /><testcase classname="tornado.test.gen_test.RunnerGCTest" name="test_gc" time="0.018" /><testcase classname="tornado.test.gen_test.RunnerGCTest" name="test_gc_infinite_async_await" time="0.215" /><testcase classname="tornado.test.gen_test.RunnerGCTest" name="test_gc_infinite_coro" time="0.213" /><testcase classname="tornado.test.gen_test.RunnerGCTest" name="test_multi_moment" time="0.001" /><testcase classname="tornado.test.gen_test.ContextVarsTest" name="test_propagate" time="0.003" /><testcase classname="tornado.test.gen_test.ContextVarsTest" name="test_propagate_to_first_yield_with_native_async_function" time="0.001" /><testcase classname="tornado.test.gen_test.ContextVarsTest" name="test_reset" time="0.001" /><testcase classname="tornado.test.http1connection_test.HTTP1ConnectionTest" name="test_http10_no_content_length" time="0.002" /><testcase classname="tornado.test.httpclient_test.HTTPClientCommonTestCase" name="test_304_with_content_length" time="0.008" /><testcase classname="tornado.test.httpclient_test.HTTPClientCommonTestCase" name="test_all_methods" time="0.014" /><testcase classname="tornado.test.httpclient_test.HTTPClientCommonTestCase" name="test_basic_auth" time="0.003" /><testcase classname="tornado.test.httpclient_test.HTTPClientCommonTestCase" name="test_basic_auth_explicit_mode" time="0.003" /><testcase classname="tornado.test.httpclient_test.HTTPClientCommonTestCase" name="test_basic_auth_unicode" time="0.006" /><testcase classname="tornado.test.httpclient_test.HTTPClientCommonTestCase" name="test_bind_source_ip" time="0.003" /><testcase classname="tornado.test.httpclient_test.HTTPClientCommonTestCase" name="test_body_encoding" time="0.006" /><testcase classname="tornado.test.httpclient_test.HTTPClientCommonTestCase" name="test_body_sanity_checks" time="0.015" /><testcase classname="tornado.test.httpclient_test.HTTPClientCommonTestCase" name="test_chunked" time="0.026" /><testcase classname="tornado.test.httpclient_test.HTTPClientCommonTestCase" name="test_chunked_close" time="0.003" /><testcase classname="tornado.test.httpclient_test.HTTPClientCommonTestCase" name="test_configure_defaults" time="0.003" /><testcase classname="tornado.test.httpclient_test.HTTPClientCommonTestCase" name="test_credentials_in_url" time="0.003" /><testcase classname="tornado.test.httpclient_test.HTTPClientCommonTestCase" name="test_error_after_cancel" time="0.014" /><testcase classname="tornado.test.httpclient_test.HTTPClientCommonTestCase" name="test_follow_redirect" time="0.008" /><testcase classname="tornado.test.httpclient_test.HTTPClientCommonTestCase" name="test_future_http_error" time="0.003" /><testcase classname="tornado.test.httpclient_test.HTTPClientCommonTestCase" name="test_future_http_error_no_raise" time="0.003" /><testcase classname="tornado.test.httpclient_test.HTTPClientCommonTestCase" name="test_future_interface" time="0.003" /><testcase classname="tornado.test.httpclient_test.HTTPClientCommonTestCase" name="test_gzip" time="0.013" /><testcase classname="tornado.test.httpclient_test.HTTPClientCommonTestCase" name="test_header_callback" time="0.014" /><testcase classname="tornado.test.httpclient_test.HTTPClientCommonTestCase" name="test_header_callback_to_parse_line" time="0.004" /><testcase classname="tornado.test.httpclient_test.HTTPClientCommonTestCase" name="test_header_crlf" time="0.009" /><testcase classname="tornado.test.httpclient_test.HTTPClientCommonTestCase" name="test_header_encoding" time="0.003" /><testcase classname="tornado.test.httpclient_test.HTTPClientCommonTestCase" name="test_header_types" time="0.007" /><testcase classname="tornado.test.httpclient_test.HTTPClientCommonTestCase" name="test_hello_world" time="0.005" /><testcase classname="tornado.test.httpclient_test.HTTPClientCommonTestCase" name="test_invalid_gzip" time="0.006" /><testcase classname="tornado.test.httpclient_test.HTTPClientCommonTestCase" name="test_method_after_redirect" time="0.086" /><testcase classname="tornado.test.httpclient_test.HTTPClientCommonTestCase" name="test_multi_line_headers" time="0.003" /><testcase classname="tornado.test.httpclient_test.HTTPClientCommonTestCase" name="test_non_ascii_header" time="0.003" /><testcase classname="tornado.test.httpclient_test.HTTPClientCommonTestCase" name="test_patch_receives_payload" time="0.004" /><testcase classname="tornado.test.httpclient_test.HTTPClientCommonTestCase" name="test_post" time="0.003" /><testcase classname="tornado.test.httpclient_test.HTTPClientCommonTestCase" name="test_put_307" time="0.005" /><testcase classname="tornado.test.httpclient_test.HTTPClientCommonTestCase" name="test_redirect_put_with_body" time="0.005" /><testcase classname="tornado.test.httpclient_test.HTTPClientCommonTestCase" name="test_redirect_put_without_body" time="0.005" /><testcase classname="tornado.test.httpclient_test.HTTPClientCommonTestCase" name="test_redirect_without_location" time="0.003" /><testcase classname="tornado.test.httpclient_test.HTTPClientCommonTestCase" name="test_response_times" time="0.003" /><testcase classname="tornado.test.httpclient_test.HTTPClientCommonTestCase" name="test_reuse_request_from_response" time="0.005" /><testcase classname="tornado.test.httpclient_test.HTTPClientCommonTestCase" name="test_streaming_callback" time="0.003" /><testcase classname="tornado.test.httpclient_test.HTTPClientCommonTestCase" name="test_strip_headers_on_redirect" time="0.027" /><testcase classname="tornado.test.httpclient_test.HTTPClientCommonTestCase" name="test_types" time="0.003" /><testcase classname="tornado.test.httpclient_test.HTTPClientCommonTestCase" name="test_unsupported_auth_mode" time="0.003" /><testcase classname="tornado.test.httpclient_test.HTTPClientCommonTestCase" name="test_zero_timeout" time="0.007" /><testcase classname="tornado.test.httpclient_test.RequestProxyTest" name="test_bad_attribute" time="0.001" /><testcase classname="tornado.test.httpclient_test.RequestProxyTest" name="test_both_set" time="0.000" /><testcase classname="tornado.test.httpclient_test.RequestProxyTest" name="test_default_set" time="0.001" /><testcase classname="tornado.test.httpclient_test.RequestProxyTest" name="test_defaults_none" time="0.000" /><testcase classname="tornado.test.httpclient_test.RequestProxyTest" name="test_neither_set" time="0.001" /><testcase classname="tornado.test.httpclient_test.RequestProxyTest" name="test_request_set" time="0.000" /><testcase classname="tornado.test.httpclient_test.HTTPResponseTestCase" name="test_str" time="0.001" /><testcase classname="tornado.test.httpclient_test.SyncHTTPClientTest" name="test_sync_client" time="0.004" /><testcase classname="tornado.test.httpclient_test.SyncHTTPClientTest" name="test_sync_client_error" time="0.004" /><testcase classname="tornado.test.httpclient_test.SyncHTTPClientSubprocessTest" name="test_destructor_log" time="0.073" /><testcase classname="tornado.test.httpclient_test.HTTPRequestTestCase" name="test_body" time="0.001" /><testcase classname="tornado.test.httpclient_test.HTTPRequestTestCase" name="test_body_setter" time="0.001" /><testcase classname="tornado.test.httpclient_test.HTTPRequestTestCase" name="test_headers" time="0.000" /><testcase classname="tornado.test.httpclient_test.HTTPRequestTestCase" name="test_headers_setter" time="0.000" /><testcase classname="tornado.test.httpclient_test.HTTPRequestTestCase" name="test_if_modified_since" time="0.001" /><testcase classname="tornado.test.httpclient_test.HTTPRequestTestCase" name="test_if_modified_since_naive_deprecated" time="0.001" /><testcase classname="tornado.test.httpclient_test.HTTPRequestTestCase" name="test_null_headers_setter" time="0.001" /><testcase classname="tornado.test.httpclient_test.HTTPErrorTestCase" name="test_copy" time="0.001" /><testcase classname="tornado.test.httpclient_test.HTTPErrorTestCase" name="test_error_with_response" time="0.001" /><testcase classname="tornado.test.httpclient_test.HTTPErrorTestCase" name="test_plain_error" time="0.001" /><testcase classname="tornado.test.httpserver_test.SSLTest" name="test_error_logging" time="0.005" /><testcase classname="tornado.test.httpserver_test.SSLTest" name="test_large_post" time="0.019" /><testcase classname="tornado.test.httpserver_test.SSLTest" name="test_non_ssl_request" time="0.004" /><testcase classname="tornado.test.httpserver_test.SSLTest" name="test_ssl" time="0.017" /><testcase classname="tornado.test.httpserver_test.BadSSLOptionsTest" name="test_missing_arguments" time="0.001" /><testcase classname="tornado.test.httpserver_test.BadSSLOptionsTest" name="test_missing_key" time="0.001" /><testcase classname="tornado.test.httpserver_test.HTTPConnectionTest" name="test_100_continue" time="0.003" /><testcase classname="tornado.test.httpserver_test.HTTPConnectionTest" name="test_multipart_form" time="0.003" /><testcase classname="tornado.test.httpserver_test.HTTPConnectionTest" name="test_newlines" time="0.003" /><testcase classname="tornado.test.httpserver_test.HTTPServerTest" name="test_double_slash" time="0.004" /><testcase classname="tornado.test.httpserver_test.HTTPServerTest" name="test_empty_post_parameters" time="0.003" /><testcase classname="tornado.test.httpserver_test.HTTPServerTest" name="test_empty_query_string" time="0.003" /><testcase classname="tornado.test.httpserver_test.HTTPServerTest" name="test_post_encodings" time="0.012" /><testcase classname="tornado.test.httpserver_test.HTTPServerTest" name="test_query_string_encoding" time="0.003" /><testcase classname="tornado.test.httpserver_test.HTTPServerTest" name="test_types" time="0.006" /><testcase classname="tornado.test.httpserver_test.HTTPServerRawTest" name="test_chunked_request_body" time="0.002" /><testcase classname="tornado.test.httpserver_test.HTTPServerRawTest" name="test_chunked_request_body_duplicate_header" time="0.003" /><testcase classname="tornado.test.httpserver_test.HTTPServerRawTest" name="test_chunked_request_body_invalid_size" time="0.002" /><testcase classname="tornado.test.httpserver_test.HTTPServerRawTest" name="test_chunked_request_body_transfer_encoding_and_content_length" time="0.004" /><testcase classname="tornado.test.httpserver_test.HTTPServerRawTest" name="test_chunked_request_body_unsupported_transfer_encoding" time="0.003" /><testcase classname="tornado.test.httpserver_test.HTTPServerRawTest" name="test_chunked_request_uppercase" time="0.002" /><testcase classname="tornado.test.httpserver_test.HTTPServerRawTest" name="test_empty_request" time="0.002" /><testcase classname="tornado.test.httpserver_test.HTTPServerRawTest" name="test_invalid_content_length" time="0.005" /><testcase classname="tornado.test.httpserver_test.HTTPServerRawTest" name="test_invalid_host_header_with_whitespace" time="0.003" /><testcase classname="tornado.test.httpserver_test.HTTPServerRawTest" name="test_invalid_methods" time="0.004" /><testcase classname="tornado.test.httpserver_test.HTTPServerRawTest" name="test_malformed_first_line_log" time="0.052" /><testcase classname="tornado.test.httpserver_test.HTTPServerRawTest" name="test_malformed_first_line_response" time="0.002" /><testcase classname="tornado.test.httpserver_test.HTTPServerRawTest" name="test_malformed_headers" time="0.054" /><testcase classname="tornado.test.httpserver_test.XHeaderTest" name="test_ip_headers" time="0.014" /><testcase classname="tornado.test.httpserver_test.XHeaderTest" name="test_scheme_headers" time="0.012" /><testcase classname="tornado.test.httpserver_test.XHeaderTest" name="test_trusted_downstream" time="0.003" /><testcase classname="tornado.test.httpserver_test.SSLXHeaderTest" name="test_request_without_xprotocol" time="0.049" /><testcase classname="tornado.test.httpserver_test.ManualProtocolTest" name="test_manual_protocol" time="0.003" /><testcase classname="tornado.test.httpserver_test.UnixSocketTest" name="test_unix_socket" time="0.000"><skipped type="pytest.skip" message="abstract base class">/home/snt-pedro/Snt/Ilane/tornado/.venv/lib/python3.12/site-packages/_pytest/unittest.py:523: abstract base class</skipped></testcase><testcase classname="tornado.test.httpserver_test.UnixSocketTest" name="test_unix_socket_bad_request" time="0.000"><skipped type="pytest.skip" message="abstract base class">/home/snt-pedro/Snt/Ilane/tornado/.venv/lib/python3.12/site-packages/_pytest/unittest.py:523: abstract base class</skipped></testcase><testcase classname="tornado.test.httpserver_test.UnixSocketTestFile" name="test_unix_socket" time="0.003" /><testcase classname="tornado.test.httpserver_test.UnixSocketTestFile" name="test_unix_socket_bad_request" time="0.002" /><testcase classname="tornado.test.httpserver_test.UnixSocketTestAbstract" name="test_unix_socket" time="0.002" /><testcase classname="tornado.test.httpserver_test.UnixSocketTestAbstract" name="test_unix_socket_bad_request" time="0.001" /><testcase classname="tornado.test.httpserver_test.KeepAliveTest" name="test_cancel_during_download" time="0.006" /><testcase classname="tornado.test.httpserver_test.KeepAliveTest" name="test_finish_while_closed" time="0.003" /><testcase classname="tornado.test.httpserver_test.KeepAliveTest" name="test_http10" time="0.003" /><testcase classname="tornado.test.httpserver_test.KeepAliveTest" name="test_http10_keepalive" time="0.004" /><testcase classname="tornado.test.httpserver_test.KeepAliveTest" name="test_http10_keepalive_extra_crlf" time="0.004" /><testcase classname="tornado.test.httpserver_test.KeepAliveTest" name="test_keepalive_chunked" time="0.004" /><testcase classname="tornado.test.httpserver_test.KeepAliveTest" name="test_keepalive_chunked_head_no_body" time="0.004" /><testcase classname="tornado.test.httpserver_test.KeepAliveTest" name="test_pipelined_cancel" time="0.004" /><testcase classname="tornado.test.httpserver_test.KeepAliveTest" name="test_pipelined_requests" time="0.004" /><testcase classname="tornado.test.httpserver_test.KeepAliveTest" name="test_request_close" time="0.003" /><testcase classname="tornado.test.httpserver_test.KeepAliveTest" name="test_two_requests" time="0.004" /><testcase classname="tornado.test.httpserver_test.GzipBaseTest" name="test_uncompressed" time="0.003" /><testcase classname="tornado.test.httpserver_test.GzipTest" name="test_gzip" time="0.004" /><testcase classname="tornado.test.httpserver_test.GzipTest" name="test_gzip_case_insensitive" time="0.013" /><testcase classname="tornado.test.httpserver_test.GzipTest" name="test_size_limit" time="0.004" /><testcase classname="tornado.test.httpserver_test.GzipTest" name="test_uncompressed" time="0.003" /><testcase classname="tornado.test.httpserver_test.GzipUnsupportedTest" name="test_gzip_unsupported" time="0.004" /><testcase classname="tornado.test.httpserver_test.GzipUnsupportedTest" name="test_uncompressed" time="0.003" /><testcase classname="tornado.test.httpserver_test.StreamingChunkSizeTest" name="test_chunked_body" time="0.003" /><testcase classname="tornado.test.httpserver_test.StreamingChunkSizeTest" name="test_chunked_compressed" time="0.003" /><testcase classname="tornado.test.httpserver_test.StreamingChunkSizeTest" name="test_compressed_body" time="0.003" /><testcase classname="tornado.test.httpserver_test.StreamingChunkSizeTest" name="test_regular_body" time="0.003" /><testcase classname="tornado.test.httpserver_test.InvalidOutputContentLengthTest" name="test_invalid_output_content_length" time="0.007" /><testcase classname="tornado.test.httpserver_test.MaxHeaderSizeTest" name="test_large_headers" time="0.003" /><testcase classname="tornado.test.httpserver_test.MaxHeaderSizeTest" name="test_small_headers" time="0.003" /><testcase classname="tornado.test.httpserver_test.IdleTimeoutTest" name="test_idle_after_use" time="0.103" /><testcase classname="tornado.test.httpserver_test.IdleTimeoutTest" name="test_unused_connection" time="0.102" /><testcase classname="tornado.test.httpserver_test.BodyLimitsTest" name="test_body_size_override_reset" time="0.004" /><testcase classname="tornado.test.httpserver_test.BodyLimitsTest" name="test_large_body_buffered" time="0.003" /><testcase classname="tornado.test.httpserver_test.BodyLimitsTest" name="test_large_body_buffered_chunked" time="0.003" /><testcase classname="tornado.test.httpserver_test.BodyLimitsTest" name="test_large_body_streaming" time="0.003" /><testcase classname="tornado.test.httpserver_test.BodyLimitsTest" name="test_large_body_streaming_chunked" time="0.003" /><testcase classname="tornado.test.httpserver_test.BodyLimitsTest" name="test_large_body_streaming_chunked_override" time="0.003" /><testcase classname="tornado.test.httpserver_test.BodyLimitsTest" name="test_large_body_streaming_override" time="0.004" /><testcase classname="tornado.test.httpserver_test.BodyLimitsTest" name="test_small_body" time="0.005" /><testcase classname="tornado.test.httpserver_test.BodyLimitsTest" name="test_timeout" time="0.103" /><testcase classname="tornado.test.httpserver_test.LegacyInterfaceTest" name="test_legacy_interface" time="0.004" /><testcase classname="tornado.test.httputil_test.TestUrlConcat" name="test_url_concat_dict_params" time="0.001" /><testcase classname="tornado.test.httputil_test.TestUrlConcat" name="test_url_concat_encode_args" time="0.000" /><testcase classname="tornado.test.httputil_test.TestUrlConcat" name="test_url_concat_mult_params" time="0.000" /><testcase classname="tornado.test.httputil_test.TestUrlConcat" name="test_url_concat_multi_same_params" time="0.001" /><testcase classname="tornado.test.httputil_test.TestUrlConcat" name="test_url_concat_multi_same_query_params" time="0.001" /><testcase classname="tornado.test.httputil_test.TestUrlConcat" name="test_url_concat_no_params" time="0.000" /><testcase classname="tornado.test.httputil_test.TestUrlConcat" name="test_url_concat_no_query_params" time="0.000" /><testcase classname="tornado.test.httputil_test.TestUrlConcat" name="test_url_concat_none_params" time="0.000" /><testcase classname="tornado.test.httputil_test.TestUrlConcat" name="test_url_concat_q_with_no_trailing_amp" time="0.000" /><testcase classname="tornado.test.httputil_test.TestUrlConcat" name="test_url_concat_trailing_amp" time="0.000" /><testcase classname="tornado.test.httputil_test.TestUrlConcat" name="test_url_concat_trailing_q" time="0.000" /><testcase classname="tornado.test.httputil_test.TestUrlConcat" name="test_url_concat_with_frag" time="0.000" /><testcase classname="tornado.test.httputil_test.QsParseTest" name="test_parsing" time="0.000" /><testcase classname="tornado.test.httputil_test.MultipartFormDataTest" name="test_boundary_starts_and_ends_with_quotes" time="0.001" /><testcase classname="tornado.test.httputil_test.MultipartFormDataTest" name="test_content_disposition_header_without_name_parameter" time="0.001" /><testcase classname="tornado.test.httputil_test.MultipartFormDataTest" name="test_data_after_final_boundary" time="0.000" /><testcase classname="tornado.test.httputil_test.MultipartFormDataTest" name="test_disposition_param_linear_performance" time="0.010" /><testcase classname="tornado.test.httputil_test.MultipartFormDataTest" name="test_file_upload" time="0.001" /><testcase classname="tornado.test.httputil_test.MultipartFormDataTest" name="test_invalid_chars" time="0.001" /><testcase classname="tornado.test.httputil_test.MultipartFormDataTest" name="test_invalid_content_disposition" time="0.000" /><testcase classname="tornado.test.httputil_test.MultipartFormDataTest" name="test_line_does_not_end_with_correct_line_break" time="0.000" /><testcase classname="tornado.test.httputil_test.MultipartFormDataTest" name="test_missing_headers" time="0.000" /><testcase classname="tornado.test.httputil_test.MultipartFormDataTest" name="test_multipart_config" time="0.001" /><testcase classname="tornado.test.httputil_test.MultipartFormDataTest" name="test_non_ascii_filename_raw" time="0.000" /><testcase classname="tornado.test.httputil_test.MultipartFormDataTest" name="test_non_ascii_filename_rfc5987" time="0.002" /><testcase classname="tornado.test.httputil_test.MultipartFormDataTest" name="test_special_filenames" time="0.001" /><testcase classname="tornado.test.httputil_test.MultipartFormDataTest" name="test_unquoted_names" time="0.000" /><testcase classname="tornado.test.httputil_test.HTTPHeadersTest" name="test_continuation" time="0.000" /><testcase classname="tornado.test.httputil_test.HTTPHeadersTest" name="test_copy" time="0.001" /><testcase classname="tornado.test.httputil_test.HTTPHeadersTest" name="test_forbidden_ascii_characters" time="0.003" /><testcase classname="tornado.test.httputil_test.HTTPHeadersTest" name="test_invalid_header_names" time="0.000" /><testcase classname="tornado.test.httputil_test.HTTPHeadersTest" name="test_linear_performance" time="0.228" /><testcase classname="tornado.test.httputil_test.HTTPHeadersTest" name="test_multi_line" time="0.001" /><testcase classname="tornado.test.httputil_test.HTTPHeadersTest" name="test_optional_cr" time="0.001" /><testcase classname="tornado.test.httputil_test.HTTPHeadersTest" name="test_pickle_roundtrip" time="0.000" /><testcase classname="tornado.test.httputil_test.HTTPHeadersTest" name="test_setdefault" time="0.000" /><testcase classname="tornado.test.httputil_test.HTTPHeadersTest" name="test_string" time="0.000" /><testcase classname="tornado.test.httputil_test.HTTPHeadersTest" name="test_unicode_newlines" time="0.000" /><testcase classname="tornado.test.httputil_test.HTTPHeadersTest" name="test_unicode_whitespace" time="0.000" /><testcase classname="tornado.test.httputil_test.FormatTimestampTest" name="test_other_aware_datetime" time="0.001" /><testcase classname="tornado.test.httputil_test.FormatTimestampTest" name="test_struct_time" time="0.001" /><testcase classname="tornado.test.httputil_test.FormatTimestampTest" name="test_time_tuple" time="0.001" /><testcase classname="tornado.test.httputil_test.FormatTimestampTest" name="test_unix_time_float" time="0.001" /><testcase classname="tornado.test.httputil_test.FormatTimestampTest" name="test_unix_time_int" time="0.001" /><testcase classname="tornado.test.httputil_test.FormatTimestampTest" name="test_utc_aware_datetime" time="0.001" /><testcase classname="tornado.test.httputil_test.FormatTimestampTest" name="test_utc_naive_datetime" time="0.001" /><testcase classname="tornado.test.httputil_test.FormatTimestampTest" name="test_utc_naive_datetime_deprecated" time="0.001" /><testcase classname="tornado.test.httputil_test.HTTPServerRequestTest" name="test_body_is_a_byte_string" time="0.001" /><testcase classname="tornado.test.httputil_test.HTTPServerRequestTest" name="test_default_constructor" time="0.001" /><testcase classname="tornado.test.httputil_test.HTTPServerRequestTest" name="test_repr_does_not_contain_headers" time="0.000" /><testcase classname="tornado.test.httputil_test.ParseRequestStartLineTest" name="test_parse_request_start_line" time="0.001" /><testcase classname="tornado.test.httputil_test.ParseCookieTest" name="test_cookie_edgecases" time="0.000" /><testcase classname="tornado.test.httputil_test.ParseCookieTest" name="test_invalid_cookies" time="0.000" /><testcase classname="tornado.test.httputil_test.ParseCookieTest" name="test_python_cookies" time="0.001" /><testcase classname="tornado.test.httputil_test.ParseCookieTest" name="test_unquote" time="0.003" /><testcase classname="tornado.test.httputil_test.ParseCookieTest" name="test_unquote_large" time="0.112" /><testcase classname="tornado.test.import_test.ImportTest" name="test_import_aliases" time="0.001" /><testcase classname="tornado.test.import_test.ImportTest" name="test_import_everything" time="0.089" /><testcase classname="tornado.test.import_test.ImportTest" name="test_lazy_import" time="0.078" /><testcase classname="tornado.test.ioloop_test.TestIOLoop" name="test_add_callback_from_signal" time="0.001" /><testcase classname="tornado.test.ioloop_test.TestIOLoop" name="test_add_callback_from_signal_other_thread" time="0.001" /><testcase classname="tornado.test.ioloop_test.TestIOLoop" name="test_add_callback_return_sequence" time="0.051" /><testcase classname="tornado.test.ioloop_test.TestIOLoop" name="test_add_callback_wakeup" time="0.001" /><testcase classname="tornado.test.ioloop_test.TestIOLoop" name="test_add_callback_wakeup_other_thread" time="0.011" /><testcase classname="tornado.test.ioloop_test.TestIOLoop" name="test_add_callback_while_closing" time="0.003" /><testcase classname="tornado.test.ioloop_test.TestIOLoop" name="test_add_timeout_return" time="0.000" /><testcase classname="tornado.test.ioloop_test.TestIOLoop" name="test_add_timeout_timedelta" time="0.001" /><testcase classname="tornado.test.ioloop_test.TestIOLoop" name="test_call_at_return" time="0.000" /><testcase classname="tornado.test.ioloop_test.TestIOLoop" name="test_call_later_return" time="0.000" /><testcase classname="tornado.test.ioloop_test.TestIOLoop" name="test_close_file_object" time="0.001" /><testcase classname="tornado.test.ioloop_test.TestIOLoop" name="test_exception_logging" time="0.001" /><testcase classname="tornado.test.ioloop_test.TestIOLoop" name="test_exception_logging_future" time="0.001" /><testcase classname="tornado.test.ioloop_test.TestIOLoop" name="test_exception_logging_native_coro" time="0.001" /><testcase classname="tornado.test.ioloop_test.TestIOLoop" name="test_explicit_asyncio_loop" time="0.001" /><testcase classname="tornado.test.ioloop_test.TestIOLoop" name="test_handler_callback_file_object" time="0.001" /><testcase classname="tornado.test.ioloop_test.TestIOLoop" name="test_init_close_race" time="0.003" /><testcase classname="tornado.test.ioloop_test.TestIOLoop" name="test_mixed_fd_fileobj" time="0.001" /><testcase classname="tornado.test.ioloop_test.TestIOLoop" name="test_multiple_add" time="0.001" /><testcase classname="tornado.test.ioloop_test.TestIOLoop" name="test_read_while_writeable" time="0.011" /><testcase classname="tornado.test.ioloop_test.TestIOLoop" name="test_reentrant" time="0.001" /><testcase classname="tornado.test.ioloop_test.TestIOLoop" name="test_remove_handler_from_handler" time="0.101" /><testcase classname="tornado.test.ioloop_test.TestIOLoop" name="test_remove_timeout_after_fire" time="0.001" /><testcase classname="tornado.test.ioloop_test.TestIOLoop" name="test_remove_timeout_cleanup" time="0.015" /><testcase classname="tornado.test.ioloop_test.TestIOLoop" name="test_remove_timeout_from_timeout" time="0.031" /><testcase classname="tornado.test.ioloop_test.TestIOLoop" name="test_remove_without_add" time="0.001" /><testcase classname="tornado.test.ioloop_test.TestIOLoop" name="test_spawn_callback" time="0.001" /><testcase classname="tornado.test.ioloop_test.TestIOLoop" name="test_timeout_with_arguments" time="0.001" /><testcase classname="tornado.test.ioloop_test.TestIOLoopCurrent" name="test_force_current" time="0.001" /><testcase classname="tornado.test.ioloop_test.TestIOLoopCurrent" name="test_non_current" time="0.001" /><testcase classname="tornado.test.ioloop_test.TestIOLoopCurrentAsync" name="test_clear_without_current" time="0.001" /><testcase classname="tornado.test.ioloop_test.TestIOLoopFutures" name="test_add_future_threads" time="0.002" /><testcase classname="tornado.test.ioloop_test.TestIOLoopFutures" name="test_run_in_executor_gen" time="0.002" /><testcase classname="tornado.test.ioloop_test.TestIOLoopFutures" name="test_run_in_executor_native" time="0.002" /><testcase classname="tornado.test.ioloop_test.TestIOLoopFutures" name="test_set_default_executor" time="0.001" /><testcase classname="tornado.test.ioloop_test.TestIOLoopRunSync" name="test_async_exception" time="0.001" /><testcase classname="tornado.test.ioloop_test.TestIOLoopRunSync" name="test_async_result" time="0.001" /><testcase classname="tornado.test.ioloop_test.TestIOLoopRunSync" name="test_current" time="0.001" /><testcase classname="tornado.test.ioloop_test.TestIOLoopRunSync" name="test_native_coroutine" time="0.001" /><testcase classname="tornado.test.ioloop_test.TestIOLoopRunSync" name="test_stop_no_timeout" time="0.101" /><testcase classname="tornado.test.ioloop_test.TestIOLoopRunSync" name="test_sync_exception" time="0.001" /><testcase classname="tornado.test.ioloop_test.TestIOLoopRunSync" name="test_sync_result" time="0.001" /><testcase classname="tornado.test.ioloop_test.TestIOLoopRunSync" name="test_timeout" time="0.011" /><testcase classname="tornado.test.ioloop_test.TestPeriodicCallbackMath" name="test_basic" time="0.001" /><testcase classname="tornado.test.ioloop_test.TestPeriodicCallbackMath" name="test_clock_backwards" time="0.000" /><testcase classname="tornado.test.ioloop_test.TestPeriodicCallbackMath" name="test_jitter" time="0.002" /><testcase classname="tornado.test.ioloop_test.TestPeriodicCallbackMath" name="test_overrun" time="0.000" /><testcase classname="tornado.test.ioloop_test.TestPeriodicCallbackMath" name="test_timedelta" time="0.000" /><testcase classname="tornado.test.ioloop_test.TestPeriodicCallbackAsync" name="test_periodic_async" time="0.097" /><testcase classname="tornado.test.ioloop_test.TestPeriodicCallbackAsync" name="test_periodic_coro" time="0.107" /><testcase classname="tornado.test.ioloop_test.TestPeriodicCallbackAsync" name="test_periodic_plain" time="0.031" /><testcase classname="tornado.test.ioloop_test.TestIOLoopConfiguration" name="test_asyncio" time="0.050" /><testcase classname="tornado.test.ioloop_test.TestIOLoopConfiguration" name="test_asyncio_main" time="0.049" /><testcase classname="tornado.test.ioloop_test.TestIOLoopConfiguration" name="test_default" time="0.097" /><testcase classname="tornado.test.iostream_test.TestIOStreamWebMixin" name="test_connection_closed" time="0.000"><skipped type="pytest.skip" message="abstract base class">/home/snt-pedro/Snt/Ilane/tornado/.venv/lib/python3.12/site-packages/_pytest/unittest.py:523: abstract base class</skipped></testcase><testcase classname="tornado.test.iostream_test.TestIOStreamWebMixin" name="test_future_close_while_reading" time="0.000"><skipped type="pytest.skip" message="abstract base class">/home/snt-pedro/Snt/Ilane/tornado/.venv/lib/python3.12/site-packages/_pytest/unittest.py:523: abstract base class</skipped></testcase><testcase classname="tornado.test.iostream_test.TestIOStreamWebMixin" name="test_future_interface" time="0.000"><skipped type="pytest.skip" message="abstract base class">/home/snt-pedro/Snt/Ilane/tornado/.venv/lib/python3.12/site-packages/_pytest/unittest.py:523: abstract base class</skipped></testcase><testcase classname="tornado.test.iostream_test.TestIOStreamWebMixin" name="test_future_read_until_close" time="0.000"><skipped type="pytest.skip" message="abstract base class">/home/snt-pedro/Snt/Ilane/tornado/.venv/lib/python3.12/site-packages/_pytest/unittest.py:523: abstract base class</skipped></testcase><testcase classname="tornado.test.iostream_test.TestIOStreamWebMixin" name="test_read_until_close" time="0.000"><skipped type="pytest.skip" message="abstract base class">/home/snt-pedro/Snt/Ilane/tornado/.venv/lib/python3.12/site-packages/_pytest/unittest.py:523: abstract base class</skipped></testcase><testcase classname="tornado.test.iostream_test.TestIOStreamWebMixin" name="test_read_zero_bytes" time="0.000"><skipped type="pytest.skip" message="abstract base class">/home/snt-pedro/Snt/Ilane/tornado/.venv/lib/python3.12/site-packages/_pytest/unittest.py:523: abstract base class</skipped></testcase><testcase classname="tornado.test.iostream_test.TestIOStreamWebMixin" name="test_write_while_connecting" time="0.000"><skipped type="pytest.skip" message="abstract base class">/home/snt-pedro/Snt/Ilane/tornado/.venv/lib/python3.12/site-packages/_pytest/unittest.py:523: abstract base class</skipped></testcase><testcase classname="tornado.test.iostream_test.TestReadWriteMixin" name="test_close_buffered_data" time="0.000"><skipped type="pytest.skip" message="abstract base class">/home/snt-pedro/Snt/Ilane/tornado/.venv/lib/python3.12/site-packages/_pytest/unittest.py:523: abstract base class</skipped></testcase><testcase classname="tornado.test.iostream_test.TestReadWriteMixin" name="test_close_callback_with_pending_read" time="0.000"><skipped type="pytest.skip" message="abstract base class">/home/snt-pedro/Snt/Ilane/tornado/.venv/lib/python3.12/site-packages/_pytest/unittest.py:523: abstract base class</skipped></testcase><testcase classname="tornado.test.iostream_test.TestReadWriteMixin" name="test_flow_control" time="0.001"><skipped type="pytest.skip" message="abstract base class">/home/snt-pedro/Snt/Ilane/tornado/.venv/lib/python3.12/site-packages/_pytest/unittest.py:523: abstract base class</skipped></testcase><testcase classname="tornado.test.iostream_test.TestReadWriteMixin" name="test_future_close_callback" time="0.000"><skipped type="pytest.skip" message="abstract base class">/home/snt-pedro/Snt/Ilane/tornado/.venv/lib/python3.12/site-packages/_pytest/unittest.py:523: abstract base class</skipped></testcase><testcase classname="tornado.test.iostream_test.TestReadWriteMixin" name="test_future_delayed_close_callback" time="0.000"><skipped type="pytest.skip" message="abstract base class">/home/snt-pedro/Snt/Ilane/tornado/.venv/lib/python3.12/site-packages/_pytest/unittest.py:523: abstract base class</skipped></testcase><testcase classname="tornado.test.iostream_test.TestReadWriteMixin" name="test_large_read_until" time="0.000"><skipped type="pytest.skip" message="abstract base class">/home/snt-pedro/Snt/Ilane/tornado/.venv/lib/python3.12/site-packages/_pytest/unittest.py:523: abstract base class</skipped></testcase><testcase classname="tornado.test.iostream_test.TestReadWriteMixin" name="test_many_mixed_reads" time="0.000"><skipped type="pytest.skip" message="abstract base class">/home/snt-pedro/Snt/Ilane/tornado/.venv/lib/python3.12/site-packages/_pytest/unittest.py:523: abstract base class</skipped></testcase><testcase classname="tornado.test.iostream_test.TestReadWriteMixin" name="test_read_bytes_partial" time="0.001"><skipped type="pytest.skip" message="abstract base class">/home/snt-pedro/Snt/Ilane/tornado/.venv/lib/python3.12/site-packages/_pytest/unittest.py:523: abstract base class</skipped></testcase><testcase classname="tornado.test.iostream_test.TestReadWriteMixin" name="test_read_into" time="0.000"><skipped type="pytest.skip" message="abstract base class">/home/snt-pedro/Snt/Ilane/tornado/.venv/lib/python3.12/site-packages/_pytest/unittest.py:523: abstract base class</skipped></testcase><testcase classname="tornado.test.iostream_test.TestReadWriteMixin" name="test_read_into_partial" time="0.000"><skipped type="pytest.skip" message="abstract base class">/home/snt-pedro/Snt/Ilane/tornado/.venv/lib/python3.12/site-packages/_pytest/unittest.py:523: abstract base class</skipped></testcase><testcase classname="tornado.test.iostream_test.TestReadWriteMixin" name="test_read_into_zero_bytes" time="0.000"><skipped type="pytest.skip" message="abstract base class">/home/snt-pedro/Snt/Ilane/tornado/.venv/lib/python3.12/site-packages/_pytest/unittest.py:523: abstract base class</skipped></testcase><testcase classname="tornado.test.iostream_test.TestReadWriteMixin" name="test_read_until_close_after_close" time="0.000"><skipped type="pytest.skip" message="abstract base class">/home/snt-pedro/Snt/Ilane/tornado/.venv/lib/python3.12/site-packages/_pytest/unittest.py:523: abstract base class</skipped></testcase><testcase classname="tornado.test.iostream_test.TestReadWriteMixin" name="test_read_until_max_bytes" time="0.001"><skipped type="pytest.skip" message="abstract base class">/home/snt-pedro/Snt/Ilane/tornado/.venv/lib/python3.12/site-packages/_pytest/unittest.py:523: abstract base class</skipped></testcase><testcase classname="tornado.test.iostream_test.TestReadWriteMixin" name="test_read_until_max_bytes_ignores_extra" time="0.000"><skipped type="pytest.skip" message="abstract base class">/home/snt-pedro/Snt/Ilane/tornado/.venv/lib/python3.12/site-packages/_pytest/unittest.py:523: abstract base class</skipped></testcase><testcase classname="tornado.test.iostream_test.TestReadWriteMixin" name="test_read_until_max_bytes_inline" time="0.000"><skipped type="pytest.skip" message="abstract base class">/home/snt-pedro/Snt/Ilane/tornado/.venv/lib/python3.12/site-packages/_pytest/unittest.py:523: abstract base class</skipped></testcase><testcase classname="tornado.test.iostream_test.TestReadWriteMixin" name="test_read_until_regex_max_bytes" time="0.000"><skipped type="pytest.skip" message="abstract base class">/home/snt-pedro/Snt/Ilane/tornado/.venv/lib/python3.12/site-packages/_pytest/unittest.py:523: abstract base class</skipped></testcase><testcase classname="tornado.test.iostream_test.TestReadWriteMixin" name="test_read_until_regex_max_bytes_ignores_extra" time="0.000"><skipped type="pytest.skip" message="abstract base class">/home/snt-pedro/Snt/Ilane/tornado/.venv/lib/python3.12/site-packages/_pytest/unittest.py:523: abstract base class</skipped></testcase><testcase classname="tornado.test.iostream_test.TestReadWriteMixin" name="test_read_until_regex_max_bytes_inline" time="0.000"><skipped type="pytest.skip" message="abstract base class">/home/snt-pedro/Snt/Ilane/tornado/.venv/lib/python3.12/site-packages/_pytest/unittest.py:523: abstract base class</skipped></testcase><testcase classname="tornado.test.iostream_test.TestReadWriteMixin" name="test_read_until_unsatisfied_after_close" time="0.000"><skipped type="pytest.skip" message="abstract base class">/home/snt-pedro/Snt/Ilane/tornado/.venv/lib/python3.12/site-packages/_pytest/unittest.py:523: abstract base class</skipped></testcase><testcase classname="tornado.test.iostream_test.TestReadWriteMixin" name="test_read_until_with_close_after_second_packet" time="0.000"><skipped type="pytest.skip" message="abstract base class">/home/snt-pedro/Snt/Ilane/tornado/.venv/lib/python3.12/site-packages/_pytest/unittest.py:523: abstract base class</skipped></testcase><testcase classname="tornado.test.iostream_test.TestReadWriteMixin" name="test_small_read_untils_from_large_buffer" time="0.000"><skipped type="pytest.skip" message="abstract base class">/home/snt-pedro/Snt/Ilane/tornado/.venv/lib/python3.12/site-packages/_pytest/unittest.py:523: abstract base class</skipped></testcase><testcase classname="tornado.test.iostream_test.TestReadWriteMixin" name="test_small_reads_from_large_buffer" time="0.000"><skipped type="pytest.skip" message="abstract base class">/home/snt-pedro/Snt/Ilane/tornado/.venv/lib/python3.12/site-packages/_pytest/unittest.py:523: abstract base class</skipped></testcase><testcase classname="tornado.test.iostream_test.TestReadWriteMixin" name="test_write_memoryview" time="0.000"><skipped type="pytest.skip" message="abstract base class">/home/snt-pedro/Snt/Ilane/tornado/.venv/lib/python3.12/site-packages/_pytest/unittest.py:523: abstract base class</skipped></testcase><testcase classname="tornado.test.iostream_test.TestReadWriteMixin" name="test_write_zero_bytes" time="0.000"><skipped type="pytest.skip" message="abstract base class">/home/snt-pedro/Snt/Ilane/tornado/.venv/lib/python3.12/site-packages/_pytest/unittest.py:523: abstract base class</skipped></testcase><testcase classname="tornado.test.iostream_test.TestIOStreamMixin" name="test_async_read_error_logging" time="0.000"><skipped type="pytest.skip" message="abstract base class">/home/snt-pedro/Snt/Ilane/tornado/.venv/lib/python3.12/site-packages/_pytest/unittest.py:523: abstract base class</skipped></testcase><testcase classname="tornado.test.iostream_test.TestIOStreamMixin" name="test_close_buffered_data" time="0.000"><skipped type="pytest.skip" message="abstract base class">/home/snt-pedro/Snt/Ilane/tornado/.venv/lib/python3.12/site-packages/_pytest/unittest.py:523: abstract base class</skipped></testcase><testcase classname="tornado.test.iostream_test.TestIOStreamMixin" name="test_close_callback_with_pending_read" time="0.000"><skipped type="pytest.skip" message="abstract base class">/home/snt-pedro/Snt/Ilane/tornado/.venv/lib/python3.12/site-packages/_pytest/unittest.py:523: abstract base class</skipped></testcase><testcase classname="tornado.test.iostream_test.TestIOStreamMixin" name="test_connection_refused" time="0.000"><skipped type="pytest.skip" message="abstract base class">/home/snt-pedro/Snt/Ilane/tornado/.venv/lib/python3.12/site-packages/_pytest/unittest.py:523: abstract base class</skipped></testcase><testcase classname="tornado.test.iostream_test.TestIOStreamMixin" name="test_flow_control" time="0.000"><skipped type="pytest.skip" message="abstract base class">/home/snt-pedro/Snt/Ilane/tornado/.venv/lib/python3.12/site-packages/_pytest/unittest.py:523: abstract base class</skipped></testcase><testcase classname="tornado.test.iostream_test.TestIOStreamMixin" name="test_future_close_callback" time="0.000"><skipped type="pytest.skip" message="abstract base class">/home/snt-pedro/Snt/Ilane/tornado/.venv/lib/python3.12/site-packages/_pytest/unittest.py:523: abstract base class</skipped></testcase><testcase classname="tornado.test.iostream_test.TestIOStreamMixin" name="test_future_delayed_close_callback" time="0.000"><skipped type="pytest.skip" message="abstract base class">/home/snt-pedro/Snt/Ilane/tornado/.venv/lib/python3.12/site-packages/_pytest/unittest.py:523: abstract base class</skipped></testcase><testcase classname="tornado.test.iostream_test.TestIOStreamMixin" name="test_future_write" time="0.001"><skipped type="pytest.skip" message="abstract base class">/home/snt-pedro/Snt/Ilane/tornado/.venv/lib/python3.12/site-packages/_pytest/unittest.py:523: abstract base class</skipped></testcase><testcase classname="tornado.test.iostream_test.TestIOStreamMixin" name="test_gaierror" time="0.000"><skipped type="pytest.skip" message="abstract base class">/home/snt-pedro/Snt/Ilane/tornado/.venv/lib/python3.12/site-packages/_pytest/unittest.py:523: abstract base class</skipped></testcase><testcase classname="tornado.test.iostream_test.TestIOStreamMixin" name="test_inline_read_error" time="0.000"><skipped type="pytest.skip" message="abstract base class">/home/snt-pedro/Snt/Ilane/tornado/.venv/lib/python3.12/site-packages/_pytest/unittest.py:523: abstract base class</skipped></testcase><testcase classname="tornado.test.iostream_test.TestIOStreamMixin" name="test_large_read_until" time="0.000"><skipped type="pytest.skip" message="abstract base class">/home/snt-pedro/Snt/Ilane/tornado/.venv/lib/python3.12/site-packages/_pytest/unittest.py:523: abstract base class</skipped></testcase><testcase classname="tornado.test.iostream_test.TestIOStreamMixin" name="test_many_mixed_reads" time="0.000"><skipped type="pytest.skip" message="abstract base class">/home/snt-pedro/Snt/Ilane/tornado/.venv/lib/python3.12/site-packages/_pytest/unittest.py:523: abstract base class</skipped></testcase><testcase classname="tornado.test.iostream_test.TestIOStreamMixin" name="test_read_bytes_partial" time="0.000"><skipped type="pytest.skip" message="abstract base class">/home/snt-pedro/Snt/Ilane/tornado/.venv/lib/python3.12/site-packages/_pytest/unittest.py:523: abstract base class</skipped></testcase><testcase classname="tornado.test.iostream_test.TestIOStreamMixin" name="test_read_into" time="0.000"><skipped type="pytest.skip" message="abstract base class">/home/snt-pedro/Snt/Ilane/tornado/.venv/lib/python3.12/site-packages/_pytest/unittest.py:523: abstract base class</skipped></testcase><testcase classname="tornado.test.iostream_test.TestIOStreamMixin" name="test_read_into_partial" time="0.000"><skipped type="pytest.skip" message="abstract base class">/home/snt-pedro/Snt/Ilane/tornado/.venv/lib/python3.12/site-packages/_pytest/unittest.py:523: abstract base class</skipped></testcase><testcase classname="tornado.test.iostream_test.TestIOStreamMixin" name="test_read_into_zero_bytes" time="0.000"><skipped type="pytest.skip" message="abstract base class">/home/snt-pedro/Snt/Ilane/tornado/.venv/lib/python3.12/site-packages/_pytest/unittest.py:523: abstract base class</skipped></testcase><testcase classname="tornado.test.iostream_test.TestIOStreamMixin" name="test_read_until_close_after_close" time="0.000"><skipped type="pytest.skip" message="abstract base class">/home/snt-pedro/Snt/Ilane/tornado/.venv/lib/python3.12/site-packages/_pytest/unittest.py:523: abstract base class</skipped></testcase><testcase classname="tornado.test.iostream_test.TestIOStreamMixin" name="test_read_until_close_with_error" time="0.000"><skipped type="pytest.skip" message="abstract base class">/home/snt-pedro/Snt/Ilane/tornado/.venv/lib/python3.12/site-packages/_pytest/unittest.py:523: abstract base class</skipped></testcase><testcase classname="tornado.test.iostream_test.TestIOStreamMixin" name="test_read_until_max_bytes" time="0.000"><skipped type="pytest.skip" message="abstract base class">/home/snt-pedro/Snt/Ilane/tornado/.venv/lib/python3.12/site-packages/_pytest/unittest.py:523: abstract base class</skipped></testcase><testcase classname="tornado.test.iostream_test.TestIOStreamMixin" name="test_read_until_max_bytes_ignores_extra" time="0.000"><skipped type="pytest.skip" message="abstract base class">/home/snt-pedro/Snt/Ilane/tornado/.venv/lib/python3.12/site-packages/_pytest/unittest.py:523: abstract base class</skipped></testcase><testcase classname="tornado.test.iostream_test.TestIOStreamMixin" name="test_read_until_max_bytes_inline" time="0.000"><skipped type="pytest.skip" message="abstract base class">/home/snt-pedro/Snt/Ilane/tornado/.venv/lib/python3.12/site-packages/_pytest/unittest.py:523: abstract base class</skipped></testcase><testcase classname="tornado.test.iostream_test.TestIOStreamMixin" name="test_read_until_regex_max_bytes" time="0.000"><skipped type="pytest.skip" message="abstract base class">/home/snt-pedro/Snt/Ilane/tornado/.venv/lib/python3.12/site-packages/_pytest/unittest.py:523: abstract base class</skipped></testcase><testcase classname="tornado.test.iostream_test.TestIOStreamMixin" name="test_read_until_regex_max_bytes_ignores_extra" time="0.000"><skipped type="pytest.skip" message="abstract base class">/home/snt-pedro/Snt/Ilane/tornado/.venv/lib/python3.12/site-packages/_pytest/unittest.py:523: abstract base class</skipped></testcase><testcase classname="tornado.test.iostream_test.TestIOStreamMixin" name="test_read_until_regex_max_bytes_inline" time="0.000"><skipped type="pytest.skip" message="abstract base class">/home/snt-pedro/Snt/Ilane/tornado/.venv/lib/python3.12/site-packages/_pytest/unittest.py:523: abstract base class</skipped></testcase><testcase classname="tornado.test.iostream_test.TestIOStreamMixin" name="test_read_until_unsatisfied_after_close" time="0.000"><skipped type="pytest.skip" message="abstract base class">/home/snt-pedro/Snt/Ilane/tornado/.venv/lib/python3.12/site-packages/_pytest/unittest.py:523: abstract base class</skipped></testcase><testcase classname="tornado.test.iostream_test.TestIOStreamMixin" name="test_read_until_with_close_after_second_packet" time="0.000"><skipped type="pytest.skip" message="abstract base class">/home/snt-pedro/Snt/Ilane/tornado/.venv/lib/python3.12/site-packages/_pytest/unittest.py:523: abstract base class</skipped></testcase><testcase classname="tornado.test.iostream_test.TestIOStreamMixin" name="test_small_read_untils_from_large_buffer" time="0.000"><skipped type="pytest.skip" message="abstract base class">/home/snt-pedro/Snt/Ilane/tornado/.venv/lib/python3.12/site-packages/_pytest/unittest.py:523: abstract base class</skipped></testcase><testcase classname="tornado.test.iostream_test.TestIOStreamMixin" name="test_small_reads_from_large_buffer" time="0.000"><skipped type="pytest.skip" message="abstract base class">/home/snt-pedro/Snt/Ilane/tornado/.venv/lib/python3.12/site-packages/_pytest/unittest.py:523: abstract base class</skipped></testcase><testcase classname="tornado.test.iostream_test.TestIOStreamMixin" name="test_write_memoryview" time="0.000"><skipped type="pytest.skip" message="abstract base class">/home/snt-pedro/Snt/Ilane/tornado/.venv/lib/python3.12/site-packages/_pytest/unittest.py:523: abstract base class</skipped></testcase><testcase classname="tornado.test.iostream_test.TestIOStreamMixin" name="test_write_zero_bytes" time="0.000"><skipped type="pytest.skip" message="abstract base class">/home/snt-pedro/Snt/Ilane/tornado/.venv/lib/python3.12/site-packages/_pytest/unittest.py:523: abstract base class</skipped></testcase><testcase classname="tornado.test.iostream_test.TestIOStreamWebHTTP" name="test_connection_closed" time="0.004" /><testcase classname="tornado.test.iostream_test.TestIOStreamWebHTTP" name="test_future_close_while_reading" time="0.002" /><testcase classname="tornado.test.iostream_test.TestIOStreamWebHTTP" name="test_future_interface" time="0.002" /><testcase classname="tornado.test.iostream_test.TestIOStreamWebHTTP" name="test_future_read_until_close" time="0.002" /><testcase classname="tornado.test.iostream_test.TestIOStreamWebHTTP" name="test_read_until_close" time="0.002" /><testcase classname="tornado.test.iostream_test.TestIOStreamWebHTTP" name="test_read_zero_bytes" time="0.002" /><testcase classname="tornado.test.iostream_test.TestIOStreamWebHTTP" name="test_write_while_connecting" time="0.002" /><testcase classname="tornado.test.iostream_test.TestIOStreamWebHTTPS" name="test_connection_closed" time="0.019" /><testcase classname="tornado.test.iostream_test.TestIOStreamWebHTTPS" name="test_future_close_while_reading" time="0.005" /><testcase classname="tornado.test.iostream_test.TestIOStreamWebHTTPS" name="test_future_interface" time="0.005" /><testcase classname="tornado.test.iostream_test.TestIOStreamWebHTTPS" name="test_future_read_until_close" time="0.005" /><testcase classname="tornado.test.iostream_test.TestIOStreamWebHTTPS" name="test_read_until_close" time="0.005" /><testcase classname="tornado.test.iostream_test.TestIOStreamWebHTTPS" name="test_read_zero_bytes" time="0.004" /><testcase classname="tornado.test.iostream_test.TestIOStreamWebHTTPS" name="test_write_while_connecting" time="0.005" /><testcase classname="tornado.test.iostream_test.TestIOStream" name="test_async_read_error_logging" time="0.002" /><testcase classname="tornado.test.iostream_test.TestIOStream" name="test_close_buffered_data" time="0.012" /><testcase classname="tornado.test.iostream_test.TestIOStream" name="test_close_callback_with_pending_read" time="0.001" /><testcase classname="tornado.test.iostream_test.TestIOStream" name="test_connection_refused" time="0.001" /><testcase classname="tornado.test.iostream_test.TestIOStream" name="test_flow_control" time="0.110" /><testcase classname="tornado.test.iostream_test.TestIOStream" name="test_future_close_callback" time="0.001" /><testcase classname="tornado.test.iostream_test.TestIOStream" name="test_future_delayed_close_callback" time="0.001" /><testcase classname="tornado.test.iostream_test.TestIOStream" name="test_future_write" time="0.281" /><testcase classname="tornado.test.iostream_test.TestIOStream" name="test_gaierror" time="0.002" /><testcase classname="tornado.test.iostream_test.TestIOStream" name="test_inline_read_error" time="0.001" /><testcase classname="tornado.test.iostream_test.TestIOStream" name="test_large_read_until" time="0.061" /><tes
[...]
tornado.test.web_test.Header304Test" name="test_304_headers" time="0.006" /><testcase classname="tornado.test.web_test.StatusReasonTest" name="test_header_injection" time="0.004" /><testcase classname="tornado.test.web_test.StatusReasonTest" name="test_reason_xss" time="0.003" /><testcase classname="tornado.test.web_test.StatusReasonTest" name="test_status" time="0.008" /><testcase classname="tornado.test.web_test.DateHeaderTest" name="test_date_header" time="0.003" /><testcase classname="tornado.test.web_test.RaiseWithReasonTest" name="test_httperror_str" time="0.001" /><testcase classname="tornado.test.web_test.RaiseWithReasonTest" name="test_httperror_str_from_httputil" time="0.001" /><testcase classname="tornado.test.web_test.RaiseWithReasonTest" name="test_raise_with_reason" time="0.003" /><testcase classname="tornado.test.web_test.ErrorHandlerXSRFTest" name="test_404_xsrf" time="0.004" /><testcase classname="tornado.test.web_test.ErrorHandlerXSRFTest" name="test_error_xsrf" time="0.003" /><testcase classname="tornado.test.web_test.GzipTestCase" name="test_gzip" time="0.003" /><testcase classname="tornado.test.web_test.GzipTestCase" name="test_gzip_not_requested" time="0.003" /><testcase classname="tornado.test.web_test.GzipTestCase" name="test_gzip_static" time="0.003" /><testcase classname="tornado.test.web_test.GzipTestCase" name="test_vary_already_present" time="0.003" /><testcase classname="tornado.test.web_test.GzipTestCase" name="test_vary_already_present_multiple" time="0.003" /><testcase classname="tornado.test.web_test.PathArgsInPrepareTest" name="test_kw" time="0.004" /><testcase classname="tornado.test.web_test.PathArgsInPrepareTest" name="test_pos" time="0.003" /><testcase classname="tornado.test.web_test.ClearAllCookiesTest" name="test_clear_all_cookies" time="0.003" /><testcase classname="tornado.test.web_test.ExceptionHandlerTest" name="test_http_error" time="0.004" /><testcase classname="tornado.test.web_test.ExceptionHandlerTest" name="test_known_error" time="0.004" /><testcase classname="tornado.test.web_test.ExceptionHandlerTest" name="test_unknown_error" time="0.003" /><testcase classname="tornado.test.web_test.BuggyLoggingTest" name="test_buggy_log_exception" time="0.003" /><testcase classname="tornado.test.web_test.UIMethodUIModuleTest" name="test_ui_method" time="0.004" /><testcase classname="tornado.test.web_test.GetArgumentErrorTest" name="test_catch_error" time="0.003" /><testcase classname="tornado.test.web_test.SetLazyPropertiesTest" name="test_set_properties" time="0.004" /><testcase classname="tornado.test.web_test.GetCurrentUserTest" name="test_get_current_user_from_ui_module_is_lazy" time="0.005" /><testcase classname="tornado.test.web_test.GetCurrentUserTest" name="test_get_current_user_from_ui_module_works" time="0.003" /><testcase classname="tornado.test.web_test.GetCurrentUserTest" name="test_get_current_user_is_lazy" time="0.001"><skipped type="pytest.skip" message="needs fix">/home/snt-pedro/Snt/Ilane/tornado/tornado/test/web_test.py:2250: needs fix</skipped></testcase><testcase classname="tornado.test.web_test.GetCurrentUserTest" name="test_get_current_user_works" time="0.004" /><testcase classname="tornado.test.web_test.UnimplementedHTTPMethodsTest" name="test_unimplemented_standard_methods" time="0.011" /><testcase classname="tornado.test.web_test.UnimplementedNonStandardMethodsTest" name="test_unimplemented_other" time="0.003" /><testcase classname="tornado.test.web_test.UnimplementedNonStandardMethodsTest" name="test_unimplemented_patch" time="0.003" /><testcase classname="tornado.test.web_test.AllHTTPMethodsTest" name="test_standard_methods" time="0.010" /><testcase classname="tornado.test.web_test.PatchMethodTest" name="test_other" time="0.003" /><testcase classname="tornado.test.web_test.PatchMethodTest" name="test_patch" time="0.003" /><testcase classname="tornado.test.web_test.FinishInPrepareTest" name="test_finish_in_prepare" time="0.003" /><testcase classname="tornado.test.web_test.Default404Test" name="test_404" time="0.003" /><testcase classname="tornado.test.web_test.Custom404Test" name="test_404" time="0.003" /><testcase classname="tornado.test.web_test.DefaultHandlerArgumentsTest" name="test_403" time="0.003" /><testcase classname="tornado.test.web_test.HandlerByNameTest" name="test_handler_by_name" time="0.006" /><testcase classname="tornado.test.web_test.StreamingRequestBodyTest" name="test_close_during_upload" time="0.003" /><testcase classname="tornado.test.web_test.StreamingRequestBodyTest" name="test_early_return" time="0.002" /><testcase classname="tornado.test.web_test.StreamingRequestBodyTest" name="test_early_return_with_data" time="0.002" /><testcase classname="tornado.test.web_test.StreamingRequestBodyTest" name="test_streaming_body" time="0.002" /><testcase classname="tornado.test.web_test.DecoratedStreamingRequestFlowControlTest" name="test_flow_control_chunked_body" time="0.003" /><testcase classname="tornado.test.web_test.DecoratedStreamingRequestFlowControlTest" name="test_flow_control_compressed_body" time="0.003" /><testcase classname="tornado.test.web_test.DecoratedStreamingRequestFlowControlTest" name="test_flow_control_fixed_body" time="0.003" /><testcase classname="tornado.test.web_test.NativeStreamingRequestFlowControlTest" name="test_flow_control_chunked_body" time="0.004" /><testcase classname="tornado.test.web_test.NativeStreamingRequestFlowControlTest" name="test_flow_control_compressed_body" time="0.003" /><testcase classname="tornado.test.web_test.NativeStreamingRequestFlowControlTest" name="test_flow_control_fixed_body" time="0.003" /><testcase classname="tornado.test.web_test.IncorrectContentLengthTest" name="test_content_length_too_high" time="0.006" /><testcase classname="tornado.test.web_test.IncorrectContentLengthTest" name="test_content_length_too_low" time="0.003" /><testcase classname="tornado.test.web_test.ClientCloseTest" name="test_client_close" time="0.003" /><testcase classname="tornado.test.web_test.SignedValueTest" name="test_expired" time="0.001" /><testcase classname="tornado.test.web_test.SignedValueTest" name="test_key_version_retrieval" time="0.000" /><testcase classname="tornado.test.web_test.SignedValueTest" name="test_key_versioning_invalid_key" time="0.000" /><testcase classname="tornado.test.web_test.SignedValueTest" name="test_key_versioning_read_write_default_key" time="0.000" /><testcase classname="tornado.test.web_test.SignedValueTest" name="test_key_versioning_read_write_non_default_key" time="0.000" /><testcase classname="tornado.test.web_test.SignedValueTest" name="test_known_values" time="0.001" /><testcase classname="tornado.test.web_test.SignedValueTest" name="test_name_swap" time="0.001" /><testcase classname="tornado.test.web_test.SignedValueTest" name="test_non_ascii" time="0.000" /><testcase classname="tornado.test.web_test.SignedValueTest" name="test_payload_tampering" time="0.000" /><testcase classname="tornado.test.web_test.SignedValueTest" name="test_signature_tampering" time="0.001" /><testcase classname="tornado.test.web_test.XSRFTest" name="test_cross_user" time="0.013" /><testcase classname="tornado.test.web_test.XSRFTest" name="test_distinct_tokens" time="0.019" /><testcase classname="tornado.test.web_test.XSRFTest" name="test_refresh_token" time="0.019" /><testcase classname="tornado.test.web_test.XSRFTest" name="test_versioning" time="0.022" /><testcase classname="tornado.test.web_test.XSRFTest" name="test_xsrf_fail_argument_invalid_format" time="0.006" /><testcase classname="tornado.test.web_test.XSRFTest" name="test_xsrf_fail_body_no_cookie" time="0.005" /><testcase classname="tornado.test.web_test.XSRFTest" name="test_xsrf_fail_cookie_invalid_format" time="0.005" /><testcase classname="tornado.test.web_test.XSRFTest" name="test_xsrf_fail_cookie_no_body" time="0.005" /><testcase classname="tornado.test.web_test.XSRFTest" name="test_xsrf_fail_no_token" time="0.005" /><testcase classname="tornado.test.web_test.XSRFTest" name="test_xsrf_success_header" time="0.005" /><testcase classname="tornado.test.web_test.XSRFTest" name="test_xsrf_success_non_hex_token" time="0.005" /><testcase classname="tornado.test.web_test.XSRFTest" name="test_xsrf_success_post_body" time="0.004" /><testcase classname="tornado.test.web_test.XSRFTest" name="test_xsrf_success_query_string" time="0.005" /><testcase classname="tornado.test.web_test.XSRFTest" name="test_xsrf_success_short_token" time="0.004" /><testcase classname="tornado.test.web_test.XSRFCookieNameTest" name="test_xsrf_fail_body_no_cookie" time="0.005" /><testcase classname="tornado.test.web_test.XSRFCookieNameTest" name="test_xsrf_fail_no_token" time="0.005" /><testcase classname="tornado.test.web_test.XSRFCookieNameTest" name="test_xsrf_success_post_body" time="0.005" /><testcase classname="tornado.test.web_test.XSRFCookieKwargsTest" name="test_xsrf_httponly" time="0.004" /><testcase classname="tornado.test.web_test.FinishExceptionTest" name="test_finish_exception" time="0.005" /><testcase classname="tornado.test.web_test.DecoratorTest" name="test_addslash" time="0.005" /><testcase classname="tornado.test.web_test.DecoratorTest" name="test_removeslash" time="0.005" /><testcase classname="tornado.test.web_test.CacheTest" name="test_multiple_strong_etag_match" time="0.003" /><testcase classname="tornado.test.web_test.CacheTest" name="test_multiple_strong_etag_not_match" time="0.003" /><testcase classname="tornado.test.web_test.CacheTest" name="test_multiple_weak_etag_match" time="0.003" /><testcase classname="tornado.test.web_test.CacheTest" name="test_multiple_weak_etag_not_match" time="0.003" /><testcase classname="tornado.test.web_test.CacheTest" name="test_strong_etag_match" time="0.003" /><testcase classname="tornado.test.web_test.CacheTest" name="test_strong_etag_not_match" time="0.003" /><testcase classname="tornado.test.web_test.CacheTest" name="test_weak_etag_match" time="0.003" /><testcase classname="tornado.test.web_test.CacheTest" name="test_weak_etag_not_match" time="0.003" /><testcase classname="tornado.test.web_test.CacheTest" name="test_wildcard_etag" time="0.003" /><testcase classname="tornado.test.web_test.RequestSummaryTest" name="test_missing_remote_ip" time="0.003" /><testcase classname="tornado.test.web_test.HTTPErrorTest" name="test_copy" time="0.001" /><testcase classname="tornado.test.web_test.ApplicationTest" name="test_listen" time="0.001" /><testcase classname="tornado.test.web_test.URLSpecReverseTest" name="test_non_reversible" time="0.001" /><testcase classname="tornado.test.web_test.URLSpecReverseTest" name="test_reverse" time="0.002" /><testcase classname="tornado.test.web_test.URLSpecReverseTest" name="test_reverse_arguments" time="0.002" /><testcase classname="tornado.test.web_test.RedirectHandlerTest" name="test_basic_redirect" time="0.004" /><testcase classname="tornado.test.web_test.RedirectHandlerTest" name="test_redirect_pattern" time="0.003" /><testcase classname="tornado.test.web_test.RedirectHandlerTest" name="test_redirect_with_appending_argument" time="0.003" /><testcase classname="tornado.test.web_test.RedirectHandlerTest" name="test_redirect_with_argument" time="0.004" /><testcase classname="tornado.test.web_test.AcceptLanguageTest" name="test_accept_language" time="0.005" /><testcase classname="tornado.test.web_test.AcceptLanguageTest" name="test_accept_language_ignore" time="0.003" /><testcase classname="tornado.test.web_test.AcceptLanguageTest" name="test_accept_language_invalid" time="0.004" /><testcase classname="tornado.test.websocket_test.WebSocketTest" name="test_async_prepare" time="0.008" /><testcase classname="tornado.test.websocket_test.WebSocketTest" name="test_bad_websocket_version" time="0.003" /><testcase classname="tornado.test.websocket_test.WebSocketTest" name="test_binary_message" time="0.004" /><testcase classname="tornado.test.websocket_test.WebSocketTest" name="test_check_origin_invalid" time="0.004" /><testcase classname="tornado.test.websocket_test.WebSocketTest" name="test_check_origin_invalid_partial_url" time="0.003" /><testcase classname="tornado.test.websocket_test.WebSocketTest" name="test_check_origin_invalid_subdomains" time="0.003" /><testcase classname="tornado.test.websocket_test.WebSocketTest" name="test_check_origin_valid_no_path" time="0.004" /><testcase classname="tornado.test.websocket_test.WebSocketTest" name="test_check_origin_valid_with_path" time="0.004" /><testcase classname="tornado.test.websocket_test.WebSocketTest" name="test_client_close_reason" time="0.003" /><testcase classname="tornado.test.websocket_test.WebSocketTest" name="test_coroutine" time="0.024" /><testcase classname="tornado.test.websocket_test.WebSocketTest" name="test_error_in_async_open" time="0.004" /><testcase classname="tornado.test.websocket_test.WebSocketTest" name="test_error_in_closed_client_write_message" time="0.003" /><testcase classname="tornado.test.websocket_test.WebSocketTest" name="test_error_in_on_message" time="0.004" /><testcase classname="tornado.test.websocket_test.WebSocketTest" name="test_error_in_open" time="0.003" /><testcase classname="tornado.test.websocket_test.WebSocketTest" name="test_http_request" time="0.003" /><testcase classname="tornado.test.websocket_test.WebSocketTest" name="test_missing_websocket_key" time="0.003" /><testcase classname="tornado.test.websocket_test.WebSocketTest" name="test_nodelay" time="0.003" /><testcase classname="tornado.test.websocket_test.WebSocketTest" name="test_open_coroutine" time="0.014" /><testcase classname="tornado.test.websocket_test.WebSocketTest" name="test_path_args" time="0.004" /><testcase classname="tornado.test.websocket_test.WebSocketTest" name="test_render_message" time="0.004" /><testcase classname="tornado.test.websocket_test.WebSocketTest" name="test_server_close_reason" time="0.004" /><testcase classname="tornado.test.websocket_test.WebSocketTest" name="test_subprotocols" time="0.004" /><testcase classname="tornado.test.websocket_test.WebSocketTest" name="test_subprotocols_not_offered" time="0.004" /><testcase classname="tornado.test.websocket_test.WebSocketTest" name="test_unicode_message" time="0.004" /><testcase classname="tornado.test.websocket_test.WebSocketTest" name="test_websocket_callbacks" time="0.004" /><testcase classname="tornado.test.websocket_test.WebSocketTest" name="test_websocket_close_buffered_data" time="0.003" /><testcase classname="tornado.test.websocket_test.WebSocketTest" name="test_websocket_gen" time="0.004" /><testcase classname="tornado.test.websocket_test.WebSocketTest" name="test_websocket_header_echo" time="0.003" /><testcase classname="tornado.test.websocket_test.WebSocketTest" name="test_websocket_headers" time="0.003" /><testcase classname="tornado.test.websocket_test.WebSocketTest" name="test_websocket_http_fail" time="0.003" /><testcase classname="tornado.test.websocket_test.WebSocketTest" name="test_websocket_http_redirect" time="0.003" /><testcase classname="tornado.test.websocket_test.WebSocketTest" name="test_websocket_http_success" time="0.003" /><testcase classname="tornado.test.websocket_test.WebSocketTest" name="test_websocket_network_fail" time="0.002" /><testcase classname="tornado.test.websocket_test.WebSocketTest" name="test_write_after_close" time="0.004" /><testcase classname="tornado.test.websocket_test.WebSocketNativeCoroutineTest" name="test_native_coroutine" time="0.025" /><testcase classname="tornado.test.websocket_test.CompressionTestMixin" name="test_message_sizes" time="0.000"><skipped type="pytest.skip" message="abstract base class">/home/snt-pedro/Snt/Ilane/tornado/.venv/lib/python3.12/site-packages/_pytest/unittest.py:523: abstract base class</skipped></testcase><testcase classname="tornado.test.websocket_test.CompressionTestMixin" name="test_size_limit" time="0.000"><skipped type="pytest.skip" message="abstract base class">/home/snt-pedro/Snt/Ilane/tornado/.venv/lib/python3.12/site-packages/_pytest/unittest.py:523: abstract base class</skipped></testcase><testcase classname="tornado.test.websocket_test.UncompressedTestMixin" name="test_message_sizes" time="0.000"><skipped type="pytest.skip" message="abstract base class">/home/snt-pedro/Snt/Ilane/tornado/.venv/lib/python3.12/site-packages/_pytest/unittest.py:523: abstract base class</skipped></testcase><testcase classname="tornado.test.websocket_test.UncompressedTestMixin" name="test_size_limit" time="0.000"><skipped type="pytest.skip" message="abstract base class">/home/snt-pedro/Snt/Ilane/tornado/.venv/lib/python3.12/site-packages/_pytest/unittest.py:523: abstract base class</skipped></testcase><testcase classname="tornado.test.websocket_test.NoCompressionTest" name="test_message_sizes" time="0.005" /><testcase classname="tornado.test.websocket_test.NoCompressionTest" name="test_size_limit" time="0.003" /><testcase classname="tornado.test.websocket_test.ServerOnlyCompressionTest" name="test_message_sizes" time="0.005" /><testcase classname="tornado.test.websocket_test.ServerOnlyCompressionTest" name="test_size_limit" time="0.004" /><testcase classname="tornado.test.websocket_test.ClientOnlyCompressionTest" name="test_message_sizes" time="0.004" /><testcase classname="tornado.test.websocket_test.ClientOnlyCompressionTest" name="test_size_limit" time="0.004" /><testcase classname="tornado.test.websocket_test.DefaultCompressionTest" name="test_message_sizes" time="0.005" /><testcase classname="tornado.test.websocket_test.DefaultCompressionTest" name="test_size_limit" time="0.004" /><testcase classname="tornado.test.websocket_test.MaskFunctionMixin" name="test_length_validation" time="0.001"><skipped type="pytest.skip" message="abstract base class">/home/snt-pedro/Snt/Ilane/tornado/.venv/lib/python3.12/site-packages/_pytest/unittest.py:523: abstract base class</skipped></testcase><testcase classname="tornado.test.websocket_test.MaskFunctionMixin" name="test_mask" time="0.000"><skipped type="pytest.skip" message="abstract base class">/home/snt-pedro/Snt/Ilane/tornado/.venv/lib/python3.12/site-packages/_pytest/unittest.py:523: abstract base class</skipped></testcase><testcase classname="tornado.test.websocket_test.PythonMaskFunctionTest" name="test_length_validation" time="0.002" /><testcase classname="tornado.test.websocket_test.PythonMaskFunctionTest" name="test_mask" time="0.001" /><testcase classname="tornado.test.websocket_test.CythonMaskFunctionTest" name="test_length_validation" time="0.001" /><testcase classname="tornado.test.websocket_test.CythonMaskFunctionTest" name="test_mask" time="0.000" /><testcase classname="tornado.test.websocket_test.ServerPeriodicPingTest" name="test_server_ping" time="0.057" /><testcase classname="tornado.test.websocket_test.ClientPeriodicPingTest" name="test_client_ping" time="0.047" /><testcase classname="tornado.test.websocket_test.ServerPingTimeoutTest" name="test_client_ping_timeout" time="1.308" /><testcase classname="tornado.test.websocket_test.PingCalculationTest" name="test_ping_sleep_time" time="0.001" /><testcase classname="tornado.test.websocket_test.ManualPingTest" name="test_manual_ping" time="0.092" /><testcase classname="tornado.test.websocket_test.MaxMessageSizeTest" name="test_large_message" time="0.004" /><testcase classname="tornado.test.wsgi_test.WSGIContainerDummyExecutorTest" name="test_concurrent_barrier" time="0.307" /><testcase classname="tornado.test.wsgi_test.WSGIContainerDummyExecutorTest" name="test_concurrent_streaming_barrier" time="0.306" /><testcase classname="tornado.test.wsgi_test.WSGIContainerDummyExecutorTest" name="test_simple" time="0.004" /><testcase classname="tornado.test.wsgi_test.WSGIContainerThreadPoolTest" name="test_concurrent_barrier" time="0.007" /><testcase classname="tornado.test.wsgi_test.WSGIContainerThreadPoolTest" name="test_concurrent_streaming_barrier" time="0.007" /><testcase classname="tornado.test.wsgi_test.WSGIContainerThreadPoolTest" name="test_simple" time="0.004" /></testsuite></testsuites>